INFO: [VRFC 10-2263] Analyzing SystemVerilog file "/home/vanloi/Documents/Loi_study/DATN/vivado_LSTM/LSTM_accelerator/LSTM_accelerator.srcs/sources_1/new/LSTM_Unit.sv" into library xil_defaultlib
INFO: [VRFC 10-311] analyzing module LSTM_Unit
INFO: [VRFC 10-2263] Analyzing SystemVerilog file "/home/vanloi/Documents/Loi_study/DATN/vivado_LSTM/LSTM_accelerator/LSTM_accelerator.srcs/sources_1/new/calculate_cell.sv" into library xil_defaultlib
INFO: [VRFC 10-311] analyzing module calculate_cell
INFO: [VRFC 10-2263] Analyzing SystemVerilog file "/home/vanloi/Documents/Loi_study/DATN/vivado_LSTM/LSTM_accelerator/LSTM_accelerator.srcs/sources_1/new/calculate_output.sv" into library xil_defaultlib
INFO: [VRFC 10-311] analyzing module calculate_output
INFO: [VRFC 10-2263] Analyzing SystemVerilog file "/home/vanloi/Documents/Loi_study/DATN/vivado_LSTM/LSTM_accelerator/LSTM_accelerator.srcs/sources_1/new/calculate_recurrent.sv" into library xil_defaultlib
INFO: [VRFC 10-311] analyzing module calculate_recurrent
INFO: [VRFC 10-2263] Analyzing SystemVerilog file "/home/vanloi/Documents/Loi_study/DATN/vivado_LSTM/LSTM_accelerator/LSTM_accelerator.srcs/sources_1/new/calculate_weights_input.sv" into library xil_defaultlib
INFO: [VRFC 10-311] analyzing module calculate_weights_input
INFO: [VRFC 10-2263] Analyzing SystemVerilog file "/home/vanloi/Documents/Loi_study/DATN/vivado_LSTM/LSTM_accelerator/LSTM_accelerator.srcs/sources_1/new/lstm_layer.sv" into library xil_defaultlib
INFO: [VRFC 10-311] analyzing module lstm_layer
INFO: [VRFC 10-2263] Analyzing SystemVerilog file "/home/vanloi/Documents/Loi_study/DATN/vivado_LSTM/LSTM_accelerator/LSTM_accelerator.srcs/sources_1/new/operation_controller.sv" into library xil_defaultlib
INFO: [VRFC 10-311] analyzing module operation_controller
INFO: [VRFC 10-2263] Analyzing SystemVerilog file "/home/vanloi/Documents/Loi_study/DATN/vivado_LSTM/LSTM_accelerator/LSTM_accelerator.srcs/sources_1/new/sigmoid.sv" into library xil_defaultlib
INFO: [VRFC 10-311] analyzing module sigmoid
INFO: [VRFC 10-2263] Analyzing SystemVerilog file "/home/vanloi/Documents/Loi_study/DATN/vivado_LSTM/LSTM_accelerator/LSTM_accelerator.srcs/sources_1/new/tanh.sv" into library xil_defaultlib
INFO: [VRFC 10-311] analyzing module tanh
INFO: [VRFC 10-2263] Analyzing SystemVerilog file "/home/vanloi/Documents/Loi_study/DATN/vivado_LSTM/LSTM_accelerator/LSTM_accelerator.srcs/sources_1/new/tanh_16b.sv" into library xil_defaultlib
INFO: [VRFC 10-311] analyzing module tanh_16b
INFO: [VRFC 10-2263] Analyzing SystemVerilog file "/home/vanloi/Documents/Loi_study/DATN/vivado_LSTM/LSTM_accelerator/LSTM_accelerator.srcs/operation_controller/new/tb_operation_controller.sv" into library xil_defaultlib
INFO: [VRFC 10-311] analyzing module tb_operation_controller
