Vivado Simulator v2023.1
Copyright 1986-2022 Xilinx, Inc. All Rights Reserved.
Copyright 2022-2023 Advanced Micro Devices, Inc. All Rights Reserved.
Running: /home/vanloi/Documents/Loi_study/Vivado/Vivado/2023.1/bin/unwrapped/lnx64.o/xelab --incr --debug typical --relax --mt 8 -L xil_defaultlib -L uvm -L unisims_ver -L unimacro_ver -L secureip --snapshot tb_accelerator_real_data_behav xil_defaultlib.tb_accelerator_real_data xil_defaultlib.glbl -log elaborate.log 
Using 8 slave threads.
Starting static elaboration
Pass Through NonSizing Optimizer
Completed static elaboration
Starting simulation data flow analysis
WARNING: [XSIM 43-4468] File : /home/vanloi/Documents/Loi_study/DATN/vivado_LSTM/lstm_accelerator/lstm_accelerator.srcs/sim_1/new/tb_accelerator_real_data.sv, Line : 22, RANDC variable size more than 8 bits. This will be treated as a RAND variable instead.
WARNING: [XSIM 43-4468] File : /home/vanloi/Documents/Loi_study/DATN/vivado_LSTM/lstm_accelerator/lstm_accelerator.srcs/sim_1/new/tb_accelerator_real_data.sv, Line : 27, RANDC variable size more than 8 bits. This will be treated as a RAND variable instead.
WARNING: [XSIM 43-4468] File : /home/vanloi/Documents/Loi_study/DATN/vivado_LSTM/lstm_accelerator/lstm_accelerator.srcs/sim_1/new/tb_accelerator_real_data.sv, Line : 32, RANDC variable size more than 8 bits. This will be treated as a RAND variable instead.
WARNING: [XSIM 43-4468] File : /home/vanloi/Documents/Loi_study/DATN/vivado_LSTM/lstm_accelerator/lstm_accelerator.srcs/sim_1/new/tb_accelerator_real_data.sv, Line : 37, RANDC variable size more than 8 bits. This will be treated as a RAND variable instead.
Completed simulation data flow analysis
Time Resolution for simulation is 1ps
Compiling package xil_defaultlib.$unit_MAC_sv_3305401855
Compiling module xil_defaultlib.MAC_default
Compiling module xil_defaultlib.tanh_appr(OUT_BITWIDTH=32,IN_BIT...
Compiling module xil_defaultlib.sigmoid_appro(OUT_BITWIDTH=32,IN...
Compiling module xil_defaultlib.quantization_lstm
Compiling module xil_defaultlib.quantization_fc
Compiling module xil_defaultlib.lstm_unit_default
Compiling module xil_defaultlib.controller_default
Compiling module xil_defaultlib.tb_accelerator_real_data
WARNING: [XSIM 43-3373] "/home/vanloi/Documents/Loi_study/DATN/vivado_LSTM/lstm_accelerator/lstm_accelerator.srcs/sim_1/new/tb_accelerator_real_data.sv" Line 297. System function $fscanf is used as system task. This system function should have a LHS e.g. x=$fscanf().
WARNING: [XSIM 43-3373] "/home/vanloi/Documents/Loi_study/DATN/vivado_LSTM/lstm_accelerator/lstm_accelerator.srcs/sim_1/new/tb_accelerator_real_data.sv" Line 298. System function $fscanf is used as system task. This system function should have a LHS e.g. x=$fscanf().
WARNING: [XSIM 43-3373] "/home/vanloi/Documents/Loi_study/DATN/vivado_LSTM/lstm_accelerator/lstm_accelerator.srcs/sim_1/new/tb_accelerator_real_data.sv" Line 299. System function $fscanf is used as system task. This system function should have a LHS e.g. x=$fscanf().
WARNING: [XSIM 43-3373] "/home/vanloi/Documents/Loi_study/DATN/vivado_LSTM/lstm_accelerator/lstm_accelerator.srcs/sim_1/new/tb_accelerator_real_data.sv" Line 302. System function $fscanf is used as system task. This system function should have a LHS e.g. x=$fscanf().
WARNING: [XSIM 43-3373] "/home/vanloi/Documents/Loi_study/DATN/vivado_LSTM/lstm_accelerator/lstm_accelerator.srcs/sim_1/new/tb_accelerator_real_data.sv" Line 303. System function $fscanf is used as system task. This system function should have a LHS e.g. x=$fscanf().
WARNING: [XSIM 43-3373] "/home/vanloi/Documents/Loi_study/DATN/vivado_LSTM/lstm_accelerator/lstm_accelerator.srcs/sim_1/new/tb_accelerator_real_data.sv" Line 304. System function $fscanf is used as system task. This system function should have a LHS e.g. x=$fscanf().
WARNING: [XSIM 43-3373] "/home/vanloi/Documents/Loi_study/DATN/vivado_LSTM/lstm_accelerator/lstm_accelerator.srcs/sim_1/new/tb_accelerator_real_data.sv" Line 307. System function $fscanf is used as system task. This system function should have a LHS e.g. x=$fscanf().
WARNING: [XSIM 43-3373] "/home/vanloi/Documents/Loi_study/DATN/vivado_LSTM/lstm_accelerator/lstm_accelerator.srcs/sim_1/new/tb_accelerator_real_data.sv" Line 308. System function $fscanf is used as system task. This system function should have a LHS e.g. x=$fscanf().
WARNING: [XSIM 43-3373] "/home/vanloi/Documents/Loi_study/DATN/vivado_LSTM/lstm_accelerator/lstm_accelerator.srcs/sim_1/new/tb_accelerator_real_data.sv" Line 309. System function $fscanf is used as system task. This system function should have a LHS e.g. x=$fscanf().
WARNING: [XSIM 43-3373] "/home/vanloi/Documents/Loi_study/DATN/vivado_LSTM/lstm_accelerator/lstm_accelerator.srcs/sim_1/new/tb_accelerator_real_data.sv" Line 312. System function $fscanf is used as system task. This system function should have a LHS e.g. x=$fscanf().
WARNING: [XSIM 43-3373] "/home/vanloi/Documents/Loi_study/DATN/vivado_LSTM/lstm_accelerator/lstm_accelerator.srcs/sim_1/new/tb_accelerator_real_data.sv" Line 313. System function $fscanf is used as system task. This system function should have a LHS e.g. x=$fscanf().
WARNING: [XSIM 43-3373] "/home/vanloi/Documents/Loi_study/DATN/vivado_LSTM/lstm_accelerator/lstm_accelerator.srcs/sim_1/new/tb_accelerator_real_data.sv" Line 314. System function $fscanf is used as system task. This system function should have a LHS e.g. x=$fscanf().
WARNING: [XSIM 43-3373] "/home/vanloi/Documents/Loi_study/DATN/vivado_LSTM/lstm_accelerator/lstm_accelerator.srcs/sim_1/new/tb_accelerator_real_data.sv" Line 328. System function $fscanf is used as system task. This system function should have a LHS e.g. x=$fscanf().
WARNING: [XSIM 43-3373] "/home/vanloi/Documents/Loi_study/DATN/vivado_LSTM/lstm_accelerator/lstm_accelerator.srcs/sim_1/new/tb_accelerator_real_data.sv" Line 330. System function $fscanf is used as system task. This system function should have a LHS e.g. x=$fscanf().
WARNING: [XSIM 43-3373] "/home/vanloi/Documents/Loi_study/DATN/vivado_LSTM/lstm_accelerator/lstm_accelerator.srcs/sim_1/new/tb_accelerator_real_data.sv" Line 331. System function $fscanf is used as system task. This system function should have a LHS e.g. x=$fscanf().
WARNING: [XSIM 43-3373] "/home/vanloi/Documents/Loi_study/DATN/vivado_LSTM/lstm_accelerator/lstm_accelerator.srcs/sim_1/new/tb_accelerator_real_data.sv" Line 338. System function $fscanf is used as system task. This system function should have a LHS e.g. x=$fscanf().
WARNING: [XSIM 43-3373] "/home/vanloi/Documents/Loi_study/DATN/vivado_LSTM/lstm_accelerator/lstm_accelerator.srcs/sim_1/new/tb_accelerator_real_data.sv" Line 340. System function $fscanf is used as system task. This system function should have a LHS e.g. x=$fscanf().
WARNING: [XSIM 43-3373] "/home/vanloi/Documents/Loi_study/DATN/vivado_LSTM/lstm_accelerator/lstm_accelerator.srcs/sim_1/new/tb_accelerator_real_data.sv" Line 341. System function $fscanf is used as system task. This system function should have a LHS e.g. x=$fscanf().
WARNING: [XSIM 43-3373] "/home/vanloi/Documents/Loi_study/DATN/vivado_LSTM/lstm_accelerator/lstm_accelerator.srcs/sim_1/new/tb_accelerator_real_data.sv" Line 348. System function $fscanf is used as system task. This system function should have a LHS e.g. x=$fscanf().
WARNING: [XSIM 43-3373] "/home/vanloi/Documents/Loi_study/DATN/vivado_LSTM/lstm_accelerator/lstm_accelerator.srcs/sim_1/new/tb_accelerator_real_data.sv" Line 350. System function $fscanf is used as system task. This system function should have a LHS e.g. x=$fscanf().
WARNING: [XSIM 43-3373] "/home/vanloi/Documents/Loi_study/DATN/vivado_LSTM/lstm_accelerator/lstm_accelerator.srcs/sim_1/new/tb_accelerator_real_data.sv" Line 351. System function $fscanf is used as system task. This system function should have a LHS e.g. x=$fscanf().
WARNING: [XSIM 43-3373] "/home/vanloi/Documents/Loi_study/DATN/vivado_LSTM/lstm_accelerator/lstm_accelerator.srcs/sim_1/new/tb_accelerator_real_data.sv" Line 358. System function $fscanf is used as system task. This system function should have a LHS e.g. x=$fscanf().
WARNING: [XSIM 43-3373] "/home/vanloi/Documents/Loi_study/DATN/vivado_LSTM/lstm_accelerator/lstm_accelerator.srcs/sim_1/new/tb_accelerator_real_data.sv" Line 360. System function $fscanf is used as system task. This system function should have a LHS e.g. x=$fscanf().
WARNING: [XSIM 43-3373] "/home/vanloi/Documents/Loi_study/DATN/vivado_LSTM/lstm_accelerator/lstm_accelerator.srcs/sim_1/new/tb_accelerator_real_data.sv" Line 361. System function $fscanf is used as system task. This system function should have a LHS e.g. x=$fscanf().
WARNING: [XSIM 43-3373] "/home/vanloi/Documents/Loi_study/DATN/vivado_LSTM/lstm_accelerator/lstm_accelerator.srcs/sim_1/new/tb_accelerator_real_data.sv" Line 377. System function $fscanf is used as system task. This system function should have a LHS e.g. x=$fscanf().
WARNING: [XSIM 43-3373] "/home/vanloi/Documents/Loi_study/DATN/vivado_LSTM/lstm_accelerator/lstm_accelerator.srcs/sim_1/new/tb_accelerator_real_data.sv" Line 378. System function $fscanf is used as system task. This system function should have a LHS e.g. x=$fscanf().
WARNING: [XSIM 43-3373] "/home/vanloi/Documents/Loi_study/DATN/vivado_LSTM/lstm_accelerator/lstm_accelerator.srcs/sim_1/new/tb_accelerator_real_data.sv" Line 379. System function $fscanf is used as system task. This system function should have a LHS e.g. x=$fscanf().
WARNING: [XSIM 43-3373] "/home/vanloi/Documents/Loi_study/DATN/vivado_LSTM/lstm_accelerator/lstm_accelerator.srcs/sim_1/new/tb_accelerator_real_data.sv" Line 380. System function $fscanf is used as system task. This system function should have a LHS e.g. x=$fscanf().
WARNING: [XSIM 43-3373] "/home/vanloi/Documents/Loi_study/DATN/vivado_LSTM/lstm_accelerator/lstm_accelerator.srcs/sim_1/new/tb_accelerator_real_data.sv" Line 390. System function $fscanf is used as system task. This system function should have a LHS e.g. x=$fscanf().
WARNING: [XSIM 43-3373] "/home/vanloi/Documents/Loi_study/DATN/vivado_LSTM/lstm_accelerator/lstm_accelerator.srcs/sim_1/new/tb_accelerator_real_data.sv" Line 391. System function $fscanf is used as system task. This system function should have a LHS e.g. x=$fscanf().
WARNING: [XSIM 43-3373] "/home/vanloi/Documents/Loi_study/DATN/vivado_LSTM/lstm_accelerator/lstm_accelerator.srcs/sim_1/new/tb_accelerator_real_data.sv" Line 394. System function $fscanf is used as system task. This system function should have a LHS e.g. x=$fscanf().
WARNING: [XSIM 43-3373] "/home/vanloi/Documents/Loi_study/DATN/vivado_LSTM/lstm_accelerator/lstm_accelerator.srcs/sim_1/new/tb_accelerator_real_data.sv" Line 399. System function $fscanf is used as system task. This system function should have a LHS e.g. x=$fscanf().
Compiling module xil_defaultlib.glbl
Built simulation snapshot tb_accelerator_real_data_behav
