Time resolution is 1 ps
At time =                    0, output = [xxxxxxxx, xxxxxxxx, xxxxxxxx, xxxxxxxx, xxxxxxxx, xxxxxxxx, xxxxxxxx, xxxxxxxx, xxxxxxxx, xxxxxxxx]
At time =                 4000, enable = 0
At time =                 5000, output = [xxxxxxxx, xxxxxxxx, xxxxxxxx, xxxxxxxx, xxxxxxxx, xxxxxxxx, xxxxxxxx, xxxxxxxx, xxxxxxxx, xxxxxxxx]
At time =                10000, output = [xxxxxxxx, xxxxxxxx, xxxxxxxx, xxxxxxxx, xxxxxxxx, xxxxxxxx, xxxxxxxx, xxxxxxxx, xxxxxxxx, xxxxxxxx]
At time =                15000, output = [xxxxxxxx, xxxxxxxx, xxxxxxxx, xxxxxxxx, xxxxxxxx, xxxxxxxx, xxxxxxxx, xxxxxxxx, xxxxxxxx, xxxxxxxx]
At time =                20000, output = [xxxxxxxx, xxxxxxxx, xxxxxxxx, xxxxxxxx, xxxxxxxx, xxxxxxxx, xxxxxxxx, xxxxxxxx, xxxxxxxx, xxxxxxxx]
At time =                25000, output = [xxxxxxxx, xxxxxxxx, xxxxxxxx, xxxxxxxx, xxxxxxxx, xxxxxxxx, xxxxxxxx, xxxxxxxx, xxxxxxxx, xxxxxxxx]
At time =                30000, output = [xxxxxxxx, xxxxxxxx, xxxxxxxx, xxxxxxxx, xxxxxxxx, xxxxxxxx, xxxxxxxx, xxxxxxxx, xxxxxxxx, xxxxxxxx]
Vector input = [1, 4, 7, a, d, 10, 13, 16, 19, 1c]
Vector bias = [abcd0123, abcd0133, abcd0143, abcd0153, abcd0163, abcd0173, abcd0183, abcd0193, abcd01a3, abcd01b3]
Vector Weight 0 = [0, 1, 2, 3, 4, 5, 6, 7, 8, 9]
At time =                33000, enable = 0
At time =                35000, output = [abcd04a7, abcd0a61, abcd101b, abcd15d5, abcd1b8f, abcd2149, abcd2703, abcd2cbd, abcd3277, abcd3831]
At time =                40000, output = [abcd04a7, abcd0a61, abcd101b, abcd15d5, abcd1b8f, abcd2149, abcd2703, abcd2cbd, abcd3277, abcd3831]
At time =                45000, output = [abcd04a7, abcd0a61, abcd101b, abcd15d5, abcd1b8f, abcd2149, abcd2703, abcd2cbd, abcd3277, abcd3831]
At time =                50000, output = [abcd04a7, abcd0a61, abcd101b, abcd15d5, abcd1b8f, abcd2149, abcd2703, abcd2cbd, abcd3277, abcd3831]
At time =                55000, output = [abcd04a7, abcd0a61, abcd101b, abcd15d5, abcd1b8f, abcd2149, abcd2703, abcd2cbd, abcd3277, abcd3831]
At time =                60000, output = [abcd04a7, abcd0a61, abcd101b, abcd15d5, abcd1b8f, abcd2149, abcd2703, abcd2cbd, abcd3277, abcd3831]
At time =                65000, output = [abcd04a7, abcd0a61, abcd101b, abcd15d5, abcd1b8f, abcd2149, abcd2703, abcd2cbd, abcd3277, abcd3831]
At time =                70000, output = [abcd04a7, abcd0a61, abcd101b, abcd15d5, abcd1b8f, abcd2149, abcd2703, abcd2cbd, abcd3277, abcd3831]
At time =                75000, output = [abcd04a7, abcd0a61, abcd101b, abcd15d5, abcd1b8f, abcd2149, abcd2703, abcd2cbd, abcd3277, abcd3831]
At time =                80000, output = [abcd04a7, abcd0a61, abcd101b, abcd15d5, abcd1b8f, abcd2149, abcd2703, abcd2cbd, abcd3277, abcd3831]
At time =                85000, output = [abcd04a7, abcd0a61, abcd101b, abcd15d5, abcd1b8f, abcd2149, abcd2703, abcd2cbd, abcd3277, abcd3831]
At time =                90000, output = [abcd04a7, abcd0a61, abcd101b, abcd15d5, abcd1b8f, abcd2149, abcd2703, abcd2cbd, abcd3277, abcd3831]
At time =                95000, output = [abcd04a7, abcd0a61, abcd101b, abcd15d5, abcd1b8f, abcd2149, abcd2703, abcd2cbd, abcd3277, abcd3831]
At time =               100000, output = [abcd04a7, abcd0a61, abcd101b, abcd15d5, abcd1b8f, abcd2149, abcd2703, abcd2cbd, abcd3277, abcd3831]
At time =               105000, output = [abcd04a7, abcd0a61, abcd101b, abcd15d5, abcd1b8f, abcd2149, abcd2703, abcd2cbd, abcd3277, abcd3831]
At time =               110000, output = [abcd04a7, abcd0a61, abcd101b, abcd15d5, abcd1b8f, abcd2149, abcd2703, abcd2cbd, abcd3277, abcd3831]
At time =               115000, output = [abcd04a7, abcd0a61, abcd101b, abcd15d5, abcd1b8f, abcd2149, abcd2703, abcd2cbd, abcd3277, abcd3831]
At time =               120000, output = [abcd04a7, abcd0a61, abcd101b, abcd15d5, abcd1b8f, abcd2149, abcd2703, abcd2cbd, abcd3277, abcd3831]
At time =               125000, output = [abcd04a7, abcd0a61, abcd101b, abcd15d5, abcd1b8f, abcd2149, abcd2703, abcd2cbd, abcd3277, abcd3831]
At time =               130000, output = [abcd04a7, abcd0a61, abcd101b, abcd15d5, abcd1b8f, abcd2149, abcd2703, abcd2cbd, abcd3277, abcd3831]
At time =               135000, output = [abcd04a7, abcd0a61, abcd101b, abcd15d5, abcd1b8f, abcd2149, abcd2703, abcd2cbd, abcd3277, abcd3831]
At time =               140000, output = [abcd04a7, abcd0a61, abcd101b, abcd15d5, abcd1b8f, abcd2149, abcd2703, abcd2cbd, abcd3277, abcd3831]
At time =               145000, output = [abcd04a7, abcd0a61, abcd101b, abcd15d5, abcd1b8f, abcd2149, abcd2703, abcd2cbd, abcd3277, abcd3831]
At time =               150000, output = [abcd04a7, abcd0a61, abcd101b, abcd15d5, abcd1b8f, abcd2149, abcd2703, abcd2cbd, abcd3277, abcd3831]
At time =               155000, output = [abcd04a7, abcd0a61, abcd101b, abcd15d5, abcd1b8f, abcd2149, abcd2703, abcd2cbd, abcd3277, abcd3831]
At time =               160000, output = [abcd04a7, abcd0a61, abcd101b, abcd15d5, abcd1b8f, abcd2149, abcd2703, abcd2cbd, abcd3277, abcd3831]
At time =               165000, output = [abcd04a7, abcd0a61, abcd101b, abcd15d5, abcd1b8f, abcd2149, abcd2703, abcd2cbd, abcd3277, abcd3831]
At time =               170000, output = [abcd04a7, abcd0a61, abcd101b, abcd15d5, abcd1b8f, abcd2149, abcd2703, abcd2cbd, abcd3277, abcd3831]
At time =               175000, output = [abcd04a7, abcd0a61, abcd101b, abcd15d5, abcd1b8f, abcd2149, abcd2703, abcd2cbd, abcd3277, abcd3831]
At time =               180000, output = [abcd04a7, abcd0a61, abcd101b, abcd15d5, abcd1b8f, abcd2149, abcd2703, abcd2cbd, abcd3277, abcd3831]
At time =               185000, output = [abcd04a7, abcd0a61, abcd101b, abcd15d5, abcd1b8f, abcd2149, abcd2703, abcd2cbd, abcd3277, abcd3831]
At time =               190000, output = [abcd04a7, abcd0a61, abcd101b, abcd15d5, abcd1b8f, abcd2149, abcd2703, abcd2cbd, abcd3277, abcd3831]
At time =               195000, output = [abcd04a7, abcd0a61, abcd101b, abcd15d5, abcd1b8f, abcd2149, abcd2703, abcd2cbd, abcd3277, abcd3831]
At time =               200000, output = [abcd04a7, abcd0a61, abcd101b, abcd15d5, abcd1b8f, abcd2149, abcd2703, abcd2cbd, abcd3277, abcd3831]
At time =               205000, output = [abcd04a7, abcd0a61, abcd101b, abcd15d5, abcd1b8f, abcd2149, abcd2703, abcd2cbd, abcd3277, abcd3831]
At time =               210000, output = [abcd04a7, abcd0a61, abcd101b, abcd15d5, abcd1b8f, abcd2149, abcd2703, abcd2cbd, abcd3277, abcd3831]
At time =               215000, output = [abcd04a7, abcd0a61, abcd101b, abcd15d5, abcd1b8f, abcd2149, abcd2703, abcd2cbd, abcd3277, abcd3831]
At time =               220000, output = [abcd04a7, abcd0a61, abcd101b, abcd15d5, abcd1b8f, abcd2149, abcd2703, abcd2cbd, abcd3277, abcd3831]
At time =               225000, output = [abcd04a7, abcd0a61, abcd101b, abcd15d5, abcd1b8f, abcd2149, abcd2703, abcd2cbd, abcd3277, abcd3831]
At time =               230000, output = [abcd04a7, abcd0a61, abcd101b, abcd15d5, abcd1b8f, abcd2149, abcd2703, abcd2cbd, abcd3277, abcd3831]
At time =               235000, output = [abcd04a7, abcd0a61, abcd101b, abcd15d5, abcd1b8f, abcd2149, abcd2703, abcd2cbd, abcd3277, abcd3831]
At time =               240000, output = [abcd04a7, abcd0a61, abcd101b, abcd15d5, abcd1b8f, abcd2149, abcd2703, abcd2cbd, abcd3277, abcd3831]
At time =               245000, output = [abcd04a7, abcd0a61, abcd101b, abcd15d5, abcd1b8f, abcd2149, abcd2703, abcd2cbd, abcd3277, abcd3831]
At time =               250000, output = [abcd04a7, abcd0a61, abcd101b, abcd15d5, abcd1b8f, abcd2149, abcd2703, abcd2cbd, abcd3277, abcd3831]
At time =               255000, output = [abcd04a7, abcd0a61, abcd101b, abcd15d5, abcd1b8f, abcd2149, abcd2703, abcd2cbd, abcd3277, abcd3831]
At time =               260000, output = [abcd04a7, abcd0a61, abcd101b, abcd15d5, abcd1b8f, abcd2149, abcd2703, abcd2cbd, abcd3277, abcd3831]
At time =               265000, output = [abcd04a7, abcd0a61, abcd101b, abcd15d5, abcd1b8f, abcd2149, abcd2703, abcd2cbd, abcd3277, abcd3831]
At time =               270000, output = [abcd04a7, abcd0a61, abcd101b, abcd15d5, abcd1b8f, abcd2149, abcd2703, abcd2cbd, abcd3277, abcd3831]
At time =               275000, output = [abcd04a7, abcd0a61, abcd101b, abcd15d5, abcd1b8f, abcd2149, abcd2703, abcd2cbd, abcd3277, abcd3831]
At time =               280000, output = [abcd04a7, abcd0a61, abcd101b, abcd15d5, abcd1b8f, abcd2149, abcd2703, abcd2cbd, abcd3277, abcd3831]
At time =               285000, output = [abcd04a7, abcd0a61, abcd101b, abcd15d5, abcd1b8f, abcd2149, abcd2703, abcd2cbd, abcd3277, abcd3831]
At time =               290000, output = [abcd04a7, abcd0a61, abcd101b, abcd15d5, abcd1b8f, abcd2149, abcd2703, abcd2cbd, abcd3277, abcd3831]
At time =               295000, output = [abcd04a7, abcd0a61, abcd101b, abcd15d5, abcd1b8f, abcd2149, abcd2703, abcd2cbd, abcd3277, abcd3831]
At time =               300000, output = [abcd04a7, abcd0a61, abcd101b, abcd15d5, abcd1b8f, abcd2149, abcd2703, abcd2cbd, abcd3277, abcd3831]
At time =               305000, output = [abcd04a7, abcd0a61, abcd101b, abcd15d5, abcd1b8f, abcd2149, abcd2703, abcd2cbd, abcd3277, abcd3831]
At time =               310000, output = [abcd04a7, abcd0a61, abcd101b, abcd15d5, abcd1b8f, abcd2149, abcd2703, abcd2cbd, abcd3277, abcd3831]
At time =               315000, output = [abcd04a7, abcd0a61, abcd101b, abcd15d5, abcd1b8f, abcd2149, abcd2703, abcd2cbd, abcd3277, abcd3831]
At time =               320000, output = [abcd04a7, abcd0a61, abcd101b, abcd15d5, abcd1b8f, abcd2149, abcd2703, abcd2cbd, abcd3277, abcd3831]
At time =               325000, output = [abcd04a7, abcd0a61, abcd101b, abcd15d5, abcd1b8f, abcd2149, abcd2703, abcd2cbd, abcd3277, abcd3831]
At time =               330000, output = [abcd04a7, abcd0a61, abcd101b, abcd15d5, abcd1b8f, abcd2149, abcd2703, abcd2cbd, abcd3277, abcd3831]
At time =               335000, output = [abcd04a7, abcd0a61, abcd101b, abcd15d5, abcd1b8f, abcd2149, abcd2703, abcd2cbd, abcd3277, abcd3831]
At time =               340000, output = [abcd04a7, abcd0a61, abcd101b, abcd15d5, abcd1b8f, abcd2149, abcd2703, abcd2cbd, abcd3277, abcd3831]
At time =               345000, output = [abcd04a7, abcd0a61, abcd101b, abcd15d5, abcd1b8f, abcd2149, abcd2703, abcd2cbd, abcd3277, abcd3831]
At time =               350000, output = [abcd04a7, abcd0a61, abcd101b, abcd15d5, abcd1b8f, abcd2149, abcd2703, abcd2cbd, abcd3277, abcd3831]
At time =               355000, output = [abcd04a7, abcd0a61, abcd101b, abcd15d5, abcd1b8f, abcd2149, abcd2703, abcd2cbd, abcd3277, abcd3831]
At time =               360000, output = [abcd04a7, abcd0a61, abcd101b, abcd15d5, abcd1b8f, abcd2149, abcd2703, abcd2cbd, abcd3277, abcd3831]
At time =               365000, output = [abcd04a7, abcd0a61, abcd101b, abcd15d5, abcd1b8f, abcd2149, abcd2703, abcd2cbd, abcd3277, abcd3831]
At time =               370000, output = [abcd04a7, abcd0a61, abcd101b, abcd15d5, abcd1b8f, abcd2149, abcd2703, abcd2cbd, abcd3277, abcd3831]
At time =               375000, output = [abcd04a7, abcd0a61, abcd101b, abcd15d5, abcd1b8f, abcd2149, abcd2703, abcd2cbd, abcd3277, abcd3831]
At time =               380000, output = [abcd04a7, abcd0a61, abcd101b, abcd15d5, abcd1b8f, abcd2149, abcd2703, abcd2cbd, abcd3277, abcd3831]
At time =               385000, output = [abcd04a7, abcd0a61, abcd101b, abcd15d5, abcd1b8f, abcd2149, abcd2703, abcd2cbd, abcd3277, abcd3831]
At time =               390000, output = [abcd04a7, abcd0a61, abcd101b, abcd15d5, abcd1b8f, abcd2149, abcd2703, abcd2cbd, abcd3277, abcd3831]
At time =               395000, output = [abcd04a7, abcd0a61, abcd101b, abcd15d5, abcd1b8f, abcd2149, abcd2703, abcd2cbd, abcd3277, abcd3831]
At time =               400000, output = [abcd04a7, abcd0a61, abcd101b, abcd15d5, abcd1b8f, abcd2149, abcd2703, abcd2cbd, abcd3277, abcd3831]
At time =               405000, output = [abcd04a7, abcd0a61, abcd101b, abcd15d5, abcd1b8f, abcd2149, abcd2703, abcd2cbd, abcd3277, abcd3831]
At time =               410000, output = [abcd04a7, abcd0a61, abcd101b, abcd15d5, abcd1b8f, abcd2149, abcd2703, abcd2cbd, abcd3277, abcd3831]
At time =               415000, output = [abcd04a7, abcd0a61, abcd101b, abcd15d5, abcd1b8f, abcd2149, abcd2703, abcd2cbd, abcd3277, abcd3831]
At time =               420000, output = [abcd04a7, abcd0a61, abcd101b, abcd15d5, abcd1b8f, abcd2149, abcd2703, abcd2cbd, abcd3277, abcd3831]
At time =               425000, output = [abcd04a7, abcd0a61, abcd101b, abcd15d5, abcd1b8f, abcd2149, abcd2703, abcd2cbd, abcd3277, abcd3831]
At time =               430000, output = [abcd04a7, abcd0a61, abcd101b, abcd15d5, abcd1b8f, abcd2149, abcd2703, abcd2cbd, abcd3277, abcd3831]
At time =               435000, output = [abcd04a7, abcd0a61, abcd101b, abcd15d5, abcd1b8f, abcd2149, abcd2703, abcd2cbd, abcd3277, abcd3831]
At time =               440000, output = [abcd04a7, abcd0a61, abcd101b, abcd15d5, abcd1b8f, abcd2149, abcd2703, abcd2cbd, abcd3277, abcd3831]
At time =               445000, output = [abcd04a7, abcd0a61, abcd101b, abcd15d5, abcd1b8f, abcd2149, abcd2703, abcd2cbd, abcd3277, abcd3831]
At time =               450000, output = [abcd04a7, abcd0a61, abcd101b, abcd15d5, abcd1b8f, abcd2149, abcd2703, abcd2cbd, abcd3277, abcd3831]
At time =               455000, output = [abcd04a7, abcd0a61, abcd101b, abcd15d5, abcd1b8f, abcd2149, abcd2703, abcd2cbd, abcd3277, abcd3831]
At time =               460000, output = [abcd04a7, abcd0a61, abcd101b, abcd15d5, abcd1b8f, abcd2149, abcd2703, abcd2cbd, abcd3277, abcd3831]
At time =               465000, output = [abcd04a7, abcd0a61, abcd101b, abcd15d5, abcd1b8f, abcd2149, abcd2703, abcd2cbd, abcd3277, abcd3831]
At time =               470000, output = [abcd04a7, abcd0a61, abcd101b, abcd15d5, abcd1b8f, abcd2149, abcd2703, abcd2cbd, abcd3277, abcd3831]
At time =               475000, output = [abcd04a7, abcd0a61, abcd101b, abcd15d5, abcd1b8f, abcd2149, abcd2703, abcd2cbd, abcd3277, abcd3831]
At time =               480000, output = [abcd04a7, abcd0a61, abcd101b, abcd15d5, abcd1b8f, abcd2149, abcd2703, abcd2cbd, abcd3277, abcd3831]
At time =               485000, output = [abcd04a7, abcd0a61, abcd101b, abcd15d5, abcd1b8f, abcd2149, abcd2703, abcd2cbd, abcd3277, abcd3831]
At time =               490000, output = [abcd04a7, abcd0a61, abcd101b, abcd15d5, abcd1b8f, abcd2149, abcd2703, abcd2cbd, abcd3277, abcd3831]
At time =               495000, output = [abcd04a7, abcd0a61, abcd101b, abcd15d5, abcd1b8f, abcd2149, abcd2703, abcd2cbd, abcd3277, abcd3831]
At time =               500000, output = [abcd04a7, abcd0a61, abcd101b, abcd15d5, abcd1b8f, abcd2149, abcd2703, abcd2cbd, abcd3277, abcd3831]
At time =               505000, output = [abcd04a7, abcd0a61, abcd101b, abcd15d5, abcd1b8f, abcd2149, abcd2703, abcd2cbd, abcd3277, abcd3831]
At time =               510000, output = [abcd04a7, abcd0a61, abcd101b, abcd15d5, abcd1b8f, abcd2149, abcd2703, abcd2cbd, abcd3277, abcd3831]
At time =               515000, output = [abcd04a7, abcd0a61, abcd101b, abcd15d5, abcd1b8f, abcd2149, abcd2703, abcd2cbd, abcd3277, abcd3831]
At time =               520000, output = [abcd04a7, abcd0a61, abcd101b, abcd15d5, abcd1b8f, abcd2149, abcd2703, abcd2cbd, abcd3277, abcd3831]
At time =               525000, output = [abcd04a7, abcd0a61, abcd101b, abcd15d5, abcd1b8f, abcd2149, abcd2703, abcd2cbd, abcd3277, abcd3831]
At time =               530000, output = [abcd04a7, abcd0a61, abcd101b, abcd15d5, abcd1b8f, abcd2149, abcd2703, abcd2cbd, abcd3277, abcd3831]
At time =               535000, output = [abcd04a7, abcd0a61, abcd101b, abcd15d5, abcd1b8f, abcd2149, abcd2703, abcd2cbd, abcd3277, abcd3831]
At time =               540000, output = [abcd04a7, abcd0a61, abcd101b, abcd15d5, abcd1b8f, abcd2149, abcd2703, abcd2cbd, abcd3277, abcd3831]
At time =               545000, output = [abcd04a7, abcd0a61, abcd101b, abcd15d5, abcd1b8f, abcd2149, abcd2703, abcd2cbd, abcd3277, abcd3831]
At time =               550000, output = [abcd04a7, abcd0a61, abcd101b, abcd15d5, abcd1b8f, abcd2149, abcd2703, abcd2cbd, abcd3277, abcd3831]
At time =               555000, output = [abcd04a7, abcd0a61, abcd101b, abcd15d5, abcd1b8f, abcd2149, abcd2703, abcd2cbd, abcd3277, abcd3831]
At time =               560000, output = [abcd04a7, abcd0a61, abcd101b, abcd15d5, abcd1b8f, abcd2149, abcd2703, abcd2cbd, abcd3277, abcd3831]
At time =               565000, output = [abcd04a7, abcd0a61, abcd101b, abcd15d5, abcd1b8f, abcd2149, abcd2703, abcd2cbd, abcd3277, abcd3831]
At time =               570000, output = [abcd04a7, abcd0a61, abcd101b, abcd15d5, abcd1b8f, abcd2149, abcd2703, abcd2cbd, abcd3277, abcd3831]
At time =               575000, output = [abcd04a7, abcd0a61, abcd101b, abcd15d5, abcd1b8f, abcd2149, abcd2703, abcd2cbd, abcd3277, abcd3831]
At time =               580000, output = [abcd04a7, abcd0a61, abcd101b, abcd15d5, abcd1b8f, abcd2149, abcd2703, abcd2cbd, abcd3277, abcd3831]
At time =               585000, output = [abcd04a7, abcd0a61, abcd101b, abcd15d5, abcd1b8f, abcd2149, abcd2703, abcd2cbd, abcd3277, abcd3831]
At time =               590000, output = [abcd04a7, abcd0a61, abcd101b, abcd15d5, abcd1b8f, abcd2149, abcd2703, abcd2cbd, abcd3277, abcd3831]
At time =               595000, output = [abcd04a7, abcd0a61, abcd101b, abcd15d5, abcd1b8f, abcd2149, abcd2703, abcd2cbd, abcd3277, abcd3831]
At time =               600000, output = [abcd04a7, abcd0a61, abcd101b, abcd15d5, abcd1b8f, abcd2149, abcd2703, abcd2cbd, abcd3277, abcd3831]
At time =               605000, output = [abcd04a7, abcd0a61, abcd101b, abcd15d5, abcd1b8f, abcd2149, abcd2703, abcd2cbd, abcd3277, abcd3831]
At time =               610000, output = [abcd04a7, abcd0a61, abcd101b, abcd15d5, abcd1b8f, abcd2149, abcd2703, abcd2cbd, abcd3277, abcd3831]
At time =               615000, output = [abcd04a7, abcd0a61, abcd101b, abcd15d5, abcd1b8f, abcd2149, abcd2703, abcd2cbd, abcd3277, abcd3831]
At time =               620000, output = [abcd04a7, abcd0a61, abcd101b, abcd15d5, abcd1b8f, abcd2149, abcd2703, abcd2cbd, abcd3277, abcd3831]
At time =               625000, output = [abcd04a7, abcd0a61, abcd101b, abcd15d5, abcd1b8f, abcd2149, abcd2703, abcd2cbd, abcd3277, abcd3831]
At time =               630000, output = [abcd04a7, abcd0a61, abcd101b, abcd15d5, abcd1b8f, abcd2149, abcd2703, abcd2cbd, abcd3277, abcd3831]
At time =               635000, output = [abcd04a7, abcd0a61, abcd101b, abcd15d5, abcd1b8f, abcd2149, abcd2703, abcd2cbd, abcd3277, abcd3831]
At time =               640000, output = [abcd04a7, abcd0a61, abcd101b, abcd15d5, abcd1b8f, abcd2149, abcd2703, abcd2cbd, abcd3277, abcd3831]
At time =               645000, output = [abcd04a7, abcd0a61, abcd101b, abcd15d5, abcd1b8f, abcd2149, abcd2703, abcd2cbd, abcd3277, abcd3831]
At time =               650000, output = [abcd04a7, abcd0a61, abcd101b, abcd15d5, abcd1b8f, abcd2149, abcd2703, abcd2cbd, abcd3277, abcd3831]
At time =               655000, output = [abcd04a7, abcd0a61, abcd101b, abcd15d5, abcd1b8f, abcd2149, abcd2703, abcd2cbd, abcd3277, abcd3831]
At time =               660000, output = [abcd04a7, abcd0a61, abcd101b, abcd15d5, abcd1b8f, abcd2149, abcd2703, abcd2cbd, abcd3277, abcd3831]
At time =               665000, output = [abcd04a7, abcd0a61, abcd101b, abcd15d5, abcd1b8f, abcd2149, abcd2703, abcd2cbd, abcd3277, abcd3831]
At time =               670000, output = [abcd04a7, abcd0a61, abcd101b, abcd15d5, abcd1b8f, abcd2149, abcd2703, abcd2cbd, abcd3277, abcd3831]
At time =               675000, output = [abcd04a7, abcd0a61, abcd101b, abcd15d5, abcd1b8f, abcd2149, abcd2703, abcd2cbd, abcd3277, abcd3831]
At time =               680000, output = [abcd04a7, abcd0a61, abcd101b, abcd15d5, abcd1b8f, abcd2149, abcd2703, abcd2cbd, abcd3277, abcd3831]
At time =               685000, output = [abcd04a7, abcd0a61, abcd101b, abcd15d5, abcd1b8f, abcd2149, abcd2703, abcd2cbd, abcd3277, abcd3831]
At time =               690000, output = [abcd04a7, abcd0a61, abcd101b, abcd15d5, abcd1b8f, abcd2149, abcd2703, abcd2cbd, abcd3277, abcd3831]
At time =               695000, output = [abcd04a7, abcd0a61, abcd101b, abcd15d5, abcd1b8f, abcd2149, abcd2703, abcd2cbd, abcd3277, abcd3831]
At time =               700000, output = [abcd04a7, abcd0a61, abcd101b, abcd15d5, abcd1b8f, abcd2149, abcd2703, abcd2cbd, abcd3277, abcd3831]
At time =               705000, output = [abcd04a7, abcd0a61, abcd101b, abcd15d5, abcd1b8f, abcd2149, abcd2703, abcd2cbd, abcd3277, abcd3831]
At time =               710000, output = [abcd04a7, abcd0a61, abcd101b, abcd15d5, abcd1b8f, abcd2149, abcd2703, abcd2cbd, abcd3277, abcd3831]
At time =               715000, output = [abcd04a7, abcd0a61, abcd101b, abcd15d5, abcd1b8f, abcd2149, abcd2703, abcd2cbd, abcd3277, abcd3831]
At time =               720000, output = [abcd04a7, abcd0a61, abcd101b, abcd15d5, abcd1b8f, abcd2149, abcd2703, abcd2cbd, abcd3277, abcd3831]
At time =               725000, output = [abcd04a7, abcd0a61, abcd101b, abcd15d5, abcd1b8f, abcd2149, abcd2703, abcd2cbd, abcd3277, abcd3831]
At time =               730000, output = [abcd04a7, abcd0a61, abcd101b, abcd15d5, abcd1b8f, abcd2149, abcd2703, abcd2cbd, abcd3277, abcd3831]
At time =               735000, output = [abcd04a7, abcd0a61, abcd101b, abcd15d5, abcd1b8f, abcd2149, abcd2703, abcd2cbd, abcd3277, abcd3831]
At time =               740000, output = [abcd04a7, abcd0a61, abcd101b, abcd15d5, abcd1b8f, abcd2149, abcd2703, abcd2cbd, abcd3277, abcd3831]
At time =               745000, output = [abcd04a7, abcd0a61, abcd101b, abcd15d5, abcd1b8f, abcd2149, abcd2703, abcd2cbd, abcd3277, abcd3831]
At time =               750000, output = [abcd04a7, abcd0a61, abcd101b, abcd15d5, abcd1b8f, abcd2149, abcd2703, abcd2cbd, abcd3277, abcd3831]
At time =               755000, output = [abcd04a7, abcd0a61, abcd101b, abcd15d5, abcd1b8f, abcd2149, abcd2703, abcd2cbd, abcd3277, abcd3831]
At time =               760000, output = [abcd04a7, abcd0a61, abcd101b, abcd15d5, abcd1b8f, abcd2149, abcd2703, abcd2cbd, abcd3277, abcd3831]
At time =               765000, output = [abcd04a7, abcd0a61, abcd101b, abcd15d5, abcd1b8f, abcd2149, abcd2703, abcd2cbd, abcd3277, abcd3831]
At time =               770000, output = [abcd04a7, abcd0a61, abcd101b, abcd15d5, abcd1b8f, abcd2149, abcd2703, abcd2cbd, abcd3277, abcd3831]
At time =               775000, output = [abcd04a7, abcd0a61, abcd101b, abcd15d5, abcd1b8f, abcd2149, abcd2703, abcd2cbd, abcd3277, abcd3831]
At time =               780000, output = [abcd04a7, abcd0a61, abcd101b, abcd15d5, abcd1b8f, abcd2149, abcd2703, abcd2cbd, abcd3277, abcd3831]
At time =               785000, output = [abcd04a7, abcd0a61, abcd101b, abcd15d5, abcd1b8f, abcd2149, abcd2703, abcd2cbd, abcd3277, abcd3831]
At time =               790000, output = [abcd04a7, abcd0a61, abcd101b, abcd15d5, abcd1b8f, abcd2149, abcd2703, abcd2cbd, abcd3277, abcd3831]
At time =               795000, output = [abcd04a7, abcd0a61, abcd101b, abcd15d5, abcd1b8f, abcd2149, abcd2703, abcd2cbd, abcd3277, abcd3831]
At time =               800000, output = [abcd04a7, abcd0a61, abcd101b, abcd15d5, abcd1b8f, abcd2149, abcd2703, abcd2cbd, abcd3277, abcd3831]
At time =               805000, output = [abcd04a7, abcd0a61, abcd101b, abcd15d5, abcd1b8f, abcd2149, abcd2703, abcd2cbd, abcd3277, abcd3831]
At time =               810000, output = [abcd04a7, abcd0a61, abcd101b, abcd15d5, abcd1b8f, abcd2149, abcd2703, abcd2cbd, abcd3277, abcd3831]
At time =               815000, output = [abcd04a7, abcd0a61, abcd101b, abcd15d5, abcd1b8f, abcd2149, abcd2703, abcd2cbd, abcd3277, abcd3831]
At time =               820000, output = [abcd04a7, abcd0a61, abcd101b, abcd15d5, abcd1b8f, abcd2149, abcd2703, abcd2cbd, abcd3277, abcd3831]
At time =               825000, output = [abcd04a7, abcd0a61, abcd101b, abcd15d5, abcd1b8f, abcd2149, abcd2703, abcd2cbd, abcd3277, abcd3831]
At time =               830000, output = [abcd04a7, abcd0a61, abcd101b, abcd15d5, abcd1b8f, abcd2149, abcd2703, abcd2cbd, abcd3277, abcd3831]
At time =               835000, output = [abcd04a7, abcd0a61, abcd101b, abcd15d5, abcd1b8f, abcd2149, abcd2703, abcd2cbd, abcd3277, abcd3831]
At time =               840000, output = [abcd04a7, abcd0a61, abcd101b, abcd15d5, abcd1b8f, abcd2149, abcd2703, abcd2cbd, abcd3277, abcd3831]
At time =               845000, output = [abcd04a7, abcd0a61, abcd101b, abcd15d5, abcd1b8f, abcd2149, abcd2703, abcd2cbd, abcd3277, abcd3831]
At time =               850000, output = [abcd04a7, abcd0a61, abcd101b, abcd15d5, abcd1b8f, abcd2149, abcd2703, abcd2cbd, abcd3277, abcd3831]
At time =               855000, output = [abcd04a7, abcd0a61, abcd101b, abcd15d5, abcd1b8f, abcd2149, abcd2703, abcd2cbd, abcd3277, abcd3831]
