Time resolution is 1 ps
00001110110000011001111011000110
File was opened successfully
wxi = 0058f1f3
wxi = 00e7f6e4
wxi = 0013d5e2
wxi = 00104b29
wxi = 00050704
wxi = 001f4111
wxi = 001d01fb
wxi = 000b1822
wxi = 00122108
wxi = 0000001d
wxi = 004926f7
wxi = 00641126
wxi = 001a2d1d
wxi = 000ffb1b
wxi = 00fff9f4
wxi = 002207f9
wxi = 00f4f903
wxi = 00e3f100
wxi = 00f503ef
wxi = 00000031
wxi = 000f0927
wxi = 002963f4
wxi = 000c1f3d
wxi = 00dbfb03
wxi = 00f41b09
wxi = 00260ceb
wxi = 00233422
wxi = 0056280d
wxi = 0005155b
wxi = 000000fc
wxi = 004a0eef
wxi = 0015243b
wxi = 00051a23
wxi = 0010f0ea
wxi = 00d7e128
wxi = 001f1cfa
wxi = 00faf6f5
wxi = 00eaf4ee
wxi = 00e7ffd0
wxi = 000000bc
wxi = 002509ed
wxi = 000f2be9
wxi = 00fc14f7
wxi = 0010eef7
wxi = 0022e507
wxi = 00f50b23
wxi = 00ede6ed
wxi = 00381f04
wxi = 0000e91f
wxi = 000000cf
wxi = 00261d0c
wxi = 0000170b
wxi = 00f21b1b
wxi = 00020ae9
wxi = 000c01f7
wxi = 00e11d10
wxi = 00ecd7d3
wxi = 00f4e4f5
wxi = 00dec9d8
wxi = 00000046
wxi = 00fef2e7
wxi = 00132422
wxi = 00ef1532
wxi = 00120c00
wxi = 00ee00ec
wxi = 000716fb
wxi = 00ebf5e6
wxi = 00fcdfd2
wxi = 00470a09
wxi = 000000e4
wxi = 0011f70f
wxi = 002c0847
wxi = 00141316
wxi = 00050706
wxi = 00221611
wxi = 0027e5ef
wxi = 00173c3c
wxi = 001c402f
wxi = 00e5c4f8
wxi = 00000006
wxi = 002bdcf5
wxi = 00dbcec3
wxi = 007104fe
wxi = 00eb274b
wxi = 00ee01dd
wxi = 00230ee8
wxi = 000bed1f
wxi = 000d080b
wxi = 00f228eb
wxi = 00000017
wxi = 001c20f6
wxi = 00281d21
wxi = 00021337
wxi = 0006f417
wxi = 00ffe4e0
wxi = 00091102
wxi = 00141e18
wxi = 00311240
wxi = 00ede90a
wxi = 000000fc
wxi = 0021c313
wxi = 00394639
wxi = 00ea090b
wxi = 00f4e6e8
wxi = 000c1bf4
wxi = 00ecf0e6
wxi = 00d7dfee
wxi = 0000d0e4
wxi = 00f5bcc5
wxi = 00000024
wxi = 00b9fef4
wxi = 00fd06ed
wxi = 00092f4a
wxi = 001d10df
wxi = 000b2e0b
wxi = 00f92afc
wxi = 0008e2fe
wxi = 005d23fa
wxi = 000a0739
wxi = 000000f3
wxi = 002a2005
wxi = 000ef3e6
wxi = 000f0a1c
wxi = 00060cff
wxi = 0032fee8
wxi = 00070e0d
wxi = 00bad701
wxi = 000413e1
wxi = 003a2cf6
wxi = 00000028
wxi = 0007f0d7
wxi = 00bfbeef
wxi = 00acaccb
wxi = 00fac6bc
wxi = 00fff80f
wxi = 00e60900
wxi = 00241705
wxi = 0017460c
wxi = 00f8220b
wxi = 000000d8
wxi = 004f0cd6
wxi = 00261a13
wxi = 001923fc
wxi = 00642623
wxi = 001c4b6f
wxi = 00e1ec05
wxi = 00e9dce3
wxi = 00eb02fb
wxi = 001bf8fc
wxi = 000000e8
wxi = 00463c0f
wxi = 0008f003
wxi = 00f5121b
wxi = 00d5e6cc
wxi = 001211f8
wxi = 0011210b
wxi = 004b311c
wxi = 0064402d
wxi = 00112f59
wxi = 00000021
wxi = 000c4b08
wxi = 000e07df
wxi = 0002e20b
wxi = 0017eed2
wxi = 0018102a
wxi = 00f2f7e5
wxi = 00fee9fa
wxi = 002aeef1
wxi = 00434118
wxi = 00000034
wxi = 00e6e2e2
wxi = 00d1c7be
wxi = 00c7fac8
wxi = 00c6c2c4
wxi = 00e6f3df
wxi = 00fb0cfd
wxi = 0002fffc
wxi = 0007edf9
wxi = 00c713d9
wxi = 0000001b
wxi = 00505f1a
wxi = 001f1027
wxi = 00d9d5f6
wxi = 0027e6f3
wxi = 000f3f4d
wxi = 0001f801
wxi = 00e8ef08
wxi = 00fd1d06
wxi = 000f241b
wxi = 000000e2
wxi = 0023210a
wxi = 00153723
wxi = 00dfdddf
wxi = 00050bf2
wxi = 0003f1f4
wxi = 001d431f
wxi = 00fc0cf6
wxi = 00dbde09
wxi = 00eacbef
wxi = 00000001
wxi = 00e80d0e
wxi = 00fb1f0e
wxi = 00d20c1a
wxi = 00f1d9df
wxi = 00f2f9f5
wxi = 00da04f0
wxi = 00f1ddf8
wxi = 0012161a
wxi = 002e6132
wxi = 000000c9
wxi = 0003df1b
wxi = 0007fc08
wxi = 00dbe9e4
wxi = 00f1deef
wxi = 00fffef5
wxi = 00fdf8f3
wxi = 00e8fb04
wxi = 00fbcfd5
wxi = 00d51df1
wxi = 000000d9
wxi = 00ececcf
wxi = 000dee1d
wxi = 000aeb1b
wxi = 00060fe3
wxi = 00f3011a
wxi = 00423220
wxi = 0002284c
wxi = 00e2dcf6
wxi = 00e5ec05
wxi = 000000cb
wxi = 00f031f3
wxi = 00162d15
wxi = 00c60521
wxi = 000fd4b2
wxi = 00024750
wxi = 00eef4f0
wxi = 00d2e1f2
wxi = 00fc0d08
wxi = 0007fddb
wxi = 00000027
wxi = 000625fc
wxi = 0001cbd5
wxi = 001806f6
wxi = 00062230
wxi = 0019260c
wxi = 00e8e510
wxi = 00d1cbe3
wxi = 00e8e3ee
wxi = 00ecbec5
wxi = 000000f5
wxi = 003be209
wxi = 00e1b8cd
wxi = 00e6faed
wxi = 0005dde0
wxi = 0010f2e7
wxi = 0000feff
wxi = 00611406
wxi = 00654f42
wxi = 00180c70
wxi = 00000027
wxi = 00ea351b
wxi = 00ebfff6
wxi = 0006391b
wxi = 00061a19
wxi = 00443415
wxi = 00020d2a
wxi = 00f1d1de
wxi = 00d9edf0
wxi = 0026e3f9
wxi = 000000d5
wxi = 00e10823
wxi = 000a05e4
wxi = 00f7fd04
wxi = 001a071b
wxi = 0003161e
wxi = 00d3f7f5
wxi = 00dae9db
wxi = 0000dbde
wxi = 0011cfc9
wxi = 00000033
wxi = 0029220b
wxi = 00f511bd
wxi = 00dbee03
wxi = 00f302df
wxi = 00fdd9ff
wxi = 002e2cf8
wxi = 00effdf7
wxi = 00dd09ec
wxi = 00110bee
wxi = 00000013
wxi = 00fcfd05
wxi = 00031fc4
wxi = 004c2f18
wxi = 00e0110e
wxi = 00181705
wxi = 00f1ee19
wxi = 007f24e4
wxi = 00432149
wxi = 0040f62b
wxi = 000000db
wxi = 0030fc05
wxi = 00011a21
wxi = 00f7e3e8
wxi = 0018331e
wxi = 00123114
wxi = 002df302
wxi = 00f6113d
wxi = 001d0bfa
wxi = 00272f33
wxi = 0000001e
wxi = 00eaf412
wxi = 001d2a2d
wxi = 000d1d13
wxi = 001a3b2f
wxi = 00e3e4fd
wxi = 002f27e0
wxi = 00f3f9fb
wxi = 00ddcdc3
wxi = 00d7edee
wxi = 000000f9
whi = 00d0d327
whi = 00fa3d0d
whi = 0021f33f
whi = 0005b8fc
whi = 003714f8
whi = 00f849f6
whi = 0006be0a
whi = 00bbec30
whi = 000f0a3a
whi = 00ef3aeb
whi = 0000252a
whi = 0002e316
whi = 0019fde4
whi = 0042453b
whi = 00c4f41b
whi = 00e9d3af
whi = 0013c9e3
whi = 0013032e
whi = 00f1fadf
whi = 00cfdbfe
whi = 003cfde9
whi = 0000d5df
whi = 00cc1229
whi = 00e60d10
whi = 000c09df
whi = 002a28dc
whi = 00e90ee0
whi = 00df3601
whi = 0027022f
whi = 00a1fb24
whi = 0009f1e2
whi = 00fb0e57
whi = 000030fc
whi = 00dfde19
whi = 00e14ef1
whi = 004ee106
whi = 00dbc2e4
whi = 0008fc03
whi = 00d72bed
whi = 0012d600
whi = 00a2effb
whi = 00dcec32
whi = 0008e1ed
whi = 00003f01
whi = 001a3b1d
whi = 00010e01
whi = 00f7dc43
whi = 0014f002
whi = 0067eae6
whi = 00f429fc
whi = 00ff0ad3
whi = 00ea3902
whi = 0039f711
whi = 00e4dd0a
whi = 00000de2
whi = 0022d214
whi = 00de1816
whi = 00f54527
whi = 00c71e40
whi = 001ae1bf
whi = 000d0033
whi = 00e9e219
whi = 00160af8
whi = 00f8361e
whi = 00eff3e2
whi = 000003e3
whi = 0012befb
whi = 001de9d8
whi = 002537bd
whi = 0030c8ff
whi = 0006cee8
whi = 00f40108
whi = 0030010d
whi = 00e0f719
whi = 00f4dfff
whi = 00ff1cde
whi = 0000ae15
whi = 004272b6
whi = 0014ffc4
whi = 00073fd1
whi = 00e1f6b2
whi = 00f39dcb
whi = 004cf401
whi = 00110cee
whi = 002021c7
whi = 000a0eed
whi = 00cd3c2d
whi = 0000f017
whi = 00fb1221
whi = 0004c965
whi = 00dbd02a
whi = 0013fcff
whi = 0006fbdf
whi = 00f1232b
whi = 00e988de
whi = 00461238
whi = 004a0d07
whi = 00fbdde2
whi = 00003af8
whi = 000851d4
whi = 001325ca
whi = 00e9f7f0
whi = 0016f1c4
whi = 000e1ee9
whi = 00e9e2d2
whi = 00f613ee
whi = 00d9ebe4
whi = 00010b0d
whi = 0015252e
whi = 0000e216
whi = 00c6e9eb
whi = 009d3cf3
whi = 0032f5f8
whi = 0001d319
whi = 00e51b09
whi = 001720fb
whi = 000feacc
whi = 00eae31e
whi = 001f3821
whi = 00d61b1a
whi = 00001903
whi = 000417bb
whi = 0025071e
whi = 0009dc24
whi = 00e6f405
whi = 003afcef
whi = 00e00ffc
whi = 00f736bc
whi = 006c56f4
whi = 00092bd6
whi = 00f1dec9
whi = 0000234c
whi = 00120aaf
whi = 0039eaf8
whi = 00111701
whi = 00be45f3
whi = 006de2f9
whi = 0053d13a
whi = 003710f4
whi = 000930c9
whi = 000df4bf
whi = 00eb3ddd
whi = 0000daff
whi = 001803e4
whi = 001bfad1
whi = 003aced4
whi = 00ab0dff
whi = 001a39f7
whi = 00120afc
whi = 00f1de05
whi = 00f91a06
whi = 00ff21c0
whi = 00c614c3
whi = 00001cf7
whi = 003619e5
whi = 0018f011
whi = 00f10dbd
whi = 000af922
whi = 00d63905
whi = 00be00d8
whi = 00260827
whi = 002d24e8
whi = 00a05420
whi = 002608eb
whi = 00000f25
whi = 00ffd440
whi = 00021821
whi = 00f03310
whi = 002ff507
whi = 00b2bede
whi = 000222d9
whi = 001dbf33
whi = 0089e641
whi = 00f2814b
whi = 00320f3b
whi = 000001c9
whi = 000405cf
whi = 001ce34b
whi = 00c6f6fb
whi = 000636df
whi = 00cfe3f2
whi = 001706f6
whi = 00badf2b
whi = 004d1cd4
whi = 0060fdeb
whi = 00f8ca04
whi = 0000c6e1
whi = 0005e6f9
whi = 0006ea0f
whi = 00272bda
whi = 00952cf5
whi = 00e7e989
whi = 00a00de5
whi = 0023b028
whi = 00dbe7c4
whi = 0014ef06
whi = 00e0f134
whi = 0000dbce
whi = 00960c2d
whi = 00fdf31d
whi = 00e92a09
whi = 00f1eaef
whi = 00c7c1fc
whi = 004d0608
whi = 00151612
whi = 0044ef0e
whi = 00f1051b
whi = 0008e80a
whi = 0000e2d9
whi = 000616df
whi = 004512b3
whi = 00f7b8db
whi = 00f4dae4
whi = 00183f0d
whi = 0021fad1
whi = 00fb1108
whi = 00f4fd2b
whi = 00c5e9f6
whi = 000cd7af
whi = 00001ef4
whi = 0011cd30
