#-----------------------------------------------------------
# Vivado v2023.1 (64-bit)
# SW Build 3865809 on Sun May  7 15:04:56 MDT 2023
# IP Build 3864474 on Sun May  7 20:36:21 MDT 2023
# SharedData Build 3865790 on Sun May 07 13:33:03 MDT 2023
# Start of session at: Sat Mar 23 15:45:09 2024
# Process ID: 8492
# Current directory: /home/vanloi/Documents/Loi_study/DATN/vivado_LSTM/LSTM_accelerator
# Command line: vivado
# Log file: /home/vanloi/Documents/Loi_study/DATN/vivado_LSTM/LSTM_accelerator/vivado.log
# Journal file: /home/vanloi/Documents/Loi_study/DATN/vivado_LSTM/LSTM_accelerator/vivado.jou
# Running On: vanloi-laptop, OS: Linux, CPU Frequency: 4346.710 MHz, CPU Physical cores: 12, Host memory: 16444 MB
#-----------------------------------------------------------
start_gui
WARNING: [Board 49-26] cannot add Board Part xilinx.com:kc705:part0:1.6 available at /home/vanloi/Documents/Loi_study/Vivado/Vivado/2023.1/data/xhub/boards/XilinxBoardStore/boards/Xilinx/kc705/1.6/board.xml as part xc7k325tffg900-2 specified in board_part file is either invalid or not available
WARNING: [Board 49-26] cannot add Board Part xilinx.com:kcu105:part0:1.6 available at /home/vanloi/Documents/Loi_study/Vivado/Vivado/2023.1/data/xhub/boards/XilinxBoardStore/boards/Xilinx/kcu105/1.6/board.xml as part xcku040-ffva1156-2-e specified in board_part file is either invalid or not available
WARNING: [Board 49-26] cannot add Board Part xilinx.com:kcu105:part0:1.7 available at /home/vanloi/Documents/Loi_study/Vivado/Vivado/2023.1/data/xhub/boards/XilinxBoardStore/boards/Xilinx/kcu105/1.7/board.xml as part xcku040-ffva1156-2-e specified in board_part file is either invalid or not available
WARNING: [Board 49-26] cannot add Board Part xilinx.com:kcu1500:part0:1.2 available at /home/vanloi/Documents/Loi_study/Vivado/Vivado/2023.1/data/xhub/boards/XilinxBoardStore/boards/Xilinx/kcu1500/1.2/board.xml as part xcku115-flvb2104-2-e specified in board_part file is either invalid or not available
WARNING: [Board 49-26] cannot add Board Part xilinx.com:vc707:part0:1.4 available at /home/vanloi/Documents/Loi_study/Vivado/Vivado/2023.1/data/xhub/boards/XilinxBoardStore/boards/Xilinx/vc707/1.4/board.xml as part xc7vx485tffg1761-2 specified in board_part file is either invalid or not available
WARNING: [Board 49-26] cannot add Board Part xilinx.com:vc709:part0:1.8 available at /home/vanloi/Documents/Loi_study/Vivado/Vivado/2023.1/data/xhub/boards/XilinxBoardStore/boards/Xilinx/vc709/1.8/board.xml as part xc7vx690tffg1761-2 specified in board_part file is either invalid or not available
WARNING: [Board 49-26] cannot add Board Part xilinx.com:vck190:part0:2.2 available at /home/vanloi/Documents/Loi_study/Vivado/Vivado/2023.1/data/xhub/boards/XilinxBoardStore/boards/Xilinx/vck190/production/2.2/board.xml as part xcvc1902-vsva2197-2mp-e-s specified in board_part file is either invalid or not available
WARNING: [Board 49-26] cannot add Board Part xilinx.com:vck190:part0:3.0 available at /home/vanloi/Documents/Loi_study/Vivado/Vivado/2023.1/data/xhub/boards/XilinxBoardStore/boards/Xilinx/vck190/production/3.0/board.xml as part xcvc1902-vsva2197-2mp-e-s specified in board_part file is either invalid or not available
WARNING: [Board 49-26] cannot add Board Part xilinx.com:vck190:part0:3.1 available at /home/vanloi/Documents/Loi_study/Vivado/Vivado/2023.1/data/xhub/boards/XilinxBoardStore/boards/Xilinx/vck190/production/3.1/board.xml as part xcvc1902-vsva2197-2mp-e-s specified in board_part file is either invalid or not available
WARNING: [Board 49-26] cannot add Board Part xilinx.com:vck190:part0:3.2 available at /home/vanloi/Documents/Loi_study/Vivado/Vivado/2023.1/data/xhub/boards/XilinxBoardStore/boards/Xilinx/vck190/production/3.2/board.xml as part xcvc1902-vsva2197-2mp-e-s specified in board_part file is either invalid or not available
WARNING: [Board 49-26] cannot add Board Part xilinx.com:vck190_newl:part0:1.0 available at /home/vanloi/Documents/Loi_study/Vivado/Vivado/2023.1/data/xhub/boards/XilinxBoardStore/boards/Xilinx/vck190_newl/production/1.0/board.xml as part xcvc1902-vsva2197-2mp-e-s specified in board_part file is either invalid or not available
WARNING: [Board 49-26] cannot add Board Part xilinx.com:vck190_newl:part0:1.1 available at /home/vanloi/Documents/Loi_study/Vivado/Vivado/2023.1/data/xhub/boards/XilinxBoardStore/boards/Xilinx/vck190_newl/production/1.1/board.xml as part xcvc1902-vsva2197-2mp-e-s specified in board_part file is either invalid or not available
WARNING: [Board 49-26] cannot add Board Part xilinx.com:vcu108:part0:1.6 available at /home/vanloi/Documents/Loi_study/Vivado/Vivado/2023.1/data/xhub/boards/XilinxBoardStore/boards/Xilinx/vcu108/1.6/board.xml as part xcvu095-ffva2104-2-e specified in board_part file is either invalid or not available
WARNING: [Board 49-26] cannot add Board Part xilinx.com:vcu108:part0:1.7 available at /home/vanloi/Documents/Loi_study/Vivado/Vivado/2023.1/data/xhub/boards/XilinxBoardStore/boards/Xilinx/vcu108/1.7/board.xml as part xcvu095-ffva2104-2-e specified in board_part file is either invalid or not available
WARNING: [Board 49-26] cannot add Board Part xilinx.com:vcu110:part0:1.4 available at /home/vanloi/Documents/Loi_study/Vivado/Vivado/2023.1/data/xhub/boards/XilinxBoardStore/boards/Xilinx/vcu110/1.4/board.xml as part xcvu190-flgc2104-2-e specified in board_part file is either invalid or not available
WARNING: [Board 49-26] cannot add Board Part xilinx.com:vcu118:part0:2.0 available at /home/vanloi/Documents/Loi_study/Vivado/Vivado/2023.1/data/xhub/boards/XilinxBoardStore/boards/Xilinx/vcu118/2.0/board.xml as part xcvu9p-flga2104-2l-e specified in board_part file is either invalid or not available
WARNING: [Board 49-26] cannot add Board Part xilinx.com:vcu118:part0:2.3 available at /home/vanloi/Documents/Loi_study/Vivado/Vivado/2023.1/data/xhub/boards/XilinxBoardStore/boards/Xilinx/vcu118/2.3/board.xml as part xcvu9p-flga2104-2l-e specified in board_part file is either invalid or not available
WARNING: [Board 49-26] cannot add Board Part xilinx.com:vcu118:part0:2.4 available at /home/vanloi/Documents/Loi_study/Vivado/Vivado/2023.1/data/xhub/boards/XilinxBoardStore/boards/Xilinx/vcu118/2.4/board.xml as part xcvu9p-flga2104-2l-e specified in board_part file is either invalid or not available
WARNING: [Board 49-26] cannot add Board Part xilinx.com:vcu129:part0:1.0 available at /home/vanloi/Documents/Loi_study/Vivado/Vivado/2023.1/data/xhub/boards/XilinxBoardStore/boards/Xilinx/vcu129/production/1.0/board.xml as part xcvu29p-fsga2577-2l-e specified in board_part file is either invalid or not available
WARNING: [Board 49-26] cannot add Board Part xilinx.com:vcu1525:part0:1.3 available at /home/vanloi/Documents/Loi_study/Vivado/Vivado/2023.1/data/xhub/boards/XilinxBoardStore/boards/Xilinx/vcu1525/1.3/board.xml as part xcvu9p-fsgd2104-2l-e specified in board_part file is either invalid or not available
WARNING: [Board 49-26] cannot add Board Part xilinx.com:vek280_es:part0:1.0 available at /home/vanloi/Documents/Loi_study/Vivado/Vivado/2023.1/data/xhub/boards/XilinxBoardStore/boards/Xilinx/vek280/es/rev_a/1.0/board.xml as part xcve2802-vsvh1760-2lp-e-s-es1 specified in board_part file is either invalid or not available
WARNING: [Board 49-26] cannot add Board Part xilinx.com:vek280_es:part0:1.1 available at /home/vanloi/Documents/Loi_study/Vivado/Vivado/2023.1/data/xhub/boards/XilinxBoardStore/boards/Xilinx/vek280/es/rev_a/1.1/board.xml as part xcve2802-vsvh1760-2lp-e-s-es1 specified in board_part file is either invalid or not available
WARNING: [Board 49-26] cannot add Board Part xilinx.com:vek280_es_revb:part0:1.0 available at /home/vanloi/Documents/Loi_study/Vivado/Vivado/2023.1/data/xhub/boards/XilinxBoardStore/boards/Xilinx/vek280/es/rev_b/1.0/board.xml as part xcve2802-vsvh1760-2mp-e-s-es1 specified in board_part file is either invalid or not available
WARNING: [Board 49-26] cannot add Board Part xilinx.com:vek280_es_revb:part0:1.1 available at /home/vanloi/Documents/Loi_study/Vivado/Vivado/2023.1/data/xhub/boards/XilinxBoardStore/boards/Xilinx/vek280/es/rev_b/1.1/board.xml as part xcve2802-vsvh1760-2mp-e-s-es1 specified in board_part file is either invalid or not available
WARNING: [Board 49-26] cannot add Board Part xilinx.com:vermeo_t1_mpsoc:part0:1.0 available at /home/vanloi/Documents/Loi_study/Vivado/Vivado/2023.1/data/xhub/boards/XilinxBoardStore/boards/Xilinx/vermeo_t1_mpsoc/1.0/board.xml as part xczu19eg-ffvd1760-2l-e specified in board_part file is either invalid or not available
WARNING: [Board 49-26] cannot add Board Part xilinx.com:vermeo_t1_rfsoc:part0:1.0 available at /home/vanloi/Documents/Loi_study/Vivado/Vivado/2023.1/data/xhub/boards/XilinxBoardStore/boards/Xilinx/vermeo_t1_rfsoc/1.0/board.xml as part xczu21dr-ffvd1156-2l-e specified in board_part file is either invalid or not available
WARNING: [Board 49-26] cannot add Board Part xilinx.com:vhk158:part0:1.0 available at /home/vanloi/Documents/Loi_study/Vivado/Vivado/2023.1/data/xhub/boards/XilinxBoardStore/boards/Xilinx/vhk158/production/1.0/board.xml as part xcvh1582-vsva3697-2mp-e-s specified in board_part file is either invalid or not available
WARNING: [Board 49-26] cannot add Board Part xilinx.com:vhk158_es:part0:1.0 available at /home/vanloi/Documents/Loi_study/Vivado/Vivado/2023.1/data/xhub/boards/XilinxBoardStore/boards/Xilinx/vhk158/es/1.0/board.xml as part xcvh1582-vsva3697-2mp-e-s-es1 specified in board_part file is either invalid or not available
WARNING: [Board 49-26] cannot add Board Part xilinx.com:vhk158_es:part0:1.1 available at /home/vanloi/Documents/Loi_study/Vivado/Vivado/2023.1/data/xhub/boards/XilinxBoardStore/boards/Xilinx/vhk158/es/1.1/board.xml as part xcvh1582-vsva3697-2mp-e-s-es1 specified in board_part file is either invalid or not available
WARNING: [Board 49-26] cannot add Board Part xilinx.com:vmk180:part0:2.2 available at /home/vanloi/Documents/Loi_study/Vivado/Vivado/2023.1/data/xhub/boards/XilinxBoardStore/boards/Xilinx/vmk180/production/2.2/board.xml as part xcvm1802-vsva2197-2mp-e-s specified in board_part file is either invalid or not available
WARNING: [Board 49-26] cannot add Board Part xilinx.com:vmk180:part0:3.0 available at /home/vanloi/Documents/Loi_study/Vivado/Vivado/2023.1/data/xhub/boards/XilinxBoardStore/boards/Xilinx/vmk180/production/3.0/board.xml as part xcvm1802-vsva2197-2mp-e-s specified in board_part file is either invalid or not available
WARNING: [Board 49-26] cannot add Board Part xilinx.com:vmk180:part0:3.1 available at /home/vanloi/Documents/Loi_study/Vivado/Vivado/2023.1/data/xhub/boards/XilinxBoardStore/boards/Xilinx/vmk180/production/3.1/board.xml as part xcvm1802-vsva2197-2mp-e-s specified in board_part file is either invalid or not available
WARNING: [Board 49-26] cannot add Board Part xilinx.com:vmk180:part0:3.2 available at /home/vanloi/Documents/Loi_study/Vivado/Vivado/2023.1/data/xhub/boards/XilinxBoardStore/boards/Xilinx/vmk180/production/3.2/board.xml as part xcvm1802-vsva2197-2mp-e-s specified in board_part file is either invalid or not available
WARNING: [Board 49-26] cannot add Board Part xilinx.com:vmk180_newl:part0:1.0 available at /home/vanloi/Documents/Loi_study/Vivado/Vivado/2023.1/data/xhub/boards/XilinxBoardStore/boards/Xilinx/vmk180_newl/production/1.0/board.xml as part xcvm1802-vsva2197-2mp-e-s specified in board_part file is either invalid or not available
WARNING: [Board 49-26] cannot add Board Part xilinx.com:vmk180_newl:part0:1.1 available at /home/vanloi/Documents/Loi_study/Vivado/Vivado/2023.1/data/xhub/boards/XilinxBoardStore/boards/Xilinx/vmk180_newl/production/1.1/board.xml as part xcvm1802-vsva2197-2mp-e-s specified in board_part file is either invalid or not available
WARNING: [Board 49-26] cannot add Board Part xilinx.com:vpk120:part0:1.0 available at /home/vanloi/Documents/Loi_study/Vivado/Vivado/2023.1/data/xhub/boards/XilinxBoardStore/boards/Xilinx/vpk120/production/1.0/board.xml as part xcvp1202-vsva2785-2mp-e-s specified in board_part file is either invalid or not available
WARNING: [Board 49-26] cannot add Board Part xilinx.com:vpk120:part0:1.1 available at /home/vanloi/Documents/Loi_study/Vivado/Vivado/2023.1/data/xhub/boards/XilinxBoardStore/boards/Xilinx/vpk120/production/1.1/board.xml as part xcvp1202-vsva2785-2mp-e-s specified in board_part file is either invalid or not available
WARNING: [Board 49-26] cannot add Board Part xilinx.com:vpk120_es:part0:1.2 available at /home/vanloi/Documents/Loi_study/Vivado/Vivado/2023.1/data/xhub/boards/XilinxBoardStore/boards/Xilinx/vpk120/es/1.2/board.xml as part xcvp1202-vsva2785-2mp-e-s-es1 specified in board_part file is either invalid or not available
WARNING: [Board 49-26] cannot add Board Part xilinx.com:vpk120_es:part0:1.3 available at /home/vanloi/Documents/Loi_study/Vivado/Vivado/2023.1/data/xhub/boards/XilinxBoardStore/boards/Xilinx/vpk120/es/1.3/board.xml as part xcvp1202-vsva2785-2mp-e-s-es1 specified in board_part file is either invalid or not available
WARNING: [Board 49-26] cannot add Board Part xilinx.com:vpk120_es_revb:part0:1.0 available at /home/vanloi/Documents/Loi_study/Vivado/Vivado/2023.1/data/xhub/boards/XilinxBoardStore/boards/Xilinx/vpk120_revb/es/1.0/board.xml as part xcvp1202-vsva2785-2mp-e-s-es1 specified in board_part file is either invalid or not available
WARNING: [Board 49-26] cannot add Board Part xilinx.com:vpk120_es_revb:part0:1.1 available at /home/vanloi/Documents/Loi_study/Vivado/Vivado/2023.1/data/xhub/boards/XilinxBoardStore/boards/Xilinx/vpk120_revb/es/1.1/board.xml as part xcvp1202-vsva2785-2mp-e-s-es1 specified in board_part file is either invalid or not available
WARNING: [Board 49-26] cannot add Board Part xilinx.com:vpk180:part0:1.0 available at /home/vanloi/Documents/Loi_study/Vivado/Vivado/2023.1/data/xhub/boards/XilinxBoardStore/boards/Xilinx/vpk180/production/1.0/board.xml as part xcvp1802-lsvc4072-2mp-e-s specified in board_part file is either invalid or not available
WARNING: [Board 49-26] cannot add Board Part xilinx.com:vpk180:part0:1.1 available at /home/vanloi/Documents/Loi_study/Vivado/Vivado/2023.1/data/xhub/boards/XilinxBoardStore/boards/Xilinx/vpk180/production/1.1/board.xml as part xcvp1802-lsvc4072-2mp-e-s specified in board_part file is either invalid or not available
WARNING: [Board 49-26] cannot add Board Part xilinx.com:vpk180_es:part0:1.0 available at /home/vanloi/Documents/Loi_study/Vivado/Vivado/2023.1/data/xhub/boards/XilinxBoardStore/boards/Xilinx/vpk180/es/1.0/board.xml as part xcvp1802-lsvc4072-2mp-e-s-es1 specified in board_part file is either invalid or not available
WARNING: [Board 49-26] cannot add Board Part xilinx.com:vpk180_es:part0:1.1 available at /home/vanloi/Documents/Loi_study/Vivado/Vivado/2023.1/data/xhub/boards/XilinxBoardStore/boards/Xilinx/vpk180/es/1.1/board.xml as part xcvp1802-lsvc4072-2mp-e-s-es1 specified in board_part file is either invalid or not available
WARNING: [Board 49-26] cannot add Board Part xilinx.com:zc706:part0:1.4 available at /home/vanloi/Documents/Loi_study/Vivado/Vivado/2023.1/data/xhub/boards/XilinxBoardStore/boards/Xilinx/zc706/1.4/board.xml as part xc7z045ffg900-2 specified in board_part file is either invalid or not available
WARNING: [Board 49-26] cannot add Board Part xilinx.com:zcu102:part0:3.3 available at /home/vanloi/Documents/Loi_study/Vivado/Vivado/2023.1/data/xhub/boards/XilinxBoardStore/boards/Xilinx/zcu102/3.3/board.xml as part xczu9eg-ffvb1156-2-e specified in board_part file is either invalid or not available
WARNING: [Board 49-26] cannot add Board Part xilinx.com:zcu102:part0:3.4 available at /home/vanloi/Documents/Loi_study/Vivado/Vivado/2023.1/data/xhub/boards/XilinxBoardStore/boards/Xilinx/zcu102/3.4/board.xml as part xczu9eg-ffvb1156-2-e specified in board_part file is either invalid or not available
WARNING: [Board 49-26] cannot add Board Part xilinx.com:zcu111:part0:1.2 available at /home/vanloi/Documents/Loi_study/Vivado/Vivado/2023.1/data/xhub/boards/XilinxBoardStore/boards/Xilinx/zcu111/1.2/board.xml as part xczu28dr-ffvg1517-2-e specified in board_part file is either invalid or not available
WARNING: [Board 49-26] cannot add Board Part xilinx.com:zcu111:part0:1.3 available at /home/vanloi/Documents/Loi_study/Vivado/Vivado/2023.1/data/xhub/boards/XilinxBoardStore/boards/Xilinx/zcu111/1.3/board.xml as part xczu28dr-ffvg1517-2-e specified in board_part file is either invalid or not available
WARNING: [Board 49-26] cannot add Board Part xilinx.com:zcu111:part0:1.4 available at /home/vanloi/Documents/Loi_study/Vivado/Vivado/2023.1/data/xhub/boards/XilinxBoardStore/boards/Xilinx/zcu111/1.4/board.xml as part xczu28dr-ffvg1517-2-e specified in board_part file is either invalid or not available
WARNING: [Board 49-26] cannot add Board Part xilinx.com:zcu1275:part0:1.0 available at /home/vanloi/Documents/Loi_study/Vivado/Vivado/2023.1/data/xhub/boards/XilinxBoardStore/boards/Xilinx/zcu1275/1.0/board.xml as part xczu29dr-ffvf1760-2-e specified in board_part file is either invalid or not available
WARNING: [Board 49-26] cannot add Board Part xilinx.com:zcu1285:part0:1.0 available at /home/vanloi/Documents/Loi_study/Vivado/Vivado/2023.1/data/xhub/boards/XilinxBoardStore/boards/Xilinx/zcu1285/1.0/board.xml as part xczu39dr-ffvf1760-2-i specified in board_part file is either invalid or not available
WARNING: [Board 49-26] cannot add Board Part xilinx.com:zcu208:part0:2.0 available at /home/vanloi/Documents/Loi_study/Vivado/Vivado/2023.1/data/xhub/boards/XilinxBoardStore/boards/Xilinx/zcu208/production/2.0/board.xml as part xczu48dr-fsvg1517-2-e specified in board_part file is either invalid or not available
WARNING: [Board 49-26] cannot add Board Part xilinx.com:zcu208ld:part0:2.0 available at /home/vanloi/Documents/Loi_study/Vivado/Vivado/2023.1/data/xhub/boards/XilinxBoardStore/boards/Xilinx/zcu208ld/production/2.0/board.xml as part xczu58dr-fsvg1517-2-i specified in board_part file is either invalid or not available
WARNING: [Board 49-26] cannot add Board Part xilinx.com:zcu216:part0:2.0 available at /home/vanloi/Documents/Loi_study/Vivado/Vivado/2023.1/data/xhub/boards/XilinxBoardStore/boards/Xilinx/zcu216/production/2.0/board.xml as part xczu49dr-ffvf1760-2-e specified in board_part file is either invalid or not available
WARNING: [Board 49-26] cannot add Board Part xilinx.com:zcu216ld:part0:2.0 available at /home/vanloi/Documents/Loi_study/Vivado/Vivado/2023.1/data/xhub/boards/XilinxBoardStore/boards/Xilinx/zcu216ld/production/2.0/board.xml as part xczu59dr-ffvf1760-2-i specified in board_part file is either invalid or not available
WARNING: [Board 49-26] cannot add Board Part xilinx.com:zcu670:part0:2.0 available at /home/vanloi/Documents/Loi_study/Vivado/Vivado/2023.1/data/xhub/boards/XilinxBoardStore/boards/Xilinx/zcu670/2.0/board.xml as part xczu67dr-fsve1156-2-i specified in board_part file is either invalid or not available
WARNING: [Board 49-26] cannot add Board Part xilinx.com:zcu670ld:part0:1.0 available at /home/vanloi/Documents/Loi_study/Vivado/Vivado/2023.1/data/xhub/boards/XilinxBoardStore/boards/Xilinx/zcu670ld/1.0/board.xml as part xczu57dr-fsve1156-2-i specified in board_part file is either invalid or not available
open_project /home/vanloi/Documents/Loi_study/DATN/vivado_LSTM/LSTM_accelerator/LSTM_accelerator.xpr
INFO: [filemgmt 56-3] Default IP Output Path : Could not find the directory '/home/vanloi/Documents/Loi_study/DATN/vivado_LSTM/LSTM_accelerator/LSTM_accelerator.gen/sources_1'.
Scanning sources...
Finished scanning sources
INFO: [IP_Flow 19-234] Refreshing IP repositories
INFO: [IP_Flow 19-1704] No user IP repositories specified
INFO: [IP_Flow 19-2313] Loaded Vivado IP repository '/home/vanloi/Documents/Loi_study/Vivado/Vivado/2023.1/data/ip'.
open_project: Time (s): cpu = 00:00:32 ; elapsed = 00:00:05 . Memory (MB): peak = 7772.957 ; gain = 134.867 ; free physical = 5520 ; free virtual = 13566
update_compile_order -fileset sources_1
create_fileset -simset operation_controller
file mkdir /home/vanloi/Documents/Loi_study/DATN/vivado_LSTM/LSTM_accelerator/LSTM_accelerator.srcs/operation_controller/new
set_property SOURCE_SET sources_1 [get_filesets operation_controller]
close [ open /home/vanloi/Documents/Loi_study/DATN/vivado_LSTM/LSTM_accelerator/LSTM_accelerator.srcs/operation_controller/new/tb_operation_controller.sv w ]
add_files -fileset operation_controller /home/vanloi/Documents/Loi_study/DATN/vivado_LSTM/LSTM_accelerator/LSTM_accelerator.srcs/operation_controller/new/tb_operation_controller.sv
update_compile_order -fileset operation_controller
update_compile_order -fileset operation_controller
set_property -name {xsim.simulate.runtime} -value {300ns} -objects [get_filesets tb_lstm_layer]
WARNING: [filemgmt 56-199] Attempt to get parsing info during refresh. "On-the-fly" syntax checking information may be incorrect. [/home/vanloi/Documents/Loi_study/DATN/vivado_LSTM/LSTM_accelerator/LSTM_accelerator.srcs/sources_1/new/calculate_cell.sv:]
WARNING: [filemgmt 56-199] Attempt to get parsing info during refresh. "On-the-fly" syntax checking information may be incorrect. [/home/vanloi/Documents/Loi_study/DATN/vivado_LSTM/LSTM_accelerator/LSTM_accelerator.srcs/sources_1/new/calculate_output.sv:]
WARNING: [filemgmt 56-199] Attempt to get parsing info during refresh. "On-the-fly" syntax checking information may be incorrect. [/home/vanloi/Documents/Loi_study/DATN/vivado_LSTM/LSTM_accelerator/LSTM_accelerator.srcs/sources_1/new/calculate_recurrent.sv:]
WARNING: [filemgmt 56-199] Attempt to get parsing info during refresh. "On-the-fly" syntax checking information may be incorrect. [/home/vanloi/Documents/Loi_study/DATN/vivado_LSTM/LSTM_accelerator/LSTM_accelerator.srcs/sources_1/new/calculate_weights_input.sv:]
WARNING: [filemgmt 56-199] Attempt to get parsing info during refresh. "On-the-fly" syntax checking information may be incorrect. [/home/vanloi/Documents/Loi_study/DATN/vivado_LSTM/LSTM_accelerator/LSTM_accelerator.srcs/sources_1/new/LSTM_Unit.sv:]
WARNING: [filemgmt 56-199] Attempt to get parsing info during refresh. "On-the-fly" syntax checking information may be incorrect. [/home/vanloi/Documents/Loi_study/DATN/vivado_LSTM/LSTM_accelerator/LSTM_accelerator.srcs/operation_controller/new/tb_operation_controller.sv:]
WARNING: [filemgmt 56-199] Attempt to get parsing info during refresh. "On-the-fly" syntax checking information may be incorrect. [/home/vanloi/Documents/Loi_study/DATN/vivado_LSTM/LSTM_accelerator/LSTM_accelerator.srcs/sources_1/new/lstm_layer.sv:]
WARNING: [filemgmt 56-199] Attempt to get parsing info during refresh. "On-the-fly" syntax checking information may be incorrect. [/home/vanloi/Documents/Loi_study/DATN/vivado_LSTM/LSTM_accelerator/LSTM_accelerator.srcs/sources_1/new/operation_controller.sv:]
WARNING: [filemgmt 56-199] Attempt to get parsing info during refresh. "On-the-fly" syntax checking information may be incorrect. [/home/vanloi/Documents/Loi_study/DATN/vivado_LSTM/LSTM_accelerator/LSTM_accelerator.srcs/sources_1/new/calculate_cell.sv:]
WARNING: [filemgmt 56-199] Attempt to get parsing info during refresh. "On-the-fly" syntax checking information may be incorrect. [/home/vanloi/Documents/Loi_study/DATN/vivado_LSTM/LSTM_accelerator/LSTM_accelerator.srcs/sources_1/new/calculate_output.sv:]
WARNING: [filemgmt 56-199] Attempt to get parsing info during refresh. "On-the-fly" syntax checking information may be incorrect. [/home/vanloi/Documents/Loi_study/DATN/vivado_LSTM/LSTM_accelerator/LSTM_accelerator.srcs/sources_1/new/calculate_recurrent.sv:]
WARNING: [filemgmt 56-199] Attempt to get parsing info during refresh. "On-the-fly" syntax checking information may be incorrect. [/home/vanloi/Documents/Loi_study/DATN/vivado_LSTM/LSTM_accelerator/LSTM_accelerator.srcs/sources_1/new/calculate_weights_input.sv:]
WARNING: [filemgmt 56-199] Attempt to get parsing info during refresh. "On-the-fly" syntax checking information may be incorrect. [/home/vanloi/Documents/Loi_study/DATN/vivado_LSTM/LSTM_accelerator/LSTM_accelerator.srcs/sources_1/new/LSTM_Unit.sv:]
WARNING: [filemgmt 56-199] Attempt to get parsing info during refresh. "On-the-fly" syntax checking information may be incorrect. [/home/vanloi/Documents/Loi_study/DATN/vivado_LSTM/LSTM_accelerator/LSTM_accelerator.srcs/operation_controller/new/tb_operation_controller.sv:]
WARNING: [filemgmt 56-199] Attempt to get parsing info during refresh. "On-the-fly" syntax checking information may be incorrect. [/home/vanloi/Documents/Loi_study/DATN/vivado_LSTM/LSTM_accelerator/LSTM_accelerator.srcs/sources_1/new/lstm_layer.sv:]
WARNING: [filemgmt 56-199] Attempt to get parsing info during refresh. "On-the-fly" syntax checking information may be incorrect. [/home/vanloi/Documents/Loi_study/DATN/vivado_LSTM/LSTM_accelerator/LSTM_accelerator.srcs/sources_1/new/operation_controller.sv:]
WARNING: [filemgmt 56-199] Attempt to get parsing info during refresh. "On-the-fly" syntax checking information may be incorrect. [/home/vanloi/Documents/Loi_study/DATN/vivado_LSTM/LSTM_accelerator/LSTM_accelerator.srcs/sources_1/new/calculate_cell.sv:]
WARNING: [filemgmt 56-199] Attempt to get parsing info during refresh. "On-the-fly" syntax checking information may be incorrect. [/home/vanloi/Documents/Loi_study/DATN/vivado_LSTM/LSTM_accelerator/LSTM_accelerator.srcs/sources_1/new/calculate_output.sv:]
WARNING: [filemgmt 56-199] Attempt to get parsing info during refresh. "On-the-fly" syntax checking information may be incorrect. [/home/vanloi/Documents/Loi_study/DATN/vivado_LSTM/LSTM_accelerator/LSTM_accelerator.srcs/sources_1/new/calculate_recurrent.sv:]
WARNING: [filemgmt 56-199] Attempt to get parsing info during refresh. "On-the-fly" syntax checking information may be incorrect. [/home/vanloi/Documents/Loi_study/DATN/vivado_LSTM/LSTM_accelerator/LSTM_accelerator.srcs/sources_1/new/calculate_weights_input.sv:]
WARNING: [filemgmt 56-199] Attempt to get parsing info during refresh. "On-the-fly" syntax checking information may be incorrect. [/home/vanloi/Documents/Loi_study/DATN/vivado_LSTM/LSTM_accelerator/LSTM_accelerator.srcs/sources_1/new/LSTM_Unit.sv:]
WARNING: [filemgmt 56-199] Attempt to get parsing info during refresh. "On-the-fly" syntax checking information may be incorrect. [/home/vanloi/Documents/Loi_study/DATN/vivado_LSTM/LSTM_accelerator/LSTM_accelerator.srcs/operation_controller/new/tb_operation_controller.sv:]
WARNING: [filemgmt 56-199] Attempt to get parsing info during refresh. "On-the-fly" syntax checking information may be incorrect. [/home/vanloi/Documents/Loi_study/DATN/vivado_LSTM/LSTM_accelerator/LSTM_accelerator.srcs/sources_1/new/lstm_layer.sv:]
WARNING: [filemgmt 56-199] Attempt to get parsing info during refresh. "On-the-fly" syntax checking information may be incorrect. [/home/vanloi/Documents/Loi_study/DATN/vivado_LSTM/LSTM_accelerator/LSTM_accelerator.srcs/sources_1/new/operation_controller.sv:]
WARNING: [filemgmt 56-199] Attempt to get parsing info during refresh. "On-the-fly" syntax checking information may be incorrect. [/home/vanloi/Documents/Loi_study/DATN/vivado_LSTM/LSTM_accelerator/LSTM_accelerator.srcs/sources_1/new/calculate_cell.sv:]
WARNING: [filemgmt 56-199] Attempt to get parsing info during refresh. "On-the-fly" syntax checking information may be incorrect. [/home/vanloi/Documents/Loi_study/DATN/vivado_LSTM/LSTM_accelerator/LSTM_accelerator.srcs/sources_1/new/calculate_output.sv:]
WARNING: [filemgmt 56-199] Attempt to get parsing info during refresh. "On-the-fly" syntax checking information may be incorrect. [/home/vanloi/Documents/Loi_study/DATN/vivado_LSTM/LSTM_accelerator/LSTM_accelerator.srcs/sources_1/new/calculate_recurrent.sv:]
WARNING: [filemgmt 56-199] Attempt to get parsing info during refresh. "On-the-fly" syntax checking information may be incorrect. [/home/vanloi/Documents/Loi_study/DATN/vivado_LSTM/LSTM_accelerator/LSTM_accelerator.srcs/sources_1/new/calculate_weights_input.sv:]
WARNING: [filemgmt 56-199] Attempt to get parsing info during refresh. "On-the-fly" syntax checking information may be incorrect. [/home/vanloi/Documents/Loi_study/DATN/vivado_LSTM/LSTM_accelerator/LSTM_accelerator.srcs/sources_1/new/LSTM_Unit.sv:]
WARNING: [filemgmt 56-199] Attempt to get parsing info during refresh. "On-the-fly" syntax checking information may be incorrect. [/home/vanloi/Documents/Loi_study/DATN/vivado_LSTM/LSTM_accelerator/LSTM_accelerator.srcs/operation_controller/new/tb_operation_controller.sv:]
WARNING: [filemgmt 56-199] Attempt to get parsing info during refresh. "On-the-fly" syntax checking information may be incorrect. [/home/vanloi/Documents/Loi_study/DATN/vivado_LSTM/LSTM_accelerator/LSTM_accelerator.srcs/sources_1/new/lstm_layer.sv:]
WARNING: [filemgmt 56-199] Attempt to get parsing info during refresh. "On-the-fly" syntax checking information may be incorrect. [/home/vanloi/Documents/Loi_study/DATN/vivado_LSTM/LSTM_accelerator/LSTM_accelerator.srcs/sources_1/new/operation_controller.sv:]
WARNING: [filemgmt 56-199] Attempt to get parsing info during refresh. "On-the-fly" syntax checking information may be incorrect. [/home/vanloi/Documents/Loi_study/DATN/vivado_LSTM/LSTM_accelerator/LSTM_accelerator.srcs/sources_1/new/calculate_cell.sv:]
WARNING: [filemgmt 56-199] Attempt to get parsing info during refresh. "On-the-fly" syntax checking information may be incorrect. [/home/vanloi/Documents/Loi_study/DATN/vivado_LSTM/LSTM_accelerator/LSTM_accelerator.srcs/sources_1/new/calculate_output.sv:]
WARNING: [filemgmt 56-199] Attempt to get parsing info during refresh. "On-the-fly" syntax checking information may be incorrect. [/home/vanloi/Documents/Loi_study/DATN/vivado_LSTM/LSTM_accelerator/LSTM_accelerator.srcs/sources_1/new/calculate_recurrent.sv:]
WARNING: [filemgmt 56-199] Attempt to get parsing info during refresh. "On-the-fly" syntax checking information may be incorrect. [/home/vanloi/Documents/Loi_study/DATN/vivado_LSTM/LSTM_accelerator/LSTM_accelerator.srcs/sources_1/new/calculate_weights_input.sv:]
WARNING: [filemgmt 56-199] Attempt to get parsing info during refresh. "On-the-fly" syntax checking information may be incorrect. [/home/vanloi/Documents/Loi_study/DATN/vivado_LSTM/LSTM_accelerator/LSTM_accelerator.srcs/sources_1/new/LSTM_Unit.sv:]
WARNING: [filemgmt 56-199] Attempt to get parsing info during refresh. "On-the-fly" syntax checking information may be incorrect. [/home/vanloi/Documents/Loi_study/DATN/vivado_LSTM/LSTM_accelerator/LSTM_accelerator.srcs/operation_controller/new/tb_operation_controller.sv:]
WARNING: [filemgmt 56-199] Attempt to get parsing info during refresh. "On-the-fly" syntax checking information may be incorrect. [/home/vanloi/Documents/Loi_study/DATN/vivado_LSTM/LSTM_accelerator/LSTM_accelerator.srcs/sources_1/new/lstm_layer.sv:]
WARNING: [filemgmt 56-199] Attempt to get parsing info during refresh. "On-the-fly" syntax checking information may be incorrect. [/home/vanloi/Documents/Loi_study/DATN/vivado_LSTM/LSTM_accelerator/LSTM_accelerator.srcs/sources_1/new/operation_controller.sv:]
WARNING: [filemgmt 56-199] Attempt to get parsing info during refresh. "On-the-fly" syntax checking information may be incorrect. [/home/vanloi/Documents/Loi_study/DATN/vivado_LSTM/LSTM_accelerator/LSTM_accelerator.srcs/sources_1/new/calculate_cell.sv:]
WARNING: [filemgmt 56-199] Attempt to get parsing info during refresh. "On-the-fly" syntax checking information may be incorrect. [/home/vanloi/Documents/Loi_study/DATN/vivado_LSTM/LSTM_accelerator/LSTM_accelerator.srcs/sources_1/new/calculate_output.sv:]
WARNING: [filemgmt 56-199] Attempt to get parsing info during refresh. "On-the-fly" syntax checking information may be incorrect. [/home/vanloi/Documents/Loi_study/DATN/vivado_LSTM/LSTM_accelerator/LSTM_accelerator.srcs/sources_1/new/calculate_recurrent.sv:]
WARNING: [filemgmt 56-199] Attempt to get parsing info during refresh. "On-the-fly" syntax checking information may be incorrect. [/home/vanloi/Documents/Loi_study/DATN/vivado_LSTM/LSTM_accelerator/LSTM_accelerator.srcs/sources_1/new/calculate_weights_input.sv:]
WARNING: [filemgmt 56-199] Attempt to get parsing info during refresh. "On-the-fly" syntax checking information may be incorrect. [/home/vanloi/Documents/Loi_study/DATN/vivado_LSTM/LSTM_accelerator/LSTM_accelerator.srcs/sources_1/new/LSTM_Unit.sv:]
WARNING: [filemgmt 56-199] Attempt to get parsing info during refresh. "On-the-fly" syntax checking information may be incorrect. [/home/vanloi/Documents/Loi_study/DATN/vivado_LSTM/LSTM_accelerator/LSTM_accelerator.srcs/operation_controller/new/tb_operation_controller.sv:]
WARNING: [filemgmt 56-199] Attempt to get parsing info during refresh. "On-the-fly" syntax checking information may be incorrect. [/home/vanloi/Documents/Loi_study/DATN/vivado_LSTM/LSTM_accelerator/LSTM_accelerator.srcs/sources_1/new/lstm_layer.sv:]
WARNING: [filemgmt 56-199] Attempt to get parsing info during refresh. "On-the-fly" syntax checking information may be incorrect. [/home/vanloi/Documents/Loi_study/DATN/vivado_LSTM/LSTM_accelerator/LSTM_accelerator.srcs/sources_1/new/operation_controller.sv:]
current_fileset -simset [ get_filesets operation_controller ]
launch_simulation -simset [get_filesets operation_controller ]
Command: launch_simulation  -simset operation_controller
INFO: [Vivado 12-12493] Simulation top is 'tb_operation_controller'
INFO: [Vivado 12-5682] Launching behavioral simulation in '/home/vanloi/Documents/Loi_study/DATN/vivado_LSTM/LSTM_accelerator/LSTM_accelerator.sim/operation_controller/behav/xsim'
INFO: [SIM-utils-51] Simulation object is 'operation_controller'
INFO: [SIM-utils-72] Using boost library from '/home/vanloi/Documents/Loi_study/Vivado/Vivado/2023.1/tps/boost_1_72_0'
INFO: [SIM-utils-54] Inspecting design source files for 'tb_operation_controller' in fileset 'operation_controller'...
INFO: [USF-XSim-97] Finding global include files...
INFO: [USF-XSim-98] Fetching design files from 'operation_controller'...
INFO: [USF-XSim-2] XSim::Compile design
INFO: [USF-XSim-61] Executing 'COMPILE and ANALYZE' step in '/home/vanloi/Documents/Loi_study/DATN/vivado_LSTM/LSTM_accelerator/LSTM_accelerator.sim/operation_controller/behav/xsim'
xvlog --incr --relax -L uvm -prj tb_operation_controller_vlog.prj
INFO: [VRFC 10-2263] Analyzing SystemVerilog file "/home/vanloi/Documents/Loi_study/DATN/vivado_LSTM/LSTM_accelerator/LSTM_accelerator.srcs/sources_1/new/LSTM_Unit.sv" into library xil_defaultlib
INFO: [VRFC 10-311] analyzing module LSTM_Unit
INFO: [VRFC 10-2263] Analyzing SystemVerilog file "/home/vanloi/Documents/Loi_study/DATN/vivado_LSTM/LSTM_accelerator/LSTM_accelerator.srcs/sources_1/new/calculate_cell.sv" into library xil_defaultlib
INFO: [VRFC 10-311] analyzing module calculate_cell
INFO: [VRFC 10-2263] Analyzing SystemVerilog file "/home/vanloi/Documents/Loi_study/DATN/vivado_LSTM/LSTM_accelerator/LSTM_accelerator.srcs/sources_1/new/calculate_output.sv" into library xil_defaultlib
INFO: [VRFC 10-311] analyzing module calculate_output
INFO: [VRFC 10-2263] Analyzing SystemVerilog file "/home/vanloi/Documents/Loi_study/DATN/vivado_LSTM/LSTM_accelerator/LSTM_accelerator.srcs/sources_1/new/calculate_recurrent.sv" into library xil_defaultlib
INFO: [VRFC 10-311] analyzing module calculate_recurrent
INFO: [VRFC 10-2263] Analyzing SystemVerilog file "/home/vanloi/Documents/Loi_study/DATN/vivado_LSTM/LSTM_accelerator/LSTM_accelerator.srcs/sources_1/new/calculate_weights_input.sv" into library xil_defaultlib
INFO: [VRFC 10-311] analyzing module calculate_weights_input
INFO: [VRFC 10-2263] Analyzing SystemVerilog file "/home/vanloi/Documents/Loi_study/DATN/vivado_LSTM/LSTM_accelerator/LSTM_accelerator.srcs/sources_1/new/lstm_layer.sv" into library xil_defaultlib
INFO: [VRFC 10-311] analyzing module lstm_layer
INFO: [VRFC 10-2263] Analyzing SystemVerilog file "/home/vanloi/Documents/Loi_study/DATN/vivado_LSTM/LSTM_accelerator/LSTM_accelerator.srcs/sources_1/new/operation_controller.sv" into library xil_defaultlib
INFO: [VRFC 10-311] analyzing module operation_controller
INFO: [VRFC 10-2263] Analyzing SystemVerilog file "/home/vanloi/Documents/Loi_study/DATN/vivado_LSTM/LSTM_accelerator/LSTM_accelerator.srcs/sources_1/new/sigmoid.sv" into library xil_defaultlib
INFO: [VRFC 10-311] analyzing module sigmoid
INFO: [VRFC 10-2263] Analyzing SystemVerilog file "/home/vanloi/Documents/Loi_study/DATN/vivado_LSTM/LSTM_accelerator/LSTM_accelerator.srcs/sources_1/new/tanh.sv" into library xil_defaultlib
INFO: [VRFC 10-311] analyzing module tanh
INFO: [VRFC 10-2263] Analyzing SystemVerilog file "/home/vanloi/Documents/Loi_study/DATN/vivado_LSTM/LSTM_accelerator/LSTM_accelerator.srcs/sources_1/new/tanh_16b.sv" into library xil_defaultlib
INFO: [VRFC 10-311] analyzing module tanh_16b
INFO: [VRFC 10-2263] Analyzing SystemVerilog file "/home/vanloi/Documents/Loi_study/DATN/vivado_LSTM/LSTM_accelerator/LSTM_accelerator.srcs/operation_controller/new/tb_operation_controller.sv" into library xil_defaultlib
INFO: [VRFC 10-311] analyzing module tb_operation_controller
INFO: [VRFC 10-2263] Analyzing Verilog file "/home/vanloi/Documents/Loi_study/DATN/vivado_LSTM/LSTM_accelerator/LSTM_accelerator.sim/operation_controller/behav/xsim/glbl.v" into library xil_defaultlib
INFO: [VRFC 10-311] analyzing module glbl
Waiting for jobs to finish...
No pending jobs, compilation finished.
INFO: [USF-XSim-69] 'compile' step finished in '1' seconds
INFO: [USF-XSim-3] XSim::Elaborate design
INFO: [USF-XSim-61] Executing 'ELABORATE' step in '/home/vanloi/Documents/Loi_study/DATN/vivado_LSTM/LSTM_accelerator/LSTM_accelerator.sim/operation_controller/behav/xsim'
xelab --incr --debug typical --relax --mt 8 -L xil_defaultlib -L uvm -L unisims_ver -L unimacro_ver -L secureip --snapshot tb_operation_controller_behav xil_defaultlib.tb_operation_controller xil_defaultlib.glbl -log elaborate.log
Vivado Simulator v2023.1
Copyright 1986-2022 Xilinx, Inc. All Rights Reserved.
Copyright 2022-2023 Advanced Micro Devices, Inc. All Rights Reserved.
Running: /home/vanloi/Documents/Loi_study/Vivado/Vivado/2023.1/bin/unwrapped/lnx64.o/xelab --incr --debug typical --relax --mt 8 -L xil_defaultlib -L uvm -L unisims_ver -L unimacro_ver -L secureip --snapshot tb_operation_controller_behav xil_defaultlib.tb_operation_controller xil_defaultlib.glbl -log elaborate.log 
Using 8 slave threads.
Starting static elaboration
Pass Through NonSizing Optimizer
WARNING: [VRFC 10-3091] actual bit length 16 differs from formal bit length 8 for port 'prev_ht' [/home/vanloi/Documents/Loi_study/DATN/vivado_LSTM/LSTM_accelerator/LSTM_accelerator.srcs/sources_1/new/LSTM_Unit.sv:187]
WARNING: [VRFC 10-5021] port 'vector_h_prev' is not connected on this instance [/home/vanloi/Documents/Loi_study/DATN/vivado_LSTM/LSTM_accelerator/LSTM_accelerator.srcs/operation_controller/new/tb_operation_controller.sv:51]
ERROR: [VRFC 10-9171] mixed concurrent and procedural assignments on 'prev_ht' [/home/vanloi/Documents/Loi_study/DATN/vivado_LSTM/LSTM_accelerator/LSTM_accelerator.srcs/sources_1/new/LSTM_Unit.sv:187]
WARNING: [VRFC 10-3823] variable 'prev_ht' might have multiple concurrent drivers [/home/vanloi/Documents/Loi_study/DATN/vivado_LSTM/LSTM_accelerator/LSTM_accelerator.srcs/sources_1/new/LSTM_Unit.sv:187]
ERROR: [VRFC 10-395] cannot assign a packed type to an unpacked type [/home/vanloi/Documents/Loi_study/DATN/vivado_LSTM/LSTM_accelerator/LSTM_accelerator.srcs/sources_1/new/LSTM_Unit.sv:187]
ERROR: [XSIM 43-3322] Static elaboration of top level Verilog design unit(s) in library work failed.
INFO: [USF-XSim-69] 'elaborate' step finished in '1' seconds
INFO: [USF-XSim-99] Step results log file:'/home/vanloi/Documents/Loi_study/DATN/vivado_LSTM/LSTM_accelerator/LSTM_accelerator.sim/operation_controller/behav/xsim/elaborate.log'
ERROR: [USF-XSim-62] 'elaborate' step failed with error(s). Please check the Tcl console output or '/home/vanloi/Documents/Loi_study/DATN/vivado_LSTM/LSTM_accelerator/LSTM_accelerator.sim/operation_controller/behav/xsim/elaborate.log' file for more information.
ERROR: [Vivado 12-4473] Detected error while running simulation. Please correct the issue and retry this operation.
ERROR: [Common 17-39] 'launch_simulation' failed due to earlier errors.
launch_simulation -simset [get_filesets operation_controller ]
Command: launch_simulation  -simset operation_controller
INFO: [Vivado 12-12493] Simulation top is 'tb_operation_controller'
INFO: [Vivado 12-5682] Launching behavioral simulation in '/home/vanloi/Documents/Loi_study/DATN/vivado_LSTM/LSTM_accelerator/LSTM_accelerator.sim/operation_controller/behav/xsim'
INFO: [SIM-utils-51] Simulation object is 'operation_controller'
INFO: [SIM-utils-72] Using boost library from '/home/vanloi/Documents/Loi_study/Vivado/Vivado/2023.1/tps/boost_1_72_0'
INFO: [SIM-utils-54] Inspecting design source files for 'tb_operation_controller' in fileset 'operation_controller'...
INFO: [USF-XSim-97] Finding global include files...
INFO: [USF-XSim-98] Fetching design files from 'operation_controller'...
INFO: [USF-XSim-2] XSim::Compile design
INFO: [USF-XSim-61] Executing 'COMPILE and ANALYZE' step in '/home/vanloi/Documents/Loi_study/DATN/vivado_LSTM/LSTM_accelerator/LSTM_accelerator.sim/operation_controller/behav/xsim'
xvlog --incr --relax -L uvm -prj tb_operation_controller_vlog.prj
INFO: [VRFC 10-2263] Analyzing SystemVerilog file "/home/vanloi/Documents/Loi_study/DATN/vivado_LSTM/LSTM_accelerator/LSTM_accelerator.srcs/sources_1/new/LSTM_Unit.sv" into library xil_defaultlib
INFO: [VRFC 10-311] analyzing module LSTM_Unit
INFO: [VRFC 10-2263] Analyzing SystemVerilog file "/home/vanloi/Documents/Loi_study/DATN/vivado_LSTM/LSTM_accelerator/LSTM_accelerator.srcs/sources_1/new/calculate_cell.sv" into library xil_defaultlib
INFO: [VRFC 10-311] analyzing module calculate_cell
INFO: [VRFC 10-2263] Analyzing SystemVerilog file "/home/vanloi/Documents/Loi_study/DATN/vivado_LSTM/LSTM_accelerator/LSTM_accelerator.srcs/sources_1/new/calculate_output.sv" into library xil_defaultlib
INFO: [VRFC 10-311] analyzing module calculate_output
INFO: [VRFC 10-2263] Analyzing SystemVerilog file "/home/vanloi/Documents/Loi_study/DATN/vivado_LSTM/LSTM_accelerator/LSTM_accelerator.srcs/sources_1/new/calculate_recurrent.sv" into library xil_defaultlib
INFO: [VRFC 10-311] analyzing module calculate_recurrent
INFO: [VRFC 10-2263] Analyzing SystemVerilog file "/home/vanloi/Documents/Loi_study/DATN/vivado_LSTM/LSTM_accelerator/LSTM_accelerator.srcs/sources_1/new/calculate_weights_input.sv" into library xil_defaultlib
INFO: [VRFC 10-311] analyzing module calculate_weights_input
INFO: [VRFC 10-2263] Analyzing SystemVerilog file "/home/vanloi/Documents/Loi_study/DATN/vivado_LSTM/LSTM_accelerator/LSTM_accelerator.srcs/sources_1/new/lstm_layer.sv" into library xil_defaultlib
INFO: [VRFC 10-311] analyzing module lstm_layer
INFO: [VRFC 10-2263] Analyzing SystemVerilog file "/home/vanloi/Documents/Loi_study/DATN/vivado_LSTM/LSTM_accelerator/LSTM_accelerator.srcs/sources_1/new/operation_controller.sv" into library xil_defaultlib
INFO: [VRFC 10-311] analyzing module operation_controller
INFO: [VRFC 10-2263] Analyzing SystemVerilog file "/home/vanloi/Documents/Loi_study/DATN/vivado_LSTM/LSTM_accelerator/LSTM_accelerator.srcs/sources_1/new/sigmoid.sv" into library xil_defaultlib
INFO: [VRFC 10-311] analyzing module sigmoid
INFO: [VRFC 10-2263] Analyzing SystemVerilog file "/home/vanloi/Documents/Loi_study/DATN/vivado_LSTM/LSTM_accelerator/LSTM_accelerator.srcs/sources_1/new/tanh.sv" into library xil_defaultlib
INFO: [VRFC 10-311] analyzing module tanh
INFO: [VRFC 10-2263] Analyzing SystemVerilog file "/home/vanloi/Documents/Loi_study/DATN/vivado_LSTM/LSTM_accelerator/LSTM_accelerator.srcs/sources_1/new/tanh_16b.sv" into library xil_defaultlib
INFO: [VRFC 10-311] analyzing module tanh_16b
INFO: [VRFC 10-2263] Analyzing SystemVerilog file "/home/vanloi/Documents/Loi_study/DATN/vivado_LSTM/LSTM_accelerator/LSTM_accelerator.srcs/operation_controller/new/tb_operation_controller.sv" into library xil_defaultlib
INFO: [VRFC 10-311] analyzing module tb_operation_controller
Waiting for jobs to finish...
No pending jobs, compilation finished.
INFO: [USF-XSim-69] 'compile' step finished in '1' seconds
INFO: [USF-XSim-3] XSim::Elaborate design
INFO: [USF-XSim-61] Executing 'ELABORATE' step in '/home/vanloi/Documents/Loi_study/DATN/vivado_LSTM/LSTM_accelerator/LSTM_accelerator.sim/operation_controller/behav/xsim'
xelab --incr --debug typical --relax --mt 8 -L xil_defaultlib -L uvm -L unisims_ver -L unimacro_ver -L secureip --snapshot tb_operation_controller_behav xil_defaultlib.tb_operation_controller xil_defaultlib.glbl -log elaborate.log
Vivado Simulator v2023.1
Copyright 1986-2022 Xilinx, Inc. All Rights Reserved.
Copyright 2022-2023 Advanced Micro Devices, Inc. All Rights Reserved.
Running: /home/vanloi/Documents/Loi_study/Vivado/Vivado/2023.1/bin/unwrapped/lnx64.o/xelab --incr --debug typical --relax --mt 8 -L xil_defaultlib -L uvm -L unisims_ver -L unimacro_ver -L secureip --snapshot tb_operation_controller_behav xil_defaultlib.tb_operation_controller xil_defaultlib.glbl -log elaborate.log 
Using 8 slave threads.
Starting static elaboration
Pass Through NonSizing Optimizer
WARNING: [VRFC 10-3091] actual bit length 16 differs from formal bit length 8 for port 'prev_ht' [/home/vanloi/Documents/Loi_study/DATN/vivado_LSTM/LSTM_accelerator/LSTM_accelerator.srcs/sources_1/new/LSTM_Unit.sv:187]
WARNING: [VRFC 10-5021] port 'vector_h_prev' is not connected on this instance [/home/vanloi/Documents/Loi_study/DATN/vivado_LSTM/LSTM_accelerator/LSTM_accelerator.srcs/operation_controller/new/tb_operation_controller.sv:51]
ERROR: [VRFC 10-395] cannot assign a packed type to an unpacked type [/home/vanloi/Documents/Loi_study/DATN/vivado_LSTM/LSTM_accelerator/LSTM_accelerator.srcs/sources_1/new/LSTM_Unit.sv:187]
ERROR: [XSIM 43-3322] Static elaboration of top level Verilog design unit(s) in library work failed.
INFO: [USF-XSim-69] 'elaborate' step finished in '1' seconds
INFO: [USF-XSim-99] Step results log file:'/home/vanloi/Documents/Loi_study/DATN/vivado_LSTM/LSTM_accelerator/LSTM_accelerator.sim/operation_controller/behav/xsim/elaborate.log'
ERROR: [USF-XSim-62] 'elaborate' step failed with error(s). Please check the Tcl console output or '/home/vanloi/Documents/Loi_study/DATN/vivado_LSTM/LSTM_accelerator/LSTM_accelerator.sim/operation_controller/behav/xsim/elaborate.log' file for more information.
ERROR: [Vivado 12-4473] Detected error while running simulation. Please correct the issue and retry this operation.
ERROR: [Common 17-39] 'launch_simulation' failed due to earlier errors.
exit
INFO: [Common 17-206] Exiting Vivado at Sat Mar 23 17:22:24 2024...
