
*** Running vivado
    with args -log operation_controller.vds -m64 -product Vivado -mode batch -messageDb vivado.pb -notrace -source operation_controller.tcl


****** Vivado v2023.1 (64-bit)
  **** SW Build 3865809 on Sun May  7 15:04:56 MDT 2023
  **** IP Build 3864474 on Sun May  7 20:36:21 MDT 2023
  **** SharedData Build 3865790 on Sun May 07 13:33:03 MDT 2023
    ** Copyright 1986-2022 Xilinx, Inc. All Rights Reserved.
    ** Copyright 2022-2023 Advanced Micro Devices, Inc. All Rights Reserved.

source operation_controller.tcl -notrace
Command: read_checkpoint -auto_incremental -incremental /home/vanloi/Documents/Loi_study/DATN/vivado_LSTM/LSTM_accelerator/LSTM_accelerator.srcs/utils_1/imports/synth_1/LSTM_Unit.dcp
INFO: [Vivado 12-5825] Read reference checkpoint from /home/vanloi/Documents/Loi_study/DATN/vivado_LSTM/LSTM_accelerator/LSTM_accelerator.srcs/utils_1/imports/synth_1/LSTM_Unit.dcp for incremental synthesis
INFO: [Vivado 12-7989] Please ensure there are no constraint changes
Command: synth_design -top operation_controller -part xc7a35ticsg324-1L
Starting synth_design
Attempting to get a license for feature 'Synthesis' and/or device 'xc7a35ti'
INFO: [Common 17-349] Got license for feature 'Synthesis' and/or device 'xc7a35ti'
INFO: [Designutils 20-5440] No compile time benefit to using incremental synthesis; A full resynthesis will be run
INFO: [Designutils 20-4379] Flow is switching to default flow due to incremental criteria not met. If you would like to alter this behaviour and have the flow terminate instead, please set the following parameter config_implementation {autoIncr.Synth.RejectBehavior Terminate}
INFO: [Synth 8-7079] Multithreading enabled for synth_design using a maximum of 4 processes.
INFO: [Synth 8-7078] Launching helper process for spawning children vivado processes
INFO: [Synth 8-7075] Helper process launched with PID 18945
---------------------------------------------------------------------------------
Starting Synthesize : Time (s): cpu = 00:00:02 ; elapsed = 00:00:02 . Memory (MB): peak = 1690.527 ; gain = 351.832 ; free physical = 2054 ; free virtual = 10519
---------------------------------------------------------------------------------
INFO: [Synth 8-6157] synthesizing module 'operation_controller' [/home/vanloi/Documents/Loi_study/DATN/vivado_LSTM/LSTM_accelerator/LSTM_accelerator.srcs/sources_1/new/operation_controller.sv:23]
INFO: [Synth 8-6157] synthesizing module 'lstm_layer' [/home/vanloi/Documents/Loi_study/DATN/vivado_LSTM/LSTM_accelerator/LSTM_accelerator.srcs/sources_1/new/lstm_layer.sv:23]
	Parameter NUMBER_OF_UNITS bound to: 2 - type: integer 
	Parameter NUMBER_OF_FEATURES bound to: 2 - type: integer 
INFO: [Synth 8-6157] synthesizing module 'LSTM_Unit' [/home/vanloi/Documents/Loi_study/DATN/vivado_LSTM/LSTM_accelerator/LSTM_accelerator.srcs/sources_1/new/LSTM_Unit.sv:23]
	Parameter NUMBER_OF_FEATURES bound to: 2 - type: integer 
	Parameter NUMBER_OF_UNITS bound to: 2 - type: integer 
	Parameter INDEX bound to: 0 - type: integer 
INFO: [Synth 8-6157] synthesizing module 'calculate_weights_input' [/home/vanloi/Documents/Loi_study/DATN/vivado_LSTM/LSTM_accelerator/LSTM_accelerator.srcs/sources_1/new/calculate_weights_input.sv:23]
	Parameter NUMBER_OF_FEATURES bound to: 2 - type: integer 
	Parameter NUMBER_OF_UNITS bound to: 2 - type: integer 
INFO: [Synth 8-6155] done synthesizing module 'calculate_weights_input' (0#1) [/home/vanloi/Documents/Loi_study/DATN/vivado_LSTM/LSTM_accelerator/LSTM_accelerator.srcs/sources_1/new/calculate_weights_input.sv:23]
INFO: [Synth 8-6157] synthesizing module 'calculate_recurrent' [/home/vanloi/Documents/Loi_study/DATN/vivado_LSTM/LSTM_accelerator/LSTM_accelerator.srcs/sources_1/new/calculate_recurrent.sv:23]
	Parameter NUMBER_OF_FEATURES bound to: 2 - type: integer 
	Parameter NUMBER_OF_UNITS bound to: 2 - type: integer 
INFO: [Synth 8-6157] synthesizing module 'sigmoid' [/home/vanloi/Documents/Loi_study/DATN/vivado_LSTM/LSTM_accelerator/LSTM_accelerator.srcs/sources_1/new/sigmoid.sv:23]
	Parameter INPUT_WIDTH bound to: 32 - type: integer 
	Parameter OUTPUT_WIDTH bound to: 8 - type: integer 
INFO: [Synth 8-6155] done synthesizing module 'sigmoid' (0#1) [/home/vanloi/Documents/Loi_study/DATN/vivado_LSTM/LSTM_accelerator/LSTM_accelerator.srcs/sources_1/new/sigmoid.sv:23]
INFO: [Synth 8-6157] synthesizing module 'tanh' [/home/vanloi/Documents/Loi_study/DATN/vivado_LSTM/LSTM_accelerator/LSTM_accelerator.srcs/sources_1/new/tanh.sv:24]
	Parameter OUTPUT_WIDTH bound to: 8 - type: integer 
	Parameter INPUT_WIDTH bound to: 32 - type: integer 
INFO: [Synth 8-6155] done synthesizing module 'tanh' (0#1) [/home/vanloi/Documents/Loi_study/DATN/vivado_LSTM/LSTM_accelerator/LSTM_accelerator.srcs/sources_1/new/tanh.sv:24]
INFO: [Synth 8-6155] done synthesizing module 'calculate_recurrent' (0#1) [/home/vanloi/Documents/Loi_study/DATN/vivado_LSTM/LSTM_accelerator/LSTM_accelerator.srcs/sources_1/new/calculate_recurrent.sv:23]
INFO: [Synth 8-6157] synthesizing module 'calculate_cell' [/home/vanloi/Documents/Loi_study/DATN/vivado_LSTM/LSTM_accelerator/LSTM_accelerator.srcs/sources_1/new/calculate_cell.sv:23]
	Parameter NUMBER_OF_FEATURES bound to: 2 - type: integer 
	Parameter NUMBER_OF_UNITS bound to: 2 - type: integer 
INFO: [Synth 8-6157] synthesizing module 'tanh_16b' [/home/vanloi/Documents/Loi_study/DATN/vivado_LSTM/LSTM_accelerator/LSTM_accelerator.srcs/sources_1/new/tanh_16b.sv:23]
	Parameter INPUT_WIDTH bound to: 16 - type: integer 
	Parameter OUTPUT_WIDTH bound to: 8 - type: integer 
INFO: [Synth 8-6155] done synthesizing module 'tanh_16b' (0#1) [/home/vanloi/Documents/Loi_study/DATN/vivado_LSTM/LSTM_accelerator/LSTM_accelerator.srcs/sources_1/new/tanh_16b.sv:23]
INFO: [Synth 8-6155] done synthesizing module 'calculate_cell' (0#1) [/home/vanloi/Documents/Loi_study/DATN/vivado_LSTM/LSTM_accelerator/LSTM_accelerator.srcs/sources_1/new/calculate_cell.sv:23]
INFO: [Synth 8-6157] synthesizing module 'calculate_output' [/home/vanloi/Documents/Loi_study/DATN/vivado_LSTM/LSTM_accelerator/LSTM_accelerator.srcs/sources_1/new/calculate_output.sv:23]
	Parameter NUMBER_OF_FEATURES bound to: 2 - type: integer 
	Parameter NUMBER_OF_UNITS bound to: 2 - type: integer 
	Parameter INDEX bound to: 0 - type: integer 
INFO: [Synth 8-6155] done synthesizing module 'calculate_output' (0#1) [/home/vanloi/Documents/Loi_study/DATN/vivado_LSTM/LSTM_accelerator/LSTM_accelerator.srcs/sources_1/new/calculate_output.sv:23]
WARNING: [Synth 8-6104] Input port 'vector_ht_prev' has an internal driver [/home/vanloi/Documents/Loi_study/DATN/vivado_LSTM/LSTM_accelerator/LSTM_accelerator.srcs/sources_1/new/LSTM_Unit.sv:190]
INFO: [Synth 8-6155] done synthesizing module 'LSTM_Unit' (0#1) [/home/vanloi/Documents/Loi_study/DATN/vivado_LSTM/LSTM_accelerator/LSTM_accelerator.srcs/sources_1/new/LSTM_Unit.sv:23]
INFO: [Synth 8-6157] synthesizing module 'LSTM_Unit__parameterized0' [/home/vanloi/Documents/Loi_study/DATN/vivado_LSTM/LSTM_accelerator/LSTM_accelerator.srcs/sources_1/new/LSTM_Unit.sv:23]
	Parameter NUMBER_OF_FEATURES bound to: 2 - type: integer 
	Parameter NUMBER_OF_UNITS bound to: 2 - type: integer 
	Parameter INDEX bound to: 1 - type: integer 
INFO: [Synth 8-6157] synthesizing module 'calculate_output__parameterized0' [/home/vanloi/Documents/Loi_study/DATN/vivado_LSTM/LSTM_accelerator/LSTM_accelerator.srcs/sources_1/new/calculate_output.sv:23]
	Parameter NUMBER_OF_FEATURES bound to: 2 - type: integer 
	Parameter NUMBER_OF_UNITS bound to: 2 - type: integer 
	Parameter INDEX bound to: 1 - type: integer 
INFO: [Synth 8-6155] done synthesizing module 'calculate_output__parameterized0' (0#1) [/home/vanloi/Documents/Loi_study/DATN/vivado_LSTM/LSTM_accelerator/LSTM_accelerator.srcs/sources_1/new/calculate_output.sv:23]
WARNING: [Synth 8-6104] Input port 'vector_ht_prev' has an internal driver [/home/vanloi/Documents/Loi_study/DATN/vivado_LSTM/LSTM_accelerator/LSTM_accelerator.srcs/sources_1/new/LSTM_Unit.sv:190]
INFO: [Synth 8-6155] done synthesizing module 'LSTM_Unit__parameterized0' (0#1) [/home/vanloi/Documents/Loi_study/DATN/vivado_LSTM/LSTM_accelerator/LSTM_accelerator.srcs/sources_1/new/LSTM_Unit.sv:23]
INFO: [Synth 8-6155] done synthesizing module 'lstm_layer' (0#1) [/home/vanloi/Documents/Loi_study/DATN/vivado_LSTM/LSTM_accelerator/LSTM_accelerator.srcs/sources_1/new/lstm_layer.sv:23]
INFO: [Synth 8-6155] done synthesizing module 'operation_controller' (0#1) [/home/vanloi/Documents/Loi_study/DATN/vivado_LSTM/LSTM_accelerator/LSTM_accelerator.srcs/sources_1/new/operation_controller.sv:23]
WARNING: [Synth 8-6014] Unused sequential element finish_layer_reg was removed.  [/home/vanloi/Documents/Loi_study/DATN/vivado_LSTM/LSTM_accelerator/LSTM_accelerator.srcs/sources_1/new/operation_controller.sv:121]
---------------------------------------------------------------------------------
Finished Synthesize : Time (s): cpu = 00:00:03 ; elapsed = 00:00:03 . Memory (MB): peak = 1800.465 ; gain = 461.770 ; free physical = 1924 ; free virtual = 10389
---------------------------------------------------------------------------------
---------------------------------------------------------------------------------
Finished Constraint Validation : Time (s): cpu = 00:00:04 ; elapsed = 00:00:04 . Memory (MB): peak = 1809.371 ; gain = 470.676 ; free physical = 1923 ; free virtual = 10388
---------------------------------------------------------------------------------
---------------------------------------------------------------------------------
Start Loading Part and Timing Information
---------------------------------------------------------------------------------
Loading part: xc7a35ticsg324-1L
INFO: [Device 21-403] Loading part xc7a35ticsg324-1L
---------------------------------------------------------------------------------
Finished Loading Part and Timing Information : Time (s): cpu = 00:00:04 ; elapsed = 00:00:04 . Memory (MB): peak = 1817.375 ; gain = 478.680 ; free physical = 1923 ; free virtual = 10388
---------------------------------------------------------------------------------
---------------------------------------------------------------------------------
Finished RTL Optimization Phase 2 : Time (s): cpu = 00:00:11 ; elapsed = 00:00:10 . Memory (MB): peak = 1956.828 ; gain = 618.133 ; free physical = 1794 ; free virtual = 10233
---------------------------------------------------------------------------------
No constraint files found.
---------------------------------------------------------------------------------
Start RTL Component Statistics 
---------------------------------------------------------------------------------
Detailed RTL Component Info : 
+---Adders : 
	   2 Input   32 Bit       Adders := 8     
	   2 Input   17 Bit       Adders := 2     
	   2 Input    8 Bit       Adders := 1     
+---Registers : 
	               32 Bit    Registers := 24    
	               17 Bit    Registers := 2     
	                8 Bit    Registers := 6     
	                1 Bit    Registers := 14    
+---Muxes : 
	   2 Input   32 Bit        Muxes := 8     
	   2 Input   16 Bit        Muxes := 2     
	 255 Input    8 Bit        Muxes := 2     
	 256 Input    8 Bit        Muxes := 2     
	   2 Input    8 Bit        Muxes := 2     
	 127 Input    7 Bit        Muxes := 6     
	   2 Input    1 Bit        Muxes := 14    
---------------------------------------------------------------------------------
Finished RTL Component Statistics 
---------------------------------------------------------------------------------
---------------------------------------------------------------------------------
Start Part Resource Summary
---------------------------------------------------------------------------------
Part Resources:
DSPs: 90 (col length:60)
BRAMs: 100 (col length: RAMB18 60 RAMB36 30)
---------------------------------------------------------------------------------
Finished Part Resource Summary
---------------------------------------------------------------------------------
No constraint files found.
---------------------------------------------------------------------------------
Start Cross Boundary and Area Optimization
---------------------------------------------------------------------------------
WARNING: [Synth 8-7080] Parallel synthesis criteria is not met
CRITICAL WARNING: [Synth 8-6859] multi-driven net on pin Q with 1st driver pin 'calculate_recurrent:/finish_recurrent_reg__0/Q' [/home/vanloi/Documents/Loi_study/DATN/vivado_LSTM/LSTM_accelerator/LSTM_accelerator.srcs/sources_1/new/calculate_recurrent.sv:69]
CRITICAL WARNING: [Synth 8-6859] multi-driven net on pin Q with 2nd driver pin 'VCC' [/home/vanloi/Documents/Loi_study/DATN/vivado_LSTM/LSTM_accelerator/LSTM_accelerator.srcs/sources_1/new/calculate_recurrent.sv:69]
CRITICAL WARNING: [Synth 8-6858] multi-driven net Q is connected to at least one constant driver which has been preserved, other driver is ignored [/home/vanloi/Documents/Loi_study/DATN/vivado_LSTM/LSTM_accelerator/LSTM_accelerator.srcs/sources_1/new/calculate_recurrent.sv:69]
CRITICAL WARNING: [Synth 8-6859] multi-driven net on pin Q with 1st driver pin 'u1i_0/wi/finish_input_reg__0/Q' [/home/vanloi/Documents/Loi_study/DATN/vivado_LSTM/LSTM_accelerator/LSTM_accelerator.srcs/sources_1/new/calculate_weights_input.sv:60]
CRITICAL WARNING: [Synth 8-6859] multi-driven net on pin Q with 2nd driver pin 'VCC' [/home/vanloi/Documents/Loi_study/DATN/vivado_LSTM/LSTM_accelerator/LSTM_accelerator.srcs/sources_1/new/calculate_weights_input.sv:60]
CRITICAL WARNING: [Synth 8-6858] multi-driven net Q is connected to at least one constant driver which has been preserved, other driver is ignored [/home/vanloi/Documents/Loi_study/DATN/vivado_LSTM/LSTM_accelerator/LSTM_accelerator.srcs/sources_1/new/calculate_weights_input.sv:60]
CRITICAL WARNING: [Synth 8-6859] multi-driven net on pin Q with 1st driver pin 'u1i_0/wi/input_buffer_reg[31]/Q' [/home/vanloi/Documents/Loi_study/DATN/vivado_LSTM/LSTM_accelerator/LSTM_accelerator.srcs/sources_1/new/calculate_weights_input.sv:52]
CRITICAL WARNING: [Synth 8-6859] multi-driven net on pin Q with 2nd driver pin 'GND' [/home/vanloi/Documents/Loi_study/DATN/vivado_LSTM/LSTM_accelerator/LSTM_accelerator.srcs/sources_1/new/calculate_weights_input.sv:52]
CRITICAL WARNING: [Synth 8-6858] multi-driven net Q is connected to at least one constant driver which has been preserved, other driver is ignored [/home/vanloi/Documents/Loi_study/DATN/vivado_LSTM/LSTM_accelerator/LSTM_accelerator.srcs/sources_1/new/calculate_weights_input.sv:52]
CRITICAL WARNING: [Synth 8-6859] multi-driven net on pin Q with 1st driver pin 'u1i_0/wi/input_buffer_reg[30]/Q' [/home/vanloi/Documents/Loi_study/DATN/vivado_LSTM/LSTM_accelerator/LSTM_accelerator.srcs/sources_1/new/calculate_weights_input.sv:52]
CRITICAL WARNING: [Synth 8-6859] multi-driven net on pin Q with 2nd driver pin 'GND' [/home/vanloi/Documents/Loi_study/DATN/vivado_LSTM/LSTM_accelerator/LSTM_accelerator.srcs/sources_1/new/calculate_weights_input.sv:52]
CRITICAL WARNING: [Synth 8-6858] multi-driven net Q is connected to at least one constant driver which has been preserved, other driver is ignored [/home/vanloi/Documents/Loi_study/DATN/vivado_LSTM/LSTM_accelerator/LSTM_accelerator.srcs/sources_1/new/calculate_weights_input.sv:52]
CRITICAL WARNING: [Synth 8-6859] multi-driven net on pin Q with 1st driver pin 'u1i_0/wi/input_buffer_reg[29]/Q' [/home/vanloi/Documents/Loi_study/DATN/vivado_LSTM/LSTM_accelerator/LSTM_accelerator.srcs/sources_1/new/calculate_weights_input.sv:52]
CRITICAL WARNING: [Synth 8-6859] multi-driven net on pin Q with 2nd driver pin 'GND' [/home/vanloi/Documents/Loi_study/DATN/vivado_LSTM/LSTM_accelerator/LSTM_accelerator.srcs/sources_1/new/calculate_weights_input.sv:52]
CRITICAL WARNING: [Synth 8-6858] multi-driven net Q is connected to at least one constant driver which has been preserved, other driver is ignored [/home/vanloi/Documents/Loi_study/DATN/vivado_LSTM/LSTM_accelerator/LSTM_accelerator.srcs/sources_1/new/calculate_weights_input.sv:52]
CRITICAL WARNING: [Synth 8-6859] multi-driven net on pin Q with 1st driver pin 'u1i_0/wi/input_buffer_reg[28]/Q' [/home/vanloi/Documents/Loi_study/DATN/vivado_LSTM/LSTM_accelerator/LSTM_accelerator.srcs/sources_1/new/calculate_weights_input.sv:52]
CRITICAL WARNING: [Synth 8-6859] multi-driven net on pin Q with 2nd driver pin 'GND' [/home/vanloi/Documents/Loi_study/DATN/vivado_LSTM/LSTM_accelerator/LSTM_accelerator.srcs/sources_1/new/calculate_weights_input.sv:52]
CRITICAL WARNING: [Synth 8-6858] multi-driven net Q is connected to at least one constant driver which has been preserved, other driver is ignored [/home/vanloi/Documents/Loi_study/DATN/vivado_LSTM/LSTM_accelerator/LSTM_accelerator.srcs/sources_1/new/calculate_weights_input.sv:52]
CRITICAL WARNING: [Synth 8-6859] multi-driven net on pin Q with 1st driver pin 'u1i_0/wi/input_buffer_reg[27]/Q' [/home/vanloi/Documents/Loi_study/DATN/vivado_LSTM/LSTM_accelerator/LSTM_accelerator.srcs/sources_1/new/calculate_weights_input.sv:52]
CRITICAL WARNING: [Synth 8-6859] multi-driven net on pin Q with 2nd driver pin 'GND' [/home/vanloi/Documents/Loi_study/DATN/vivado_LSTM/LSTM_accelerator/LSTM_accelerator.srcs/sources_1/new/calculate_weights_input.sv:52]
CRITICAL WARNING: [Synth 8-6858] multi-driven net Q is connected to at least one constant driver which has been preserved, other driver is ignored [/home/vanloi/Documents/Loi_study/DATN/vivado_LSTM/LSTM_accelerator/LSTM_accelerator.srcs/sources_1/new/calculate_weights_input.sv:52]
CRITICAL WARNING: [Synth 8-6859] multi-driven net on pin Q with 1st driver pin 'u1i_0/wi/input_buffer_reg[26]/Q' [/home/vanloi/Documents/Loi_study/DATN/vivado_LSTM/LSTM_accelerator/LSTM_accelerator.srcs/sources_1/new/calculate_weights_input.sv:52]
CRITICAL WARNING: [Synth 8-6859] multi-driven net on pin Q with 2nd driver pin 'GND' [/home/vanloi/Documents/Loi_study/DATN/vivado_LSTM/LSTM_accelerator/LSTM_accelerator.srcs/sources_1/new/calculate_weights_input.sv:52]
CRITICAL WARNING: [Synth 8-6858] multi-driven net Q is connected to at least one constant driver which has been preserved, other driver is ignored [/home/vanloi/Documents/Loi_study/DATN/vivado_LSTM/LSTM_accelerator/LSTM_accelerator.srcs/sources_1/new/calculate_weights_input.sv:52]
CRITICAL WARNING: [Synth 8-6859] multi-driven net on pin Q with 1st driver pin 'u1i_0/wi/input_buffer_reg[25]/Q' [/home/vanloi/Documents/Loi_study/DATN/vivado_LSTM/LSTM_accelerator/LSTM_accelerator.srcs/sources_1/new/calculate_weights_input.sv:52]
CRITICAL WARNING: [Synth 8-6859] multi-driven net on pin Q with 2nd driver pin 'GND' [/home/vanloi/Documents/Loi_study/DATN/vivado_LSTM/LSTM_accelerator/LSTM_accelerator.srcs/sources_1/new/calculate_weights_input.sv:52]
CRITICAL WARNING: [Synth 8-6858] multi-driven net Q is connected to at least one constant driver which has been preserved, other driver is ignored [/home/vanloi/Documents/Loi_study/DATN/vivado_LSTM/LSTM_accelerator/LSTM_accelerator.srcs/sources_1/new/calculate_weights_input.sv:52]
CRITICAL WARNING: [Synth 8-6859] multi-driven net on pin Q with 1st driver pin 'u1i_0/wi/input_buffer_reg[24]/Q' [/home/vanloi/Documents/Loi_study/DATN/vivado_LSTM/LSTM_accelerator/LSTM_accelerator.srcs/sources_1/new/calculate_weights_input.sv:52]
CRITICAL WARNING: [Synth 8-6859] multi-driven net on pin Q with 2nd driver pin 'GND' [/home/vanloi/Documents/Loi_study/DATN/vivado_LSTM/LSTM_accelerator/LSTM_accelerator.srcs/sources_1/new/calculate_weights_input.sv:52]
CRITICAL WARNING: [Synth 8-6858] multi-driven net Q is connected to at least one constant driver which has been preserved, other driver is ignored [/home/vanloi/Documents/Loi_study/DATN/vivado_LSTM/LSTM_accelerator/LSTM_accelerator.srcs/sources_1/new/calculate_weights_input.sv:52]
CRITICAL WARNING: [Synth 8-6859] multi-driven net on pin Q with 1st driver pin 'u1i_0/wi/input_buffer_reg[23]/Q' [/home/vanloi/Documents/Loi_study/DATN/vivado_LSTM/LSTM_accelerator/LSTM_accelerator.srcs/sources_1/new/calculate_weights_input.sv:52]
CRITICAL WARNING: [Synth 8-6859] multi-driven net on pin Q with 2nd driver pin 'GND' [/home/vanloi/Documents/Loi_study/DATN/vivado_LSTM/LSTM_accelerator/LSTM_accelerator.srcs/sources_1/new/calculate_weights_input.sv:52]
CRITICAL WARNING: [Synth 8-6858] multi-driven net Q is connected to at least one constant driver which has been preserved, other driver is ignored [/home/vanloi/Documents/Loi_study/DATN/vivado_LSTM/LSTM_accelerator/LSTM_accelerator.srcs/sources_1/new/calculate_weights_input.sv:52]
CRITICAL WARNING: [Synth 8-6859] multi-driven net on pin Q with 1st driver pin 'u1i_0/wi/input_buffer_reg[22]/Q' [/home/vanloi/Documents/Loi_study/DATN/vivado_LSTM/LSTM_accelerator/LSTM_accelerator.srcs/sources_1/new/calculate_weights_input.sv:52]
CRITICAL WARNING: [Synth 8-6859] multi-driven net on pin Q with 2nd driver pin 'GND' [/home/vanloi/Documents/Loi_study/DATN/vivado_LSTM/LSTM_accelerator/LSTM_accelerator.srcs/sources_1/new/calculate_weights_input.sv:52]
CRITICAL WARNING: [Synth 8-6858] multi-driven net Q is connected to at least one constant driver which has been preserved, other driver is ignored [/home/vanloi/Documents/Loi_study/DATN/vivado_LSTM/LSTM_accelerator/LSTM_accelerator.srcs/sources_1/new/calculate_weights_input.sv:52]
CRITICAL WARNING: [Synth 8-6859] multi-driven net on pin Q with 1st driver pin 'u1i_0/wi/input_buffer_reg[21]/Q' [/home/vanloi/Documents/Loi_study/DATN/vivado_LSTM/LSTM_accelerator/LSTM_accelerator.srcs/sources_1/new/calculate_weights_input.sv:52]
CRITICAL WARNING: [Synth 8-6859] multi-driven net on pin Q with 2nd driver pin 'GND' [/home/vanloi/Documents/Loi_study/DATN/vivado_LSTM/LSTM_accelerator/LSTM_accelerator.srcs/sources_1/new/calculate_weights_input.sv:52]
CRITICAL WARNING: [Synth 8-6858] multi-driven net Q is connected to at least one constant driver which has been preserved, other driver is ignored [/home/vanloi/Documents/Loi_study/DATN/vivado_LSTM/LSTM_accelerator/LSTM_accelerator.srcs/sources_1/new/calculate_weights_input.sv:52]
CRITICAL WARNING: [Synth 8-6859] multi-driven net on pin Q with 1st driver pin 'u1i_0/wi/input_buffer_reg[20]/Q' [/home/vanloi/Documents/Loi_study/DATN/vivado_LSTM/LSTM_accelerator/LSTM_accelerator.srcs/sources_1/new/calculate_weights_input.sv:52]
CRITICAL WARNING: [Synth 8-6859] multi-driven net on pin Q with 2nd driver pin 'GND' [/home/vanloi/Documents/Loi_study/DATN/vivado_LSTM/LSTM_accelerator/LSTM_accelerator.srcs/sources_1/new/calculate_weights_input.sv:52]
CRITICAL WARNING: [Synth 8-6858] multi-driven net Q is connected to at least one constant driver which has been preserved, other driver is ignored [/home/vanloi/Documents/Loi_study/DATN/vivado_LSTM/LSTM_accelerator/LSTM_accelerator.srcs/sources_1/new/calculate_weights_input.sv:52]
CRITICAL WARNING: [Synth 8-6859] multi-driven net on pin Q with 1st driver pin 'u1i_0/wi/input_buffer_reg[19]/Q' [/home/vanloi/Documents/Loi_study/DATN/vivado_LSTM/LSTM_accelerator/LSTM_accelerator.srcs/sources_1/new/calculate_weights_input.sv:52]
CRITICAL WARNING: [Synth 8-6859] multi-driven net on pin Q with 2nd driver pin 'GND' [/home/vanloi/Documents/Loi_study/DATN/vivado_LSTM/LSTM_accelerator/LSTM_accelerator.srcs/sources_1/new/calculate_weights_input.sv:52]
CRITICAL WARNING: [Synth 8-6858] multi-driven net Q is connected to at least one constant driver which has been preserved, other driver is ignored [/home/vanloi/Documents/Loi_study/DATN/vivado_LSTM/LSTM_accelerator/LSTM_accelerator.srcs/sources_1/new/calculate_weights_input.sv:52]
CRITICAL WARNING: [Synth 8-6859] multi-driven net on pin Q with 1st driver pin 'u1i_0/wi/input_buffer_reg[18]/Q' [/home/vanloi/Documents/Loi_study/DATN/vivado_LSTM/LSTM_accelerator/LSTM_accelerator.srcs/sources_1/new/calculate_weights_input.sv:52]
CRITICAL WARNING: [Synth 8-6859] multi-driven net on pin Q with 2nd driver pin 'GND' [/home/vanloi/Documents/Loi_study/DATN/vivado_LSTM/LSTM_accelerator/LSTM_accelerator.srcs/sources_1/new/calculate_weights_input.sv:52]
CRITICAL WARNING: [Synth 8-6858] multi-driven net Q is connected to at least one constant driver which has been preserved, other driver is ignored [/home/vanloi/Documents/Loi_study/DATN/vivado_LSTM/LSTM_accelerator/LSTM_accelerator.srcs/sources_1/new/calculate_weights_input.sv:52]
CRITICAL WARNING: [Synth 8-6859] multi-driven net on pin Q with 1st driver pin 'u1i_0/wi/input_buffer_reg[17]/Q' [/home/vanloi/Documents/Loi_study/DATN/vivado_LSTM/LSTM_accelerator/LSTM_accelerator.srcs/sources_1/new/calculate_weights_input.sv:52]
CRITICAL WARNING: [Synth 8-6859] multi-driven net on pin Q with 2nd driver pin 'GND' [/home/vanloi/Documents/Loi_study/DATN/vivado_LSTM/LSTM_accelerator/LSTM_accelerator.srcs/sources_1/new/calculate_weights_input.sv:52]
CRITICAL WARNING: [Synth 8-6858] multi-driven net Q is connected to at least one constant driver which has been preserved, other driver is ignored [/home/vanloi/Documents/Loi_study/DATN/vivado_LSTM/LSTM_accelerator/LSTM_accelerator.srcs/sources_1/new/calculate_weights_input.sv:52]
CRITICAL WARNING: [Synth 8-6859] multi-driven net on pin Q with 1st driver pin 'u1i_0/wi/input_buffer_reg[16]/Q' [/home/vanloi/Documents/Loi_study/DATN/vivado_LSTM/LSTM_accelerator/LSTM_accelerator.srcs/sources_1/new/calculate_weights_input.sv:52]
CRITICAL WARNING: [Synth 8-6859] multi-driven net on pin Q with 2nd driver pin 'GND' [/home/vanloi/Documents/Loi_study/DATN/vivado_LSTM/LSTM_accelerator/LSTM_accelerator.srcs/sources_1/new/calculate_weights_input.sv:52]
CRITICAL WARNING: [Synth 8-6858] multi-driven net Q is connected to at least one constant driver which has been preserved, other driver is ignored [/home/vanloi/Documents/Loi_study/DATN/vivado_LSTM/LSTM_accelerator/LSTM_accelerator.srcs/sources_1/new/calculate_weights_input.sv:52]
CRITICAL WARNING: [Synth 8-6859] multi-driven net on pin Q with 1st driver pin 'u1i_0/wi/input_buffer_reg[15]/Q' [/home/vanloi/Documents/Loi_study/DATN/vivado_LSTM/LSTM_accelerator/LSTM_accelerator.srcs/sources_1/new/calculate_weights_input.sv:52]
CRITICAL WARNING: [Synth 8-6859] multi-driven net on pin Q with 2nd driver pin 'GND' [/home/vanloi/Documents/Loi_study/DATN/vivado_LSTM/LSTM_accelerator/LSTM_accelerator.srcs/sources_1/new/calculate_weights_input.sv:52]
CRITICAL WARNING: [Synth 8-6858] multi-driven net Q is connected to at least one constant driver which has been preserved, other driver is ignored [/home/vanloi/Documents/Loi_study/DATN/vivado_LSTM/LSTM_accelerator/LSTM_accelerator.srcs/sources_1/new/calculate_weights_input.sv:52]
CRITICAL WARNING: [Synth 8-6859] multi-driven net on pin Q with 1st driver pin 'u1i_0/wi/input_buffer_reg[14]/Q' [/home/vanloi/Documents/Loi_study/DATN/vivado_LSTM/LSTM_accelerator/LSTM_accelerator.srcs/sources_1/new/calculate_weights_input.sv:52]
CRITICAL WARNING: [Synth 8-6859] multi-driven net on pin Q with 2nd driver pin 'GND' [/home/vanloi/Documents/Loi_study/DATN/vivado_LSTM/LSTM_accelerator/LSTM_accelerator.srcs/sources_1/new/calculate_weights_input.sv:52]
CRITICAL WARNING: [Synth 8-6858] multi-driven net Q is connected to at least one constant driver which has been preserved, other driver is ignored [/home/vanloi/Documents/Loi_study/DATN/vivado_LSTM/LSTM_accelerator/LSTM_accelerator.srcs/sources_1/new/calculate_weights_input.sv:52]
CRITICAL WARNING: [Synth 8-6859] multi-driven net on pin Q with 1st driver pin 'u1i_0/wi/input_buffer_reg[13]/Q' [/home/vanloi/Documents/Loi_study/DATN/vivado_LSTM/LSTM_accelerator/LSTM_accelerator.srcs/sources_1/new/calculate_weights_input.sv:52]
CRITICAL WARNING: [Synth 8-6859] multi-driven net on pin Q with 2nd driver pin 'GND' [/home/vanloi/Documents/Loi_study/DATN/vivado_LSTM/LSTM_accelerator/LSTM_accelerator.srcs/sources_1/new/calculate_weights_input.sv:52]
CRITICAL WARNING: [Synth 8-6858] multi-driven net Q is connected to at least one constant driver which has been preserved, other driver is ignored [/home/vanloi/Documents/Loi_study/DATN/vivado_LSTM/LSTM_accelerator/LSTM_accelerator.srcs/sources_1/new/calculate_weights_input.sv:52]
CRITICAL WARNING: [Synth 8-6859] multi-driven net on pin Q with 1st driver pin 'u1i_0/wi/input_buffer_reg[12]/Q' [/home/vanloi/Documents/Loi_study/DATN/vivado_LSTM/LSTM_accelerator/LSTM_accelerator.srcs/sources_1/new/calculate_weights_input.sv:52]
CRITICAL WARNING: [Synth 8-6859] multi-driven net on pin Q with 2nd driver pin 'GND' [/home/vanloi/Documents/Loi_study/DATN/vivado_LSTM/LSTM_accelerator/LSTM_accelerator.srcs/sources_1/new/calculate_weights_input.sv:52]
CRITICAL WARNING: [Synth 8-6858] multi-driven net Q is connected to at least one constant driver which has been preserved, other driver is ignored [/home/vanloi/Documents/Loi_study/DATN/vivado_LSTM/LSTM_accelerator/LSTM_accelerator.srcs/sources_1/new/calculate_weights_input.sv:52]
CRITICAL WARNING: [Synth 8-6859] multi-driven net on pin Q with 1st driver pin 'u1i_0/wi/input_buffer_reg[11]/Q' [/home/vanloi/Documents/Loi_study/DATN/vivado_LSTM/LSTM_accelerator/LSTM_accelerator.srcs/sources_1/new/calculate_weights_input.sv:52]
CRITICAL WARNING: [Synth 8-6859] multi-driven net on pin Q with 2nd driver pin 'GND' [/home/vanloi/Documents/Loi_study/DATN/vivado_LSTM/LSTM_accelerator/LSTM_accelerator.srcs/sources_1/new/calculate_weights_input.sv:52]
CRITICAL WARNING: [Synth 8-6858] multi-driven net Q is connected to at least one constant driver which has been preserved, other driver is ignored [/home/vanloi/Documents/Loi_study/DATN/vivado_LSTM/LSTM_accelerator/LSTM_accelerator.srcs/sources_1/new/calculate_weights_input.sv:52]
CRITICAL WARNING: [Synth 8-6859] multi-driven net on pin Q with 1st driver pin 'u1i_0/wi/input_buffer_reg[10]/Q' [/home/vanloi/Documents/Loi_study/DATN/vivado_LSTM/LSTM_accelerator/LSTM_accelerator.srcs/sources_1/new/calculate_weights_input.sv:52]
CRITICAL WARNING: [Synth 8-6859] multi-driven net on pin Q with 2nd driver pin 'GND' [/home/vanloi/Documents/Loi_study/DATN/vivado_LSTM/LSTM_accelerator/LSTM_accelerator.srcs/sources_1/new/calculate_weights_input.sv:52]
CRITICAL WARNING: [Synth 8-6858] multi-driven net Q is connected to at least one constant driver which has been preserved, other driver is ignored [/home/vanloi/Documents/Loi_study/DATN/vivado_LSTM/LSTM_accelerator/LSTM_accelerator.srcs/sources_1/new/calculate_weights_input.sv:52]
CRITICAL WARNING: [Synth 8-6859] multi-driven net on pin Q with 1st driver pin 'u1i_0/wi/input_buffer_reg[9]/Q' [/home/vanloi/Documents/Loi_study/DATN/vivado_LSTM/LSTM_accelerator/LSTM_accelerator.srcs/sources_1/new/calculate_weights_input.sv:52]
CRITICAL WARNING: [Synth 8-6859] multi-driven net on pin Q with 2nd driver pin 'GND' [/home/vanloi/Documents/Loi_study/DATN/vivado_LSTM/LSTM_accelerator/LSTM_accelerator.srcs/sources_1/new/calculate_weights_input.sv:52]
CRITICAL WARNING: [Synth 8-6858] multi-driven net Q is connected to at least one constant driver which has been preserved, other driver is ignored [/home/vanloi/Documents/Loi_study/DATN/vivado_LSTM/LSTM_accelerator/LSTM_accelerator.srcs/sources_1/new/calculate_weights_input.sv:52]
CRITICAL WARNING: [Synth 8-6859] multi-driven net on pin Q with 1st driver pin 'u1i_0/wi/input_buffer_reg[8]/Q' [/home/vanloi/Documents/Loi_study/DATN/vivado_LSTM/LSTM_accelerator/LSTM_accelerator.srcs/sources_1/new/calculate_weights_input.sv:52]
CRITICAL WARNING: [Synth 8-6859] multi-driven net on pin Q with 2nd driver pin 'GND' [/home/vanloi/Documents/Loi_study/DATN/vivado_LSTM/LSTM_accelerator/LSTM_accelerator.srcs/sources_1/new/calculate_weights_input.sv:52]
CRITICAL WARNING: [Synth 8-6858] multi-driven net Q is connected to at least one constant driver which has been preserved, other driver is ignored [/home/vanloi/Documents/Loi_study/DATN/vivado_LSTM/LSTM_accelerator/LSTM_accelerator.srcs/sources_1/new/calculate_weights_input.sv:52]
CRITICAL WARNING: [Synth 8-6859] multi-driven net on pin Q with 1st driver pin 'u1i_0/wi/input_buffer_reg[7]/Q' [/home/vanloi/Documents/Loi_study/DATN/vivado_LSTM/LSTM_accelerator/LSTM_accelerator.srcs/sources_1/new/calculate_weights_input.sv:52]
CRITICAL WARNING: [Synth 8-6859] multi-driven net on pin Q with 2nd driver pin 'GND' [/home/vanloi/Documents/Loi_study/DATN/vivado_LSTM/LSTM_accelerator/LSTM_accelerator.srcs/sources_1/new/calculate_weights_input.sv:52]
CRITICAL WARNING: [Synth 8-6858] multi-driven net Q is connected to at least one constant driver which has been preserved, other driver is ignored [/home/vanloi/Documents/Loi_study/DATN/vivado_LSTM/LSTM_accelerator/LSTM_accelerator.srcs/sources_1/new/calculate_weights_input.sv:52]
CRITICAL WARNING: [Synth 8-6859] multi-driven net on pin Q with 1st driver pin 'u1i_0/wi/input_buffer_reg[6]/Q' [/home/vanloi/Documents/Loi_study/DATN/vivado_LSTM/LSTM_accelerator/LSTM_accelerator.srcs/sources_1/new/calculate_weights_input.sv:52]
CRITICAL WARNING: [Synth 8-6859] multi-driven net on pin Q with 2nd driver pin 'GND' [/home/vanloi/Documents/Loi_study/DATN/vivado_LSTM/LSTM_accelerator/LSTM_accelerator.srcs/sources_1/new/calculate_weights_input.sv:52]
CRITICAL WARNING: [Synth 8-6858] multi-driven net Q is connected to at least one constant driver which has been preserved, other driver is ignored [/home/vanloi/Documents/Loi_study/DATN/vivado_LSTM/LSTM_accelerator/LSTM_accelerator.srcs/sources_1/new/calculate_weights_input.sv:52]
CRITICAL WARNING: [Synth 8-6859] multi-driven net on pin Q with 1st driver pin 'u1i_0/wi/input_buffer_reg[5]/Q' [/home/vanloi/Documents/Loi_study/DATN/vivado_LSTM/LSTM_accelerator/LSTM_accelerator.srcs/sources_1/new/calculate_weights_input.sv:52]
CRITICAL WARNING: [Synth 8-6859] multi-driven net on pin Q with 2nd driver pin 'GND' [/home/vanloi/Documents/Loi_study/DATN/vivado_LSTM/LSTM_accelerator/LSTM_accelerator.srcs/sources_1/new/calculate_weights_input.sv:52]
CRITICAL WARNING: [Synth 8-6858] multi-driven net Q is connected to at least one constant driver which has been preserved, other driver is ignored [/home/vanloi/Documents/Loi_study/DATN/vivado_LSTM/LSTM_accelerator/LSTM_accelerator.srcs/sources_1/new/calculate_weights_input.sv:52]
CRITICAL WARNING: [Synth 8-6859] multi-driven net on pin Q with 1st driver pin 'u1i_0/wi/input_buffer_reg[4]/Q' [/home/vanloi/Documents/Loi_study/DATN/vivado_LSTM/LSTM_accelerator/LSTM_accelerator.srcs/sources_1/new/calculate_weights_input.sv:52]
CRITICAL WARNING: [Synth 8-6859] multi-driven net on pin Q with 2nd driver pin 'GND' [/home/vanloi/Documents/Loi_study/DATN/vivado_LSTM/LSTM_accelerator/LSTM_accelerator.srcs/sources_1/new/calculate_weights_input.sv:52]
CRITICAL WARNING: [Synth 8-6858] multi-driven net Q is connected to at least one constant driver which has been preserved, other driver is ignored [/home/vanloi/Documents/Loi_study/DATN/vivado_LSTM/LSTM_accelerator/LSTM_accelerator.srcs/sources_1/new/calculate_weights_input.sv:52]
CRITICAL WARNING: [Synth 8-6859] multi-driven net on pin Q with 1st driver pin 'u1i_0/wi/input_buffer_reg[3]/Q' [/home/vanloi/Documents/Loi_study/DATN/vivado_LSTM/LSTM_accelerator/LSTM_accelerator.srcs/sources_1/new/calculate_weights_input.sv:52]
CRITICAL WARNING: [Synth 8-6859] multi-driven net on pin Q with 2nd driver pin 'GND' [/home/vanloi/Documents/Loi_study/DATN/vivado_LSTM/LSTM_accelerator/LSTM_accelerator.srcs/sources_1/new/calculate_weights_input.sv:52]
CRITICAL WARNING: [Synth 8-6858] multi-driven net Q is connected to at least one constant driver which has been preserved, other driver is ignored [/home/vanloi/Documents/Loi_study/DATN/vivado_LSTM/LSTM_accelerator/LSTM_accelerator.srcs/sources_1/new/calculate_weights_input.sv:52]
CRITICAL WARNING: [Synth 8-6859] multi-driven net on pin Q with 1st driver pin 'u1i_0/wi/input_buffer_reg[2]/Q' [/home/vanloi/Documents/Loi_study/DATN/vivado_LSTM/LSTM_accelerator/LSTM_accelerator.srcs/sources_1/new/calculate_weights_input.sv:52]
CRITICAL WARNING: [Synth 8-6859] multi-driven net on pin Q with 2nd driver pin 'GND' [/home/vanloi/Documents/Loi_study/DATN/vivado_LSTM/LSTM_accelerator/LSTM_accelerator.srcs/sources_1/new/calculate_weights_input.sv:52]
CRITICAL WARNING: [Synth 8-6858] multi-driven net Q is connected to at least one constant driver which has been preserved, other driver is ignored [/home/vanloi/Documents/Loi_study/DATN/vivado_LSTM/LSTM_accelerator/LSTM_accelerator.srcs/sources_1/new/calculate_weights_input.sv:52]
CRITICAL WARNING: [Synth 8-6859] multi-driven net on pin Q with 1st driver pin 'u1i_0/wi/input_buffer_reg[1]/Q' [/home/vanloi/Documents/Loi_study/DATN/vivado_LSTM/LSTM_accelerator/LSTM_accelerator.srcs/sources_1/new/calculate_weights_input.sv:52]
CRITICAL WARNING: [Synth 8-6859] multi-driven net on pin Q with 2nd driver pin 'GND' [/home/vanloi/Documents/Loi_study/DATN/vivado_LSTM/LSTM_accelerator/LSTM_accelerator.srcs/sources_1/new/calculate_weights_input.sv:52]
CRITICAL WARNING: [Synth 8-6858] multi-driven net Q is connected to at least one constant driver which has been preserved, other driver is ignored [/home/vanloi/Documents/Loi_study/DATN/vivado_LSTM/LSTM_accelerator/LSTM_accelerator.srcs/sources_1/new/calculate_weights_input.sv:52]
CRITICAL WARNING: [Synth 8-6859] multi-driven net on pin Q with 1st driver pin 'u1i_0/wi/input_buffer_reg[0]/Q' [/home/vanloi/Documents/Loi_study/DATN/vivado_LSTM/LSTM_accelerator/LSTM_accelerator.srcs/sources_1/new/calculate_weights_input.sv:52]
CRITICAL WARNING: [Synth 8-6859] multi-driven net on pin Q with 2nd driver pin 'GND' [/home/vanloi/Documents/Loi_study/DATN/vivado_LSTM/LSTM_accelerator/LSTM_accelerator.srcs/sources_1/new/calculate_weights_input.sv:52]
CRITICAL WARNING: [Synth 8-6858] multi-driven net Q is connected to at least one constant driver which has been preserved, other driver is ignored [/home/vanloi/Documents/Loi_study/DATN/vivado_LSTM/LSTM_accelerator/LSTM_accelerator.srcs/sources_1/new/calculate_weights_input.sv:52]
CRITICAL WARNING: [Synth 8-6859] multi-driven net on pin Q with 1st driver pin 'u1i_0/wi/forget_buffer_reg[31]/Q' [/home/vanloi/Documents/Loi_study/DATN/vivado_LSTM/LSTM_accelerator/LSTM_accelerator.srcs/sources_1/new/calculate_weights_input.sv:53]
CRITICAL WARNING: [Synth 8-6859] multi-driven net on pin Q with 2nd driver pin 'GND' [/home/vanloi/Documents/Loi_study/DATN/vivado_LSTM/LSTM_accelerator/LSTM_accelerator.srcs/sources_1/new/calculate_weights_input.sv:53]
CRITICAL WARNING: [Synth 8-6858] multi-driven net Q is connected to at least one constant driver which has been preserved, other driver is ignored [/home/vanloi/Documents/Loi_study/DATN/vivado_LSTM/LSTM_accelerator/LSTM_accelerator.srcs/sources_1/new/calculate_weights_input.sv:53]
CRITICAL WARNING: [Synth 8-6859] multi-driven net on pin Q with 1st driver pin 'u1i_0/wi/forget_buffer_reg[30]/Q' [/home/vanloi/Documents/Loi_study/DATN/vivado_LSTM/LSTM_accelerator/LSTM_accelerator.srcs/sources_1/new/calculate_weights_input.sv:53]
CRITICAL WARNING: [Synth 8-6859] multi-driven net on pin Q with 2nd driver pin 'GND' [/home/vanloi/Documents/Loi_study/DATN/vivado_LSTM/LSTM_accelerator/LSTM_accelerator.srcs/sources_1/new/calculate_weights_input.sv:53]
CRITICAL WARNING: [Synth 8-6858] multi-driven net Q is connected to at least one constant driver which has been preserved, other driver is ignored [/home/vanloi/Documents/Loi_study/DATN/vivado_LSTM/LSTM_accelerator/LSTM_accelerator.srcs/sources_1/new/calculate_weights_input.sv:53]
CRITICAL WARNING: [Synth 8-6859] multi-driven net on pin Q with 1st driver pin 'u1i_0/wi/forget_buffer_reg[29]/Q' [/home/vanloi/Documents/Loi_study/DATN/vivado_LSTM/LSTM_accelerator/LSTM_accelerator.srcs/sources_1/new/calculate_weights_input.sv:53]
CRITICAL WARNING: [Synth 8-6859] multi-driven net on pin Q with 2nd driver pin 'GND' [/home/vanloi/Documents/Loi_study/DATN/vivado_LSTM/LSTM_accelerator/LSTM_accelerator.srcs/sources_1/new/calculate_weights_input.sv:53]
CRITICAL WARNING: [Synth 8-6858] multi-driven net Q is connected to at least one constant driver which has been preserved, other driver is ignored [/home/vanloi/Documents/Loi_study/DATN/vivado_LSTM/LSTM_accelerator/LSTM_accelerator.srcs/sources_1/new/calculate_weights_input.sv:53]
CRITICAL WARNING: [Synth 8-6859] multi-driven net on pin Q with 1st driver pin 'u1i_0/wi/forget_buffer_reg[28]/Q' [/home/vanloi/Documents/Loi_study/DATN/vivado_LSTM/LSTM_accelerator/LSTM_accelerator.srcs/sources_1/new/calculate_weights_input.sv:53]
CRITICAL WARNING: [Synth 8-6859] multi-driven net on pin Q with 2nd driver pin 'GND' [/home/vanloi/Documents/Loi_study/DATN/vivado_LSTM/LSTM_accelerator/LSTM_accelerator.srcs/sources_1/new/calculate_weights_input.sv:53]
CRITICAL WARNING: [Synth 8-6858] multi-driven net Q is connected to at least one constant driver which has been preserved, other driver is ignored [/home/vanloi/Documents/Loi_study/DATN/vivado_LSTM/LSTM_accelerator/LSTM_accelerator.srcs/sources_1/new/calculate_weights_input.sv:53]
CRITICAL WARNING: [Synth 8-6859] multi-driven net on pin Q with 1st driver pin 'u1i_0/wi/forget_buffer_reg[27]/Q' [/home/vanloi/Documents/Loi_study/DATN/vivado_LSTM/LSTM_accelerator/LSTM_accelerator.srcs/sources_1/new/calculate_weights_input.sv:53]
CRITICAL WARNING: [Synth 8-6859] multi-driven net on pin Q with 2nd driver pin 'GND' [/home/vanloi/Documents/Loi_study/DATN/vivado_LSTM/LSTM_accelerator/LSTM_accelerator.srcs/sources_1/new/calculate_weights_input.sv:53]
CRITICAL WARNING: [Synth 8-6858] multi-driven net Q is connected to at least one constant driver which has been preserved, other driver is ignored [/home/vanloi/Documents/Loi_study/DATN/vivado_LSTM/LSTM_accelerator/LSTM_accelerator.srcs/sources_1/new/calculate_weights_input.sv:53]
CRITICAL WARNING: [Synth 8-6859] multi-driven net on pin Q with 1st driver pin 'u1i_0/wi/forget_buffer_reg[26]/Q' [/home/vanloi/Documents/Loi_study/DATN/vivado_LSTM/LSTM_accelerator/LSTM_accelerator.srcs/sources_1/new/calculate_weights_input.sv:53]
CRITICAL WARNING: [Synth 8-6859] multi-driven net on pin Q with 2nd driver pin 'GND' [/home/vanloi/Documents/Loi_study/DATN/vivado_LSTM/LSTM_accelerator/LSTM_accelerator.srcs/sources_1/new/calculate_weights_input.sv:53]
CRITICAL WARNING: [Synth 8-6858] multi-driven net Q is connected to at least one constant driver which has been preserved, other driver is ignored [/home/vanloi/Documents/Loi_study/DATN/vivado_LSTM/LSTM_accelerator/LSTM_accelerator.srcs/sources_1/new/calculate_weights_input.sv:53]
CRITICAL WARNING: [Synth 8-6859] multi-driven net on pin Q with 1st driver pin 'u1i_0/wi/forget_buffer_reg[25]/Q' [/home/vanloi/Documents/Loi_study/DATN/vivado_LSTM/LSTM_accelerator/LSTM_accelerator.srcs/sources_1/new/calculate_weights_input.sv:53]
CRITICAL WARNING: [Synth 8-6859] multi-driven net on pin Q with 2nd driver pin 'GND' [/home/vanloi/Documents/Loi_study/DATN/vivado_LSTM/LSTM_accelerator/LSTM_accelerator.srcs/sources_1/new/calculate_weights_input.sv:53]
CRITICAL WARNING: [Synth 8-6858] multi-driven net Q is connected to at least one constant driver which has been preserved, other driver is ignored [/home/vanloi/Documents/Loi_study/DATN/vivado_LSTM/LSTM_accelerator/LSTM_accelerator.srcs/sources_1/new/calculate_weights_input.sv:53]
CRITICAL WARNING: [Synth 8-6859] multi-driven net on pin Q with 1st driver pin 'u1i_0/wi/forget_buffer_reg[24]/Q' [/home/vanloi/Documents/Loi_study/DATN/vivado_LSTM/LSTM_accelerator/LSTM_accelerator.srcs/sources_1/new/calculate_weights_input.sv:53]
CRITICAL WARNING: [Synth 8-6859] multi-driven net on pin Q with 2nd driver pin 'GND' [/home/vanloi/Documents/Loi_study/DATN/vivado_LSTM/LSTM_accelerator/LSTM_accelerator.srcs/sources_1/new/calculate_weights_input.sv:53]
CRITICAL WARNING: [Synth 8-6858] multi-driven net Q is connected to at least one constant driver which has been preserved, other driver is ignored [/home/vanloi/Documents/Loi_study/DATN/vivado_LSTM/LSTM_accelerator/LSTM_accelerator.srcs/sources_1/new/calculate_weights_input.sv:53]
CRITICAL WARNING: [Synth 8-6859] multi-driven net on pin Q with 1st driver pin 'u1i_0/wi/forget_buffer_reg[23]/Q' [/home/vanloi/Documents/Loi_study/DATN/vivado_LSTM/LSTM_accelerator/LSTM_accelerator.srcs/sources_1/new/calculate_weights_input.sv:53]
CRITICAL WARNING: [Synth 8-6859] multi-driven net on pin Q with 2nd driver pin 'GND' [/home/vanloi/Documents/Loi_study/DATN/vivado_LSTM/LSTM_accelerator/LSTM_accelerator.srcs/sources_1/new/calculate_weights_input.sv:53]
CRITICAL WARNING: [Synth 8-6858] multi-driven net Q is connected to at least one constant driver which has been preserved, other driver is ignored [/home/vanloi/Documents/Loi_study/DATN/vivado_LSTM/LSTM_accelerator/LSTM_accelerator.srcs/sources_1/new/calculate_weights_input.sv:53]
CRITICAL WARNING: [Synth 8-6859] multi-driven net on pin Q with 1st driver pin 'u1i_0/wi/forget_buffer_reg[22]/Q' [/home/vanloi/Documents/Loi_study/DATN/vivado_LSTM/LSTM_accelerator/LSTM_accelerator.srcs/sources_1/new/calculate_weights_input.sv:53]
CRITICAL WARNING: [Synth 8-6859] multi-driven net on pin Q with 2nd driver pin 'GND' [/home/vanloi/Documents/Loi_study/DATN/vivado_LSTM/LSTM_accelerator/LSTM_accelerator.srcs/sources_1/new/calculate_weights_input.sv:53]
CRITICAL WARNING: [Synth 8-6858] multi-driven net Q is connected to at least one constant driver which has been preserved, other driver is ignored [/home/vanloi/Documents/Loi_study/DATN/vivado_LSTM/LSTM_accelerator/LSTM_accelerator.srcs/sources_1/new/calculate_weights_input.sv:53]
CRITICAL WARNING: [Synth 8-6859] multi-driven net on pin Q with 1st driver pin 'u1i_0/wi/forget_buffer_reg[21]/Q' [/home/vanloi/Documents/Loi_study/DATN/vivado_LSTM/LSTM_accelerator/LSTM_accelerator.srcs/sources_1/new/calculate_weights_input.sv:53]
CRITICAL WARNING: [Synth 8-6859] multi-driven net on pin Q with 2nd driver pin 'GND' [/home/vanloi/Documents/Loi_study/DATN/vivado_LSTM/LSTM_accelerator/LSTM_accelerator.srcs/sources_1/new/calculate_weights_input.sv:53]
CRITICAL WARNING: [Synth 8-6858] multi-driven net Q is connected to at least one constant driver which has been preserved, other driver is ignored [/home/vanloi/Documents/Loi_study/DATN/vivado_LSTM/LSTM_accelerator/LSTM_accelerator.srcs/sources_1/new/calculate_weights_input.sv:53]
CRITICAL WARNING: [Synth 8-6859] multi-driven net on pin Q with 1st driver pin 'u1i_0/wi/forget_buffer_reg[20]/Q' [/home/vanloi/Documents/Loi_study/DATN/vivado_LSTM/LSTM_accelerator/LSTM_accelerator.srcs/sources_1/new/calculate_weights_input.sv:53]
CRITICAL WARNING: [Synth 8-6859] multi-driven net on pin Q with 2nd driver pin 'GND' [/home/vanloi/Documents/Loi_study/DATN/vivado_LSTM/LSTM_accelerator/LSTM_accelerator.srcs/sources_1/new/calculate_weights_input.sv:53]
CRITICAL WARNING: [Synth 8-6858] multi-driven net Q is connected to at least one constant driver which has been preserved, other driver is ignored [/home/vanloi/Documents/Loi_study/DATN/vivado_LSTM/LSTM_accelerator/LSTM_accelerator.srcs/sources_1/new/calculate_weights_input.sv:53]
CRITICAL WARNING: [Synth 8-6859] multi-driven net on pin Q with 1st driver pin 'u1i_0/wi/forget_buffer_reg[19]/Q' [/home/vanloi/Documents/Loi_study/DATN/vivado_LSTM/LSTM_accelerator/LSTM_accelerator.srcs/sources_1/new/calculate_weights_input.sv:53]
CRITICAL WARNING: [Synth 8-6859] multi-driven net on pin Q with 2nd driver pin 'GND' [/home/vanloi/Documents/Loi_study/DATN/vivado_LSTM/LSTM_accelerator/LSTM_accelerator.srcs/sources_1/new/calculate_weights_input.sv:53]
CRITICAL WARNING: [Synth 8-6858] multi-driven net Q is connected to at least one constant driver which has been preserved, other driver is ignored [/home/vanloi/Documents/Loi_study/DATN/vivado_LSTM/LSTM_accelerator/LSTM_accelerator.srcs/sources_1/new/calculate_weights_input.sv:53]
CRITICAL WARNING: [Synth 8-6859] multi-driven net on pin Q with 1st driver pin 'u1i_0/wi/forget_buffer_reg[18]/Q' [/home/vanloi/Documents/Loi_study/DATN/vivado_LSTM/LSTM_accelerator/LSTM_accelerator.srcs/sources_1/new/calculate_weights_input.sv:53]
CRITICAL WARNING: [Synth 8-6859] multi-driven net on pin Q with 2nd driver pin 'GND' [/home/vanloi/Documents/Loi_study/DATN/vivado_LSTM/LSTM_accelerator/LSTM_accelerator.srcs/sources_1/new/calculate_weights_input.sv:53]
CRITICAL WARNING: [Synth 8-6858] multi-driven net Q is connected to at least one constant driver which has been preserved, other driver is ignored [/home/vanloi/Documents/Loi_study/DATN/vivado_LSTM/LSTM_accelerator/LSTM_accelerator.srcs/sources_1/new/calculate_weights_input.sv:53]
CRITICAL WARNING: [Synth 8-6859] multi-driven net on pin Q with 1st driver pin 'u1i_0/wi/forget_buffer_reg[17]/Q' [/home/vanloi/Documents/Loi_study/DATN/vivado_LSTM/LSTM_accelerator/LSTM_accelerator.srcs/sources_1/new/calculate_weights_input.sv:53]
CRITICAL WARNING: [Synth 8-6859] multi-driven net on pin Q with 2nd driver pin 'GND' [/home/vanloi/Documents/Loi_study/DATN/vivado_LSTM/LSTM_accelerator/LSTM_accelerator.srcs/sources_1/new/calculate_weights_input.sv:53]
CRITICAL WARNING: [Synth 8-6858] multi-driven net Q is connected to at least one constant driver which has been preserved, other driver is ignored [/home/vanloi/Documents/Loi_study/DATN/vivado_LSTM/LSTM_accelerator/LSTM_accelerator.srcs/sources_1/new/calculate_weights_input.sv:53]
CRITICAL WARNING: [Synth 8-6859] multi-driven net on pin Q with 1st driver pin 'u1i_0/wi/forget_buffer_reg[16]/Q' [/home/vanloi/Documents/Loi_study/DATN/vivado_LSTM/LSTM_accelerator/LSTM_accelerator.srcs/sources_1/new/calculate_weights_input.sv:53]
CRITICAL WARNING: [Synth 8-6859] multi-driven net on pin Q with 2nd driver pin 'GND' [/home/vanloi/Documents/Loi_study/DATN/vivado_LSTM/LSTM_accelerator/LSTM_accelerator.srcs/sources_1/new/calculate_weights_input.sv:53]
INFO: [Common 17-14] Message 'Synth 8-6859' appears 100 times and further instances of the messages will be disabled. Use the Tcl command set_msg_config to change the current settings.
CRITICAL WARNING: [Synth 8-6858] multi-driven net Q is connected to at least one constant driver which has been preserved, other driver is ignored [/home/vanloi/Documents/Loi_study/DATN/vivado_LSTM/LSTM_accelerator/LSTM_accelerator.srcs/sources_1/new/calculate_weights_input.sv:53]
CRITICAL WARNING: [Synth 8-6858] multi-driven net Q is connected to at least one constant driver which has been preserved, other driver is ignored [/home/vanloi/Documents/Loi_study/DATN/vivado_LSTM/LSTM_accelerator/LSTM_accelerator.srcs/sources_1/new/calculate_weights_input.sv:53]
CRITICAL WARNING: [Synth 8-6858] multi-driven net Q is connected to at least one constant driver which has been preserved, other driver is ignored [/home/vanloi/Documents/Loi_study/DATN/vivado_LSTM/LSTM_accelerator/LSTM_accelerator.srcs/sources_1/new/calculate_weights_input.sv:53]
CRITICAL WARNING: [Synth 8-6858] multi-driven net Q is connected to at least one constant driver which has been preserved, other driver is ignored [/home/vanloi/Documents/Loi_study/DATN/vivado_LSTM/LSTM_accelerator/LSTM_accelerator.srcs/sources_1/new/calculate_weights_input.sv:53]
CRITICAL WARNING: [Synth 8-6858] multi-driven net Q is connected to at least one constant driver which has been preserved, other driver is ignored [/home/vanloi/Documents/Loi_study/DATN/vivado_LSTM/LSTM_accelerator/LSTM_accelerator.srcs/sources_1/new/calculate_weights_input.sv:53]
CRITICAL WARNING: [Synth 8-6858] multi-driven net Q is connected to at least one constant driver which has been preserved, other driver is ignored [/home/vanloi/Documents/Loi_study/DATN/vivado_LSTM/LSTM_accelerator/LSTM_accelerator.srcs/sources_1/new/calculate_weights_input.sv:53]
CRITICAL WARNING: [Synth 8-6858] multi-driven net Q is connected to at least one constant driver which has been preserved, other driver is ignored [/home/vanloi/Documents/Loi_study/DATN/vivado_LSTM/LSTM_accelerator/LSTM_accelerator.srcs/sources_1/new/calculate_weights_input.sv:53]
CRITICAL WARNING: [Synth 8-6858] multi-driven net Q is connected to at least one constant driver which has been preserved, other driver is ignored [/home/vanloi/Documents/Loi_study/DATN/vivado_LSTM/LSTM_accelerator/LSTM_accelerator.srcs/sources_1/new/calculate_weights_input.sv:53]
CRITICAL WARNING: [Synth 8-6858] multi-driven net Q is connected to at least one constant driver which has been preserved, other driver is ignored [/home/vanloi/Documents/Loi_study/DATN/vivado_LSTM/LSTM_accelerator/LSTM_accelerator.srcs/sources_1/new/calculate_weights_input.sv:53]
CRITICAL WARNING: [Synth 8-6858] multi-driven net Q is connected to at least one constant driver which has been preserved, other driver is ignored [/home/vanloi/Documents/Loi_study/DATN/vivado_LSTM/LSTM_accelerator/LSTM_accelerator.srcs/sources_1/new/calculate_weights_input.sv:53]
CRITICAL WARNING: [Synth 8-6858] multi-driven net Q is connected to at least one constant driver which has been preserved, other driver is ignored [/home/vanloi/Documents/Loi_study/DATN/vivado_LSTM/LSTM_accelerator/LSTM_accelerator.srcs/sources_1/new/calculate_weights_input.sv:53]
CRITICAL WARNING: [Synth 8-6858] multi-driven net Q is connected to at least one constant driver which has been preserved, other driver is ignored [/home/vanloi/Documents/Loi_study/DATN/vivado_LSTM/LSTM_accelerator/LSTM_accelerator.srcs/sources_1/new/calculate_weights_input.sv:53]
CRITICAL WARNING: [Synth 8-6858] multi-driven net Q is connected to at least one constant driver which has been preserved, other driver is ignored [/home/vanloi/Documents/Loi_study/DATN/vivado_LSTM/LSTM_accelerator/LSTM_accelerator.srcs/sources_1/new/calculate_weights_input.sv:53]
CRITICAL WARNING: [Synth 8-6858] multi-driven net Q is connected to at least one constant driver which has been preserved, other driver is ignored [/home/vanloi/Documents/Loi_study/DATN/vivado_LSTM/LSTM_accelerator/LSTM_accelerator.srcs/sources_1/new/calculate_weights_input.sv:53]
CRITICAL WARNING: [Synth 8-6858] multi-driven net Q is connected to at least one constant driver which has been preserved, other driver is ignored [/home/vanloi/Documents/Loi_study/DATN/vivado_LSTM/LSTM_accelerator/LSTM_accelerator.srcs/sources_1/new/calculate_weights_input.sv:53]
CRITICAL WARNING: [Synth 8-6858] multi-driven net Q is connected to at least one constant driver which has been preserved, other driver is ignored [/home/vanloi/Documents/Loi_study/DATN/vivado_LSTM/LSTM_accelerator/LSTM_accelerator.srcs/sources_1/new/calculate_weights_input.sv:53]
CRITICAL WARNING: [Synth 8-6858] multi-driven net Q is connected to at least one constant driver which has been preserved, other driver is ignored [/home/vanloi/Documents/Loi_study/DATN/vivado_LSTM/LSTM_accelerator/LSTM_accelerator.srcs/sources_1/new/calculate_weights_input.sv:53]
CRITICAL WARNING: [Synth 8-6858] multi-driven net Q is connected to at least one constant driver which has been preserved, other driver is ignored [/home/vanloi/Documents/Loi_study/DATN/vivado_LSTM/LSTM_accelerator/LSTM_accelerator.srcs/sources_1/new/calculate_weights_input.sv:54]
CRITICAL WARNING: [Synth 8-6858] multi-driven net Q is connected to at least one constant driver which has been preserved, other driver is ignored [/home/vanloi/Documents/Loi_study/DATN/vivado_LSTM/LSTM_accelerator/LSTM_accelerator.srcs/sources_1/new/calculate_weights_input.sv:54]
CRITICAL WARNING: [Synth 8-6858] multi-driven net Q is connected to at least one constant driver which has been preserved, other driver is ignored [/home/vanloi/Documents/Loi_study/DATN/vivado_LSTM/LSTM_accelerator/LSTM_accelerator.srcs/sources_1/new/calculate_weights_input.sv:54]
CRITICAL WARNING: [Synth 8-6858] multi-driven net Q is connected to at least one constant driver which has been preserved, other driver is ignored [/home/vanloi/Documents/Loi_study/DATN/vivado_LSTM/LSTM_accelerator/LSTM_accelerator.srcs/sources_1/new/calculate_weights_input.sv:54]
CRITICAL WARNING: [Synth 8-6858] multi-driven net Q is connected to at least one constant driver which has been preserved, other driver is ignored [/home/vanloi/Documents/Loi_study/DATN/vivado_LSTM/LSTM_accelerator/LSTM_accelerator.srcs/sources_1/new/calculate_weights_input.sv:54]
CRITICAL WARNING: [Synth 8-6858] multi-driven net Q is connected to at least one constant driver which has been preserved, other driver is ignored [/home/vanloi/Documents/Loi_study/DATN/vivado_LSTM/LSTM_accelerator/LSTM_accelerator.srcs/sources_1/new/calculate_weights_input.sv:54]
CRITICAL WARNING: [Synth 8-6858] multi-driven net Q is connected to at least one constant driver which has been preserved, other driver is ignored [/home/vanloi/Documents/Loi_study/DATN/vivado_LSTM/LSTM_accelerator/LSTM_accelerator.srcs/sources_1/new/calculate_weights_input.sv:54]
CRITICAL WARNING: [Synth 8-6858] multi-driven net Q is connected to at least one constant driver which has been preserved, other driver is ignored [/home/vanloi/Documents/Loi_study/DATN/vivado_LSTM/LSTM_accelerator/LSTM_accelerator.srcs/sources_1/new/calculate_weights_input.sv:54]
CRITICAL WARNING: [Synth 8-6858] multi-driven net Q is connected to at least one constant driver which has been preserved, other driver is ignored [/home/vanloi/Documents/Loi_study/DATN/vivado_LSTM/LSTM_accelerator/LSTM_accelerator.srcs/sources_1/new/calculate_weights_input.sv:54]
CRITICAL WARNING: [Synth 8-6858] multi-driven net Q is connected to at least one constant driver which has been preserved, other driver is ignored [/home/vanloi/Documents/Loi_study/DATN/vivado_LSTM/LSTM_accelerator/LSTM_accelerator.srcs/sources_1/new/calculate_weights_input.sv:54]
CRITICAL WARNING: [Synth 8-6858] multi-driven net Q is connected to at least one constant driver which has been preserved, other driver is ignored [/home/vanloi/Documents/Loi_study/DATN/vivado_LSTM/LSTM_accelerator/LSTM_accelerator.srcs/sources_1/new/calculate_weights_input.sv:54]
CRITICAL WARNING: [Synth 8-6858] multi-driven net Q is connected to at least one constant driver which has been preserved, other driver is ignored [/home/vanloi/Documents/Loi_study/DATN/vivado_LSTM/LSTM_accelerator/LSTM_accelerator.srcs/sources_1/new/calculate_weights_input.sv:54]
CRITICAL WARNING: [Synth 8-6858] multi-driven net Q is connected to at least one constant driver which has been preserved, other driver is ignored [/home/vanloi/Documents/Loi_study/DATN/vivado_LSTM/LSTM_accelerator/LSTM_accelerator.srcs/sources_1/new/calculate_weights_input.sv:54]
CRITICAL WARNING: [Synth 8-6858] multi-driven net Q is connected to at least one constant driver which has been preserved, other driver is ignored [/home/vanloi/Documents/Loi_study/DATN/vivado_LSTM/LSTM_accelerator/LSTM_accelerator.srcs/sources_1/new/calculate_weights_input.sv:54]
CRITICAL WARNING: [Synth 8-6858] multi-driven net Q is connected to at least one constant driver which has been preserved, other driver is ignored [/home/vanloi/Documents/Loi_study/DATN/vivado_LSTM/LSTM_accelerator/LSTM_accelerator.srcs/sources_1/new/calculate_weights_input.sv:54]
CRITICAL WARNING: [Synth 8-6858] multi-driven net Q is connected to at least one constant driver which has been preserved, other driver is ignored [/home/vanloi/Documents/Loi_study/DATN/vivado_LSTM/LSTM_accelerator/LSTM_accelerator.srcs/sources_1/new/calculate_weights_input.sv:54]
CRITICAL WARNING: [Synth 8-6858] multi-driven net Q is connected to at least one constant driver which has been preserved, other driver is ignored [/home/vanloi/Documents/Loi_study/DATN/vivado_LSTM/LSTM_accelerator/LSTM_accelerator.srcs/sources_1/new/calculate_weights_input.sv:54]
CRITICAL WARNING: [Synth 8-6858] multi-driven net Q is connected to at least one constant driver which has been preserved, other driver is ignored [/home/vanloi/Documents/Loi_study/DATN/vivado_LSTM/LSTM_accelerator/LSTM_accelerator.srcs/sources_1/new/calculate_weights_input.sv:54]
CRITICAL WARNING: [Synth 8-6858] multi-driven net Q is connected to at least one constant driver which has been preserved, other driver is ignored [/home/vanloi/Documents/Loi_study/DATN/vivado_LSTM/LSTM_accelerator/LSTM_accelerator.srcs/sources_1/new/calculate_weights_input.sv:54]
CRITICAL WARNING: [Synth 8-6858] multi-driven net Q is connected to at least one constant driver which has been preserved, other driver is ignored [/home/vanloi/Documents/Loi_study/DATN/vivado_LSTM/LSTM_accelerator/LSTM_accelerator.srcs/sources_1/new/calculate_weights_input.sv:54]
CRITICAL WARNING: [Synth 8-6858] multi-driven net Q is connected to at least one constant driver which has been preserved, other driver is ignored [/home/vanloi/Documents/Loi_study/DATN/vivado_LSTM/LSTM_accelerator/LSTM_accelerator.srcs/sources_1/new/calculate_weights_input.sv:54]
CRITICAL WARNING: [Synth 8-6858] multi-driven net Q is connected to at least one constant driver which has been preserved, other driver is ignored [/home/vanloi/Documents/Loi_study/DATN/vivado_LSTM/LSTM_accelerator/LSTM_accelerator.srcs/sources_1/new/calculate_weights_input.sv:54]
CRITICAL WARNING: [Synth 8-6858] multi-driven net Q is connected to at least one constant driver which has been preserved, other driver is ignored [/home/vanloi/Documents/Loi_study/DATN/vivado_LSTM/LSTM_accelerator/LSTM_accelerator.srcs/sources_1/new/calculate_weights_input.sv:54]
CRITICAL WARNING: [Synth 8-6858] multi-driven net Q is connected to at least one constant driver which has been preserved, other driver is ignored [/home/vanloi/Documents/Loi_study/DATN/vivado_LSTM/LSTM_accelerator/LSTM_accelerator.srcs/sources_1/new/calculate_weights_input.sv:54]
CRITICAL WARNING: [Synth 8-6858] multi-driven net Q is connected to at least one constant driver which has been preserved, other driver is ignored [/home/vanloi/Documents/Loi_study/DATN/vivado_LSTM/LSTM_accelerator/LSTM_accelerator.srcs/sources_1/new/calculate_weights_input.sv:54]
CRITICAL WARNING: [Synth 8-6858] multi-driven net Q is connected to at least one constant driver which has been preserved, other driver is ignored [/home/vanloi/Documents/Loi_study/DATN/vivado_LSTM/LSTM_accelerator/LSTM_accelerator.srcs/sources_1/new/calculate_weights_input.sv:54]
CRITICAL WARNING: [Synth 8-6858] multi-driven net Q is connected to at least one constant driver which has been preserved, other driver is ignored [/home/vanloi/Documents/Loi_study/DATN/vivado_LSTM/LSTM_accelerator/LSTM_accelerator.srcs/sources_1/new/calculate_weights_input.sv:54]
CRITICAL WARNING: [Synth 8-6858] multi-driven net Q is connected to at least one constant driver which has been preserved, other driver is ignored [/home/vanloi/Documents/Loi_study/DATN/vivado_LSTM/LSTM_accelerator/LSTM_accelerator.srcs/sources_1/new/calculate_weights_input.sv:54]
CRITICAL WARNING: [Synth 8-6858] multi-driven net Q is connected to at least one constant driver which has been preserved, other driver is ignored [/home/vanloi/Documents/Loi_study/DATN/vivado_LSTM/LSTM_accelerator/LSTM_accelerator.srcs/sources_1/new/calculate_weights_input.sv:54]
CRITICAL WARNING: [Synth 8-6858] multi-driven net Q is connected to at least one constant driver which has been preserved, other driver is ignored [/home/vanloi/Documents/Loi_study/DATN/vivado_LSTM/LSTM_accelerator/LSTM_accelerator.srcs/sources_1/new/calculate_weights_input.sv:54]
CRITICAL WARNING: [Synth 8-6858] multi-driven net Q is connected to at least one constant driver which has been preserved, other driver is ignored [/home/vanloi/Documents/Loi_study/DATN/vivado_LSTM/LSTM_accelerator/LSTM_accelerator.srcs/sources_1/new/calculate_weights_input.sv:54]
CRITICAL WARNING: [Synth 8-6858] multi-driven net Q is connected to at least one constant driver which has been preserved, other driver is ignored [/home/vanloi/Documents/Loi_study/DATN/vivado_LSTM/LSTM_accelerator/LSTM_accelerator.srcs/sources_1/new/calculate_weights_input.sv:54]
CRITICAL WARNING: [Synth 8-6858] multi-driven net Q is connected to at least one constant driver which has been preserved, other driver is ignored [/home/vanloi/Documents/Loi_study/DATN/vivado_LSTM/LSTM_accelerator/LSTM_accelerator.srcs/sources_1/new/calculate_weights_input.sv:55]
CRITICAL WARNING: [Synth 8-6858] multi-driven net Q is connected to at least one constant driver which has been preserved, other driver is ignored [/home/vanloi/Documents/Loi_study/DATN/vivado_LSTM/LSTM_accelerator/LSTM_accelerator.srcs/sources_1/new/calculate_weights_input.sv:55]
INFO: [Common 17-14] Message 'Synth 8-6858' appears 100 times and further instances of the messages will be disabled. Use the Tcl command set_msg_config to change the current settings.
---------------------------------------------------------------------------------
Finished Cross Boundary and Area Optimization : Time (s): cpu = 00:00:49 ; elapsed = 00:00:48 . Memory (MB): peak = 2076.016 ; gain = 737.320 ; free physical = 454 ; free virtual = 9083
---------------------------------------------------------------------------------
No constraint files found.
---------------------------------------------------------------------------------
Start Timing Optimization
---------------------------------------------------------------------------------
---------------------------------------------------------------------------------
Finished Timing Optimization : Time (s): cpu = 00:00:49 ; elapsed = 00:00:48 . Memory (MB): peak = 2076.016 ; gain = 737.320 ; free physical = 477 ; free virtual = 9078
---------------------------------------------------------------------------------
---------------------------------------------------------------------------------
Start Technology Mapping
---------------------------------------------------------------------------------
INFO: [Synth 8-5966] Removing register instance (\layer1/last_timestep_reg ) from module (operation_controller) as it has self-loop and (\layer1/last_timestep_reg__0 ) is actual driver [/home/vanloi/Documents/Loi_study/DATN/vivado_LSTM/LSTM_accelerator/LSTM_accelerator.srcs/sources_1/new/lstm_layer.sv:141]
---------------------------------------------------------------------------------
Finished Technology Mapping : Time (s): cpu = 00:00:49 ; elapsed = 00:00:48 . Memory (MB): peak = 2076.016 ; gain = 737.320 ; free physical = 477 ; free virtual = 9078
---------------------------------------------------------------------------------
---------------------------------------------------------------------------------
Start IO Insertion
---------------------------------------------------------------------------------
---------------------------------------------------------------------------------
Start Flattening Before IO Insertion
---------------------------------------------------------------------------------
---------------------------------------------------------------------------------
Finished Flattening Before IO Insertion
---------------------------------------------------------------------------------
---------------------------------------------------------------------------------
Start Final Netlist Cleanup
---------------------------------------------------------------------------------
---------------------------------------------------------------------------------
Finished Final Netlist Cleanup
---------------------------------------------------------------------------------
---------------------------------------------------------------------------------
Finished IO Insertion : Time (s): cpu = 00:00:51 ; elapsed = 00:00:50 . Memory (MB): peak = 2076.016 ; gain = 737.320 ; free physical = 467 ; free virtual = 9096
---------------------------------------------------------------------------------
---------------------------------------------------------------------------------
Start Renaming Generated Instances
---------------------------------------------------------------------------------
---------------------------------------------------------------------------------
Finished Renaming Generated Instances : Time (s): cpu = 00:00:51 ; elapsed = 00:00:50 . Memory (MB): peak = 2076.016 ; gain = 737.320 ; free physical = 467 ; free virtual = 9096
---------------------------------------------------------------------------------
---------------------------------------------------------------------------------
Start Rebuilding User Hierarchy
---------------------------------------------------------------------------------
---------------------------------------------------------------------------------
Finished Rebuilding User Hierarchy : Time (s): cpu = 00:00:51 ; elapsed = 00:00:50 . Memory (MB): peak = 2076.016 ; gain = 737.320 ; free physical = 467 ; free virtual = 9096
---------------------------------------------------------------------------------
---------------------------------------------------------------------------------
Start Renaming Generated Ports
---------------------------------------------------------------------------------
---------------------------------------------------------------------------------
Finished Renaming Generated Ports : Time (s): cpu = 00:00:51 ; elapsed = 00:00:50 . Memory (MB): peak = 2076.016 ; gain = 737.320 ; free physical = 467 ; free virtual = 9096
---------------------------------------------------------------------------------
---------------------------------------------------------------------------------
Start Handling Custom Attributes
---------------------------------------------------------------------------------
---------------------------------------------------------------------------------
Finished Handling Custom Attributes : Time (s): cpu = 00:00:51 ; elapsed = 00:00:50 . Memory (MB): peak = 2076.016 ; gain = 737.320 ; free physical = 467 ; free virtual = 9096
---------------------------------------------------------------------------------
---------------------------------------------------------------------------------
Start Renaming Generated Nets
---------------------------------------------------------------------------------
---------------------------------------------------------------------------------
Finished Renaming Generated Nets : Time (s): cpu = 00:00:51 ; elapsed = 00:00:50 . Memory (MB): peak = 2076.016 ; gain = 737.320 ; free physical = 467 ; free virtual = 9096
---------------------------------------------------------------------------------
---------------------------------------------------------------------------------
Start Writing Synthesis Report
---------------------------------------------------------------------------------

Report BlackBoxes: 
+-+--------------+----------+
| |BlackBox name |Instances |
+-+--------------+----------+
+-+--------------+----------+

Report Cell Usage: 
+------+-----+------+
|      |Cell |Count |
+------+-----+------+
|1     |BUFG |     1|
|2     |LUT1 |     3|
|3     |LUT2 |     2|
|4     |LUT3 |     5|
|5     |LUT4 |     2|
|6     |LUT5 |     4|
|7     |LUT6 |     2|
|8     |FDCE |     1|
|9     |FDPE |     1|
|10    |FDRE |    10|
|11    |FDSE |     2|
|12    |IBUF |     3|
|13    |OBUF |     1|
+------+-----+------+

Report Instance Areas: 
+------+---------+--------------------------+------+
|      |Instance |Module                    |Cells |
+------+---------+--------------------------+------+
|1     |top      |                          |    37|
|2     |  layer1 |lstm_layer                |    32|
|3     |    u1   |LSTM_Unit                 |    15|
|4     |    u2   |LSTM_Unit__parameterized0 |    12|
+------+---------+--------------------------+------+
---------------------------------------------------------------------------------
Finished Writing Synthesis Report : Time (s): cpu = 00:00:51 ; elapsed = 00:00:50 . Memory (MB): peak = 2076.016 ; gain = 737.320 ; free physical = 467 ; free virtual = 9096
---------------------------------------------------------------------------------
Synthesis finished with 0 errors, 1101 critical warnings and 4 warnings.
Synthesis Optimization Runtime : Time (s): cpu = 00:00:51 ; elapsed = 00:00:50 . Memory (MB): peak = 2076.016 ; gain = 737.320 ; free physical = 467 ; free virtual = 9095
Synthesis Optimization Complete : Time (s): cpu = 00:00:51 ; elapsed = 00:00:50 . Memory (MB): peak = 2076.023 ; gain = 737.320 ; free physical = 467 ; free virtual = 9095
INFO: [Project 1-571] Translating synthesized netlist
Netlist sorting complete. Time (s): cpu = 00:00:00 ; elapsed = 00:00:00 . Memory (MB): peak = 2076.023 ; gain = 0.000 ; free physical = 748 ; free virtual = 9377
INFO: [Project 1-570] Preparing netlist for logic optimization
INFO: [Opt 31-138] Pushed 0 inverter(s) to 0 load pin(s).
Netlist sorting complete. Time (s): cpu = 00:00:00 ; elapsed = 00:00:00 . Memory (MB): peak = 2132.043 ; gain = 0.000 ; free physical = 749 ; free virtual = 9378
INFO: [Project 1-111] Unisim Transformation Summary:
No Unisim elements were transformed.

Synth Design complete | Checksum: 2b9fccce
INFO: [Common 17-83] Releasing license: Synthesis
41 Infos, 4 Warnings, 200 Critical Warnings and 0 Errors encountered.
synth_design completed successfully
synth_design: Time (s): cpu = 00:00:54 ; elapsed = 00:00:51 . Memory (MB): peak = 2132.043 ; gain = 793.348 ; free physical = 748 ; free virtual = 9377
INFO: [Common 17-2834] synth_design peak Physical Memory [PSS] (MB): overall = 1723.188; main = 1401.571; forked = 374.824
INFO: [Common 17-2834] synth_design peak Virtual Memory [VSS] (MB): overall = 3062.559; main = 2132.047; forked = 986.539
INFO: [runtcl-6] Synthesis results are not added to the cache due to CRITICAL_WARNING
INFO: [Common 17-1381] The checkpoint '/home/vanloi/Documents/Loi_study/DATN/vivado_LSTM/LSTM_accelerator/LSTM_accelerator.runs/synth_1/operation_controller.dcp' has been generated.
INFO: [runtcl-4] Executing : report_utilization -file operation_controller_utilization_synth.rpt -pb operation_controller_utilization_synth.pb
INFO: [Common 17-206] Exiting Vivado at Sat Mar 30 10:05:27 2024...
