Vivado Simulator v2023.1
Copyright 1986-2022 Xilinx, Inc. All Rights Reserved.
Copyright 2022-2023 Advanced Micro Devices, Inc. All Rights Reserved.
Running: /home/vanloi/Documents/Loi_study/Vivado/Vivado/2023.1/bin/unwrapped/lnx64.o/xelab --incr --debug typical --relax --mt 8 -L xil_defaultlib -L uvm -L unisims_ver -L unimacro_ver -L secureip --snapshot tb_LSTM_unit_behav xil_defaultlib.tb_LSTM_unit xil_defaultlib.glbl -log elaborate.log 
Using 8 slave threads.
Starting static elaboration
Pass Through NonSizing Optimizer
Completed static elaboration
Starting simulation data flow analysis
Completed simulation data flow analysis
Time Resolution for simulation is 1ps
Compiling module xil_defaultlib.calculate_weights_input
Compiling module xil_defaultlib.sigmoid
Compiling module xil_defaultlib.tanh
Compiling module xil_defaultlib.calculate_recurrent
Compiling module xil_defaultlib.tanh_16b
Compiling module xil_defaultlib.calculate_cell
Compiling module xil_defaultlib.calculate_output
Compiling module xil_defaultlib.LSTM_Unit
Compiling module xil_defaultlib.tb_LSTM_unit
Compiling module xil_defaultlib.glbl
Built simulation snapshot tb_LSTM_unit_behav
